[ 2016-06-05T19:53:52+08:00 ] 127.0.0.1 /
INFO: [ app_init ] --START--
INFO: Run Behavior\BuildLiteBehavior [ RunTime:0.000000s ]
INFO: [ app_init ] --END-- [ RunTime:0.002000s ]
INFO: [ app_begin ] --START--
INFO: Run Behavior\ReadHtmlCacheBehavior [ RunTime:0.001000s ]
INFO: [ app_begin ] --END-- [ RunTime:0.001000s ]
INFO: [ view_parse ] --START--
INFO: [ template_filter ] --START--
INFO: Run Behavior\ContentReplaceBehavior [ RunTime:0.000000s ]
INFO: [ template_filter ] --END-- [ RunTime:0.001000s ]
NOTIC: [8] Undefined variable: catData D:\xampp\htdocs\www.39.com\Application\Runtime\Cache\Home\2a94b8bda04ff446dcedd42276fc99ee.php 第 146 行.
NOTIC: [2] Invalid argument supplied for foreach() D:\xampp\htdocs\www.39.com\Application\Runtime\Cache\Home\2a94b8bda04ff446dcedd42276fc99ee.php 第 146 行.
NOTIC: [8] Undefined variable: goods1 D:\xampp\htdocs\www.39.com\Application\Runtime\Cache\Home\2a94b8bda04ff446dcedd42276fc99ee.php 第 332 行.
NOTIC: [2] Invalid argument supplied for foreach() D:\xampp\htdocs\www.39.com\Application\Runtime\Cache\Home\2a94b8bda04ff446dcedd42276fc99ee.php 第 332 行.
NOTIC: [8] Undefined variable: goods3 D:\xampp\htdocs\www.39.com\Application\Runtime\Cache\Home\2a94b8bda04ff446dcedd42276fc99ee.php 第 348 行.
NOTIC: [2] Invalid argument supplied for foreach() D:\xampp\htdocs\www.39.com\Application\Runtime\Cache\Home\2a94b8bda04ff446dcedd42276fc99ee.php 第 348 行.
NOTIC: [8] Undefined variable: goods4 D:\xampp\htdocs\www.39.com\Application\Runtime\Cache\Home\2a94b8bda04ff446dcedd42276fc99ee.php 第 364 行.
NOTIC: [2] Invalid argument supplied for foreach() D:\xampp\htdocs\www.39.com\Application\Runtime\Cache\Home\2a94b8bda04ff446dcedd42276fc99ee.php 第 364 行.
NOTIC: [8] Undefined variable: goods2 D:\xampp\htdocs\www.39.com\Application\Runtime\Cache\Home\2a94b8bda04ff446dcedd42276fc99ee.php 第 380 行.
NOTIC: [2] Invalid argument supplied for foreach() D:\xampp\htdocs\www.39.com\Application\Runtime\Cache\Home\2a94b8bda04ff446dcedd42276fc99ee.php 第 380 行.
NOTIC: [8] Undefined variable: floorData D:\xampp\htdocs\www.39.com\Application\Runtime\Cache\Home\2a94b8bda04ff446dcedd42276fc99ee.php 第 452 行.
NOTIC: [2] Invalid argument supplied for foreach() D:\xampp\htdocs\www.39.com\Application\Runtime\Cache\Home\2a94b8bda04ff446dcedd42276fc99ee.php 第 452 行.
INFO: Run Behavior\ParseTemplateBehavior [ RunTime:1.163067s ]
INFO: [ view_parse ] --END-- [ RunTime:1.163067s ]
INFO: [ view_filter ] --START--
INFO: Run Behavior\WriteHtmlCacheBehavior [ RunTime:0.001000s ]
INFO: [ view_filter ] --END-- [ RunTime:0.001000s ]
INFO: [ app_end ] --START--
INFO: Run Behavior\ShowPageTraceBehavior [ RunTime:0.002000s ]
INFO: [ app_end ] --END-- [ RunTime:0.002000s ]

[ 2016-06-05T19:53:55+08:00 ] 127.0.0.1 /
INFO: [ app_init ] --START--
INFO: Run Behavior\BuildLiteBehavior [ RunTime:0.000000s ]
INFO: [ app_init ] --END-- [ RunTime:0.001000s ]
INFO: [ app_begin ] --START--
INFO: Run Behavior\ReadHtmlCacheBehavior [ RunTime:0.001000s ]
INFO: [ app_begin ] --END-- [ RunTime:0.002000s ]
INFO: [ view_parse ] --START--
INFO: [ template_filter ] --START--
INFO: Run Behavior\ContentReplaceBehavior [ RunTime:0.001000s ]
INFO: [ template_filter ] --END-- [ RunTime:0.001000s ]
NOTIC: [8] Undefined variable: catData D:\xampp\htdocs\www.39.com\Application\Runtime\Cache\Home\2a94b8bda04ff446dcedd42276fc99ee.php 第 146 行.
NOTIC: [2] Invalid argument supplied for foreach() D:\xampp\htdocs\www.39.com\Application\Runtime\Cache\Home\2a94b8bda04ff446dcedd42276fc99ee.php 第 146 行.
NOTIC: [8] Undefined variable: goods1 D:\xampp\htdocs\www.39.com\Application\Runtime\Cache\Home\2a94b8bda04ff446dcedd42276fc99ee.php 第 332 行.
NOTIC: [2] Invalid argument supplied for foreach() D:\xampp\htdocs\www.39.com\Application\Runtime\Cache\Home\2a94b8bda04ff446dcedd42276fc99ee.php 第 332 行.
NOTIC: [8] Undefined variable: goods3 D:\xampp\htdocs\www.39.com\Application\Runtime\Cache\Home\2a94b8bda04ff446dcedd42276fc99ee.php 第 348 行.
NOTIC: [2] Invalid argument supplied for foreach() D:\xampp\htdocs\www.39.com\Application\Runtime\Cache\Home\2a94b8bda04ff446dcedd42276fc99ee.php 第 348 行.
NOTIC: [8] Undefined variable: goods4 D:\xampp\htdocs\www.39.com\Application\Runtime\Cache\Home\2a94b8bda04ff446dcedd42276fc99ee.php 第 364 行.
NOTIC: [2] Invalid argument supplied for foreach() D:\xampp\htdocs\www.39.com\Application\Runtime\Cache\Home\2a94b8bda04ff446dcedd42276fc99ee.php 第 364 行.
NOTIC: [8] Undefined variable: goods2 D:\xampp\htdocs\www.39.com\Application\Runtime\Cache\Home\2a94b8bda04ff446dcedd42276fc99ee.php 第 380 行.
NOTIC: [2] Invalid argument supplied for foreach() D:\xampp\htdocs\www.39.com\Application\Runtime\Cache\Home\2a94b8bda04ff446dcedd42276fc99ee.php 第 380 行.
NOTIC: [8] Undefined variable: floorData D:\xampp\htdocs\www.39.com\Application\Runtime\Cache\Home\2a94b8bda04ff446dcedd42276fc99ee.php 第 452 行.
NOTIC: [2] Invalid argument supplied for foreach() D:\xampp\htdocs\www.39.com\Application\Runtime\Cache\Home\2a94b8bda04ff446dcedd42276fc99ee.php 第 452 行.
INFO: Run Behavior\ParseTemplateBehavior [ RunTime:0.028002s ]
INFO: [ view_parse ] --END-- [ RunTime:0.028002s ]
INFO: [ view_filter ] --START--
INFO: Run Behavior\WriteHtmlCacheBehavior [ RunTime:0.001000s ]
INFO: [ view_filter ] --END-- [ RunTime:0.001000s ]
INFO: [ app_end ] --START--
INFO: Run Behavior\ShowPageTraceBehavior [ RunTime:0.001000s ]
INFO: [ app_end ] --END-- [ RunTime:0.001000s ]

