[ 2016-07-02T13:12:34+08:00 ] ::1 /RNA/index.php/Home/Index/Colon/index
ERR: 非法操作:Colon

[ 2016-07-02T13:15:21+08:00 ] ::1 /RNA/index.php/Home/Index/Colon/index
ERR: 非法操作:Colon

[ 2016-07-02T13:15:23+08:00 ] ::1 /RNA/index.php/Home/Index/__GROUP__/Goods/goodsList
ERR: 非法操作:__GROUP__

[ 2016-07-02T13:15:24+08:00 ] ::1 /RNA/index.php/Home/Index/__GROUP__/Order/orderList
ERR: 非法操作:__GROUP__

[ 2016-07-02T13:15:25+08:00 ] ::1 /RNA/index.php/Home/Index/__GROUP__/Goods/goodsList
ERR: 非法操作:__GROUP__

[ 2016-07-02T13:15:25+08:00 ] ::1 /RNA/index.php/Home/Index/Colon/index
ERR: 非法操作:Colon

[ 2016-07-02T13:15:26+08:00 ] ::1 /RNA/index.php/Home/Index/__GROUP__/Goods/goodsList
ERR: 非法操作:__GROUP__

[ 2016-07-02T13:15:26+08:00 ] ::1 /RNA/index.php/Home/Index/__GROUP__/Order/orderList
ERR: 非法操作:__GROUP__

[ 2016-07-02T13:15:30+08:00 ] ::1 /RNA/index.php/Home/Index/Colon/index
ERR: 非法操作:Colon

[ 2016-07-02T13:15:36+08:00 ] ::1 /RNA/index.php/Home/Index/Colon/index
ERR: 非法操作:Colon

[ 2016-07-02T13:15:37+08:00 ] ::1 /RNA/index.php/Home/Index/Colon/index
ERR: 非法操作:Colon

[ 2016-07-02T13:15:38+08:00 ] ::1 /RNA/index.php/Home/Index/Colon/index
ERR: 非法操作:Colon

[ 2016-07-02T13:17:39+08:00 ] ::1 /RNA/index.php/Home/Index/Colon/index
ERR: 非法操作:Colon

[ 2016-07-02T13:18:05+08:00 ] ::1 /RNA/index.php/Home/Index/Colon/index
ERR: 非法操作:Colon

[ 2016-07-02T13:18:59+08:00 ] ::1 /RNA/index.php/Home/Index/Colon/index
ERR: 非法操作:Colon

[ 2016-07-02T13:24:14+08:00 ] ::1 /RNA/index.php/Home/Index/Colon/index
ERR: 非法操作:Colon

[ 2016-07-02T13:27:12+08:00 ] ::1 /RNA/index.php/Home/Index/Colon/index
ERR: 非法操作:Colon

[ 2016-07-02T16:07:48+08:00 ] ::1 /RNA/index.php/Home/Index/Colon/index.html
ERR: 非法操作:Colon

[ 2016-07-02T16:08:48+08:00 ] ::1 /RNA/index.php/Home/Index/Colon/index.html
ERR: 非法操作:Colon

[ 2016-07-02T16:08:49+08:00 ] ::1 /RNA/index.php/Home/Index/Colon/index
ERR: 非法操作:Colon

[ 2016-07-02T16:08:51+08:00 ] ::1 /RNA/index.php/Home/Index/Colon/index
ERR: 非法操作:Colon

[ 2016-07-02T16:08:53+08:00 ] ::1 /RNA/index.php/Home/Index/Colon/index
ERR: 非法操作:Colon

[ 2016-07-02T16:08:53+08:00 ] ::1 /RNA/index.php/Home/Index/Colon/index
ERR: 非法操作:Colon

[ 2016-07-02T16:08:54+08:00 ] ::1 /RNA/index.php/Home/Index/Colon/index
ERR: 非法操作:Colon

[ 2016-07-02T16:08:55+08:00 ] ::1 /RNA/index.php/Home/Index/Colon/index
ERR: 非法操作:Colon

[ 2016-07-02T16:08:55+08:00 ] ::1 /RNA/index.php/Home/Index/Colon/index
ERR: 非法操作:Colon

[ 2016-07-02T16:08:56+08:00 ] ::1 /RNA/index.php/Home/Index/Colon/index
ERR: 非法操作:Colon

[ 2016-07-02T16:08:57+08:00 ] ::1 /RNA/index.php/Home/Index/Colon/index
ERR: 非法操作:Colon

[ 2016-07-02T16:09:37+08:00 ] ::1 /RNA/index.php/Home/Index/Colon/index.html
ERR: 非法操作:Colon

[ 2016-07-02T16:10:01+08:00 ] ::1 /RNA/index.php/Home/Index/Colon/index.html
ERR: 非法操作:Colon

[ 2016-07-02T16:10:04+08:00 ] ::1 /RNA/index.php/Home/Index/Colon/index
ERR: 非法操作:Colon

[ 2016-07-02T16:10:04+08:00 ] ::1 /RNA/index.php/Home/Index/Colon/index
ERR: 非法操作:Colon

[ 2016-07-02T16:10:24+08:00 ] ::1 /RNA/index.php/Home/Index/Colon/index.html
ERR: 非法操作:Colon

[ 2016-07-02T16:13:52+08:00 ] ::1 /RNA/index.php/Home/Index/Colon/index.html
ERR: 非法操作:Colon

[ 2016-07-02T16:16:10+08:00 ] ::1 /RNA/index.php/Home/Index/Js/global.js
ERR: 非法操作:Js

[ 2016-07-02T16:16:10+08:00 ] ::1 /RNA/index.php/Home/Index/Js/utils.js
ERR: 非法操作:Js

[ 2016-07-02T16:16:10+08:00 ] ::1 /RNA/index.php/Home/Index/Js/transport.js
ERR: 非法操作:Js

[ 2016-07-02T16:16:12+08:00 ] ::1 /RNA/index.php/Home/Brain/lst.html
ERR: 无法加载控制器:Brain

[ 2016-07-02T16:16:33+08:00 ] ::1 /RNA/index.php/Home/Index/Js/global.js
ERR: 非法操作:Js

[ 2016-07-02T16:16:33+08:00 ] ::1 /RNA/index.php/Home/Index/Js/transport.js
ERR: 非法操作:Js

[ 2016-07-02T16:16:33+08:00 ] ::1 /RNA/index.php/Home/Index/Js/utils.js
ERR: 非法操作:Js

[ 2016-07-02T16:18:33+08:00 ] ::1 /RNA/index.php/Home/Index/Js/global.js
ERR: 非法操作:Js

[ 2016-07-02T16:18:33+08:00 ] ::1 /RNA/index.php/Home/Index/Js/transport.js
ERR: 非法操作:Js

[ 2016-07-02T16:18:33+08:00 ] ::1 /RNA/index.php/Home/Index/Js/utils.js
ERR: 非法操作:Js

[ 2016-07-02T16:22:47+08:00 ] ::1 /rna/index.php/Home
ERR: 模板不存在:./Application/Home/View/Index/index.html

[ 2016-07-02T16:43:49+08:00 ] 127.0.0.1 /RNA/index.php/Home/Index/index
ERR: 模板不存在:./Application/Home/View/Index/index.html

