[ 2016-06-13T12:17:03+08:00 ] 127.0.0.1 /index.php/Home/Index/index
INFO: [ app_init ] --START--
INFO: Run Behavior\BuildLiteBehavior [ RunTime:0.000000s ]
INFO: [ app_init ] --END-- [ RunTime:0.070004s ]
INFO: [ app_begin ] --START--
INFO: Run Behavior\ReadHtmlCacheBehavior [ RunTime:0.011001s ]
INFO: [ app_begin ] --END-- [ RunTime:0.011001s ]
SQL: SHOW COLUMNS FROM `p39_category` [ RunTime:0.1260s ]
INFO: [ view_parse ] --START--
INFO: [ template_filter ] --START--
INFO: Run Behavior\ContentReplaceBehavior [ RunTime:0.001000s ]
INFO: [ template_filter ] --END-- [ RunTime:0.001000s ]
NOTIC: [8] Undefined index: children D:\xampp\htdocs\www.39.com\Application\Runtime\Cache\Home\2a94b8bda04ff446dcedd42276fc99ee.php 第 154 行.
NOTIC: [2] Invalid argument supplied for foreach() D:\xampp\htdocs\www.39.com\Application\Runtime\Cache\Home\2a94b8bda04ff446dcedd42276fc99ee.php 第 154 行.
NOTIC: [8] Undefined index: children D:\xampp\htdocs\www.39.com\Application\Runtime\Cache\Home\2a94b8bda04ff446dcedd42276fc99ee.php 第 154 行.
NOTIC: [2] Invalid argument supplied for foreach() D:\xampp\htdocs\www.39.com\Application\Runtime\Cache\Home\2a94b8bda04ff446dcedd42276fc99ee.php 第 154 行.
NOTIC: [8] Undefined index: children D:\xampp\htdocs\www.39.com\Application\Runtime\Cache\Home\2a94b8bda04ff446dcedd42276fc99ee.php 第 154 行.
NOTIC: [2] Invalid argument supplied for foreach() D:\xampp\htdocs\www.39.com\Application\Runtime\Cache\Home\2a94b8bda04ff446dcedd42276fc99ee.php 第 154 行.
NOTIC: [8] Undefined index: children D:\xampp\htdocs\www.39.com\Application\Runtime\Cache\Home\2a94b8bda04ff446dcedd42276fc99ee.php 第 154 行.
NOTIC: [2] Invalid argument supplied for foreach() D:\xampp\htdocs\www.39.com\Application\Runtime\Cache\Home\2a94b8bda04ff446dcedd42276fc99ee.php 第 154 行.
NOTIC: [8] Undefined index: children D:\xampp\htdocs\www.39.com\Application\Runtime\Cache\Home\2a94b8bda04ff446dcedd42276fc99ee.php 第 150 行.
NOTIC: [2] Invalid argument supplied for foreach() D:\xampp\htdocs\www.39.com\Application\Runtime\Cache\Home\2a94b8bda04ff446dcedd42276fc99ee.php 第 150 行.
NOTIC: [8] Undefined index: children D:\xampp\htdocs\www.39.com\Application\Runtime\Cache\Home\2a94b8bda04ff446dcedd42276fc99ee.php 第 150 行.
NOTIC: [2] Invalid argument supplied for foreach() D:\xampp\htdocs\www.39.com\Application\Runtime\Cache\Home\2a94b8bda04ff446dcedd42276fc99ee.php 第 150 行.
NOTIC: [8] Undefined index: children D:\xampp\htdocs\www.39.com\Application\Runtime\Cache\Home\2a94b8bda04ff446dcedd42276fc99ee.php 第 150 行.
NOTIC: [2] Invalid argument supplied for foreach() D:\xampp\htdocs\www.39.com\Application\Runtime\Cache\Home\2a94b8bda04ff446dcedd42276fc99ee.php 第 150 行.
NOTIC: [8] Undefined index: children D:\xampp\htdocs\www.39.com\Application\Runtime\Cache\Home\2a94b8bda04ff446dcedd42276fc99ee.php 第 150 行.
NOTIC: [2] Invalid argument supplied for foreach() D:\xampp\htdocs\www.39.com\Application\Runtime\Cache\Home\2a94b8bda04ff446dcedd42276fc99ee.php 第 150 行.
NOTIC: [8] Undefined index: children D:\xampp\htdocs\www.39.com\Application\Runtime\Cache\Home\2a94b8bda04ff446dcedd42276fc99ee.php 第 150 行.
NOTIC: [2] Invalid argument supplied for foreach() D:\xampp\htdocs\www.39.com\Application\Runtime\Cache\Home\2a94b8bda04ff446dcedd42276fc99ee.php 第 150 行.
NOTIC: [8] Undefined index: children D:\xampp\htdocs\www.39.com\Application\Runtime\Cache\Home\2a94b8bda04ff446dcedd42276fc99ee.php 第 150 行.
NOTIC: [2] Invalid argument supplied for foreach() D:\xampp\htdocs\www.39.com\Application\Runtime\Cache\Home\2a94b8bda04ff446dcedd42276fc99ee.php 第 150 行.
NOTIC: [8] Undefined index: children D:\xampp\htdocs\www.39.com\Application\Runtime\Cache\Home\2a94b8bda04ff446dcedd42276fc99ee.php 第 150 行.
NOTIC: [2] Invalid argument supplied for foreach() D:\xampp\htdocs\www.39.com\Application\Runtime\Cache\Home\2a94b8bda04ff446dcedd42276fc99ee.php 第 150 行.
NOTIC: [8] Undefined index: children D:\xampp\htdocs\www.39.com\Application\Runtime\Cache\Home\2a94b8bda04ff446dcedd42276fc99ee.php 第 150 行.
NOTIC: [2] Invalid argument supplied for foreach() D:\xampp\htdocs\www.39.com\Application\Runtime\Cache\Home\2a94b8bda04ff446dcedd42276fc99ee.php 第 150 行.
NOTIC: [8] Undefined index: children D:\xampp\htdocs\www.39.com\Application\Runtime\Cache\Home\2a94b8bda04ff446dcedd42276fc99ee.php 第 150 行.
NOTIC: [2] Invalid argument supplied for foreach() D:\xampp\htdocs\www.39.com\Application\Runtime\Cache\Home\2a94b8bda04ff446dcedd42276fc99ee.php 第 150 行.
NOTIC: [8] Undefined index: children D:\xampp\htdocs\www.39.com\Application\Runtime\Cache\Home\2a94b8bda04ff446dcedd42276fc99ee.php 第 150 行.
NOTIC: [2] Invalid argument supplied for foreach() D:\xampp\htdocs\www.39.com\Application\Runtime\Cache\Home\2a94b8bda04ff446dcedd42276fc99ee.php 第 150 行.
NOTIC: [8] Undefined index: children D:\xampp\htdocs\www.39.com\Application\Runtime\Cache\Home\2a94b8bda04ff446dcedd42276fc99ee.php 第 150 行.
NOTIC: [2] Invalid argument supplied for foreach() D:\xampp\htdocs\www.39.com\Application\Runtime\Cache\Home\2a94b8bda04ff446dcedd42276fc99ee.php 第 150 行.
NOTIC: [8] Undefined variable: goods1 D:\xampp\htdocs\www.39.com\Application\Runtime\Cache\Home\2a94b8bda04ff446dcedd42276fc99ee.php 第 333 行.
NOTIC: [2] Invalid argument supplied for foreach() D:\xampp\htdocs\www.39.com\Application\Runtime\Cache\Home\2a94b8bda04ff446dcedd42276fc99ee.php 第 333 行.
NOTIC: [8] Undefined variable: goods3 D:\xampp\htdocs\www.39.com\Application\Runtime\Cache\Home\2a94b8bda04ff446dcedd42276fc99ee.php 第 349 行.
NOTIC: [2] Invalid argument supplied for foreach() D:\xampp\htdocs\www.39.com\Application\Runtime\Cache\Home\2a94b8bda04ff446dcedd42276fc99ee.php 第 349 行.
NOTIC: [8] Undefined variable: goods4 D:\xampp\htdocs\www.39.com\Application\Runtime\Cache\Home\2a94b8bda04ff446dcedd42276fc99ee.php 第 365 行.
NOTIC: [2] Invalid argument supplied for foreach() D:\xampp\htdocs\www.39.com\Application\Runtime\Cache\Home\2a94b8bda04ff446dcedd42276fc99ee.php 第 365 行.
NOTIC: [8] Undefined variable: goods2 D:\xampp\htdocs\www.39.com\Application\Runtime\Cache\Home\2a94b8bda04ff446dcedd42276fc99ee.php 第 381 行.
NOTIC: [2] Invalid argument supplied for foreach() D:\xampp\htdocs\www.39.com\Application\Runtime\Cache\Home\2a94b8bda04ff446dcedd42276fc99ee.php 第 381 行.
NOTIC: [8] Undefined variable: floorData D:\xampp\htdocs\www.39.com\Application\Runtime\Cache\Home\2a94b8bda04ff446dcedd42276fc99ee.php 第 453 行.
NOTIC: [2] Invalid argument supplied for foreach() D:\xampp\htdocs\www.39.com\Application\Runtime\Cache\Home\2a94b8bda04ff446dcedd42276fc99ee.php 第 453 行.
INFO: Run Behavior\ParseTemplateBehavior [ RunTime:0.203012s ]
INFO: [ view_parse ] --END-- [ RunTime:0.203012s ]
INFO: [ view_filter ] --START--
INFO: Run Behavior\WriteHtmlCacheBehavior [ RunTime:0.027001s ]
INFO: [ view_filter ] --END-- [ RunTime:0.027001s ]
INFO: [ app_end ] --START--
INFO: Run Behavior\ShowPageTraceBehavior [ RunTime:0.015000s ]
INFO: [ app_end ] --END-- [ RunTime:0.015000s ]

[ 2016-06-13T13:08:57+08:00 ] 127.0.0.1 /index.php/Home/Index/index
INFO: [ app_init ] --START--
INFO: Run Behavior\BuildLiteBehavior [ RunTime:0.000000s ]
INFO: [ app_init ] --END-- [ RunTime:0.002000s ]
INFO: [ app_begin ] --START--
INFO: Run Behavior\ReadHtmlCacheBehavior [ RunTime:0.001000s ]
INFO: [ app_begin ] --END-- [ RunTime:0.001000s ]
SQL: SHOW COLUMNS FROM `p39_category` [ RunTime:0.0060s ]
INFO: [ view_parse ] --START--
INFO: [ template_filter ] --START--
INFO: Run Behavior\ContentReplaceBehavior [ RunTime:0.001000s ]
INFO: [ template_filter ] --END-- [ RunTime:0.001000s ]
NOTIC: [8] Undefined index: children D:\xampp\htdocs\www.39.com\Application\Runtime\Cache\Home\2a94b8bda04ff446dcedd42276fc99ee.php 第 154 行.
NOTIC: [2] Invalid argument supplied for foreach() D:\xampp\htdocs\www.39.com\Application\Runtime\Cache\Home\2a94b8bda04ff446dcedd42276fc99ee.php 第 154 行.
NOTIC: [8] Undefined index: children D:\xampp\htdocs\www.39.com\Application\Runtime\Cache\Home\2a94b8bda04ff446dcedd42276fc99ee.php 第 154 行.
NOTIC: [2] Invalid argument supplied for foreach() D:\xampp\htdocs\www.39.com\Application\Runtime\Cache\Home\2a94b8bda04ff446dcedd42276fc99ee.php 第 154 行.
NOTIC: [8] Undefined index: children D:\xampp\htdocs\www.39.com\Application\Runtime\Cache\Home\2a94b8bda04ff446dcedd42276fc99ee.php 第 154 行.
NOTIC: [2] Invalid argument supplied for foreach() D:\xampp\htdocs\www.39.com\Application\Runtime\Cache\Home\2a94b8bda04ff446dcedd42276fc99ee.php 第 154 行.
NOTIC: [8] Undefined index: children D:\xampp\htdocs\www.39.com\Application\Runtime\Cache\Home\2a94b8bda04ff446dcedd42276fc99ee.php 第 154 行.
NOTIC: [2] Invalid argument supplied for foreach() D:\xampp\htdocs\www.39.com\Application\Runtime\Cache\Home\2a94b8bda04ff446dcedd42276fc99ee.php 第 154 行.
NOTIC: [8] Undefined index: children D:\xampp\htdocs\www.39.com\Application\Runtime\Cache\Home\2a94b8bda04ff446dcedd42276fc99ee.php 第 150 行.
NOTIC: [2] Invalid argument supplied for foreach() D:\xampp\htdocs\www.39.com\Application\Runtime\Cache\Home\2a94b8bda04ff446dcedd42276fc99ee.php 第 150 行.
NOTIC: [8] Undefined index: children D:\xampp\htdocs\www.39.com\Application\Runtime\Cache\Home\2a94b8bda04ff446dcedd42276fc99ee.php 第 150 行.
NOTIC: [2] Invalid argument supplied for foreach() D:\xampp\htdocs\www.39.com\Application\Runtime\Cache\Home\2a94b8bda04ff446dcedd42276fc99ee.php 第 150 行.
NOTIC: [8] Undefined index: children D:\xampp\htdocs\www.39.com\Application\Runtime\Cache\Home\2a94b8bda04ff446dcedd42276fc99ee.php 第 150 行.
NOTIC: [2] Invalid argument supplied for foreach() D:\xampp\htdocs\www.39.com\Application\Runtime\Cache\Home\2a94b8bda04ff446dcedd42276fc99ee.php 第 150 行.
NOTIC: [8] Undefined index: children D:\xampp\htdocs\www.39.com\Application\Runtime\Cache\Home\2a94b8bda04ff446dcedd42276fc99ee.php 第 150 行.
NOTIC: [2] Invalid argument supplied for foreach() D:\xampp\htdocs\www.39.com\Application\Runtime\Cache\Home\2a94b8bda04ff446dcedd42276fc99ee.php 第 150 行.
NOTIC: [8] Undefined index: children D:\xampp\htdocs\www.39.com\Application\Runtime\Cache\Home\2a94b8bda04ff446dcedd42276fc99ee.php 第 150 行.
NOTIC: [2] Invalid argument supplied for foreach() D:\xampp\htdocs\www.39.com\Application\Runtime\Cache\Home\2a94b8bda04ff446dcedd42276fc99ee.php 第 150 行.
NOTIC: [8] Undefined index: children D:\xampp\htdocs\www.39.com\Application\Runtime\Cache\Home\2a94b8bda04ff446dcedd42276fc99ee.php 第 150 行.
NOTIC: [2] Invalid argument supplied for foreach() D:\xampp\htdocs\www.39.com\Application\Runtime\Cache\Home\2a94b8bda04ff446dcedd42276fc99ee.php 第 150 行.
NOTIC: [8] Undefined index: children D:\xampp\htdocs\www.39.com\Application\Runtime\Cache\Home\2a94b8bda04ff446dcedd42276fc99ee.php 第 150 行.
NOTIC: [2] Invalid argument supplied for foreach() D:\xampp\htdocs\www.39.com\Application\Runtime\Cache\Home\2a94b8bda04ff446dcedd42276fc99ee.php 第 150 行.
NOTIC: [8] Undefined index: children D:\xampp\htdocs\www.39.com\Application\Runtime\Cache\Home\2a94b8bda04ff446dcedd42276fc99ee.php 第 150 行.
NOTIC: [2] Invalid argument supplied for foreach() D:\xampp\htdocs\www.39.com\Application\Runtime\Cache\Home\2a94b8bda04ff446dcedd42276fc99ee.php 第 150 行.
NOTIC: [8] Undefined index: children D:\xampp\htdocs\www.39.com\Application\Runtime\Cache\Home\2a94b8bda04ff446dcedd42276fc99ee.php 第 150 行.
NOTIC: [2] Invalid argument supplied for foreach() D:\xampp\htdocs\www.39.com\Application\Runtime\Cache\Home\2a94b8bda04ff446dcedd42276fc99ee.php 第 150 行.
NOTIC: [8] Undefined index: children D:\xampp\htdocs\www.39.com\Application\Runtime\Cache\Home\2a94b8bda04ff446dcedd42276fc99ee.php 第 150 行.
NOTIC: [2] Invalid argument supplied for foreach() D:\xampp\htdocs\www.39.com\Application\Runtime\Cache\Home\2a94b8bda04ff446dcedd42276fc99ee.php 第 150 行.
NOTIC: [8] Undefined index: children D:\xampp\htdocs\www.39.com\Application\Runtime\Cache\Home\2a94b8bda04ff446dcedd42276fc99ee.php 第 150 行.
NOTIC: [2] Invalid argument supplied for foreach() D:\xampp\htdocs\www.39.com\Application\Runtime\Cache\Home\2a94b8bda04ff446dcedd42276fc99ee.php 第 150 行.
NOTIC: [8] Undefined variable: goods1 D:\xampp\htdocs\www.39.com\Application\Runtime\Cache\Home\2a94b8bda04ff446dcedd42276fc99ee.php 第 333 行.
NOTIC: [2] Invalid argument supplied for foreach() D:\xampp\htdocs\www.39.com\Application\Runtime\Cache\Home\2a94b8bda04ff446dcedd42276fc99ee.php 第 333 行.
NOTIC: [8] Undefined variable: goods3 D:\xampp\htdocs\www.39.com\Application\Runtime\Cache\Home\2a94b8bda04ff446dcedd42276fc99ee.php 第 349 行.
NOTIC: [2] Invalid argument supplied for foreach() D:\xampp\htdocs\www.39.com\Application\Runtime\Cache\Home\2a94b8bda04ff446dcedd42276fc99ee.php 第 349 行.
NOTIC: [8] Undefined variable: goods4 D:\xampp\htdocs\www.39.com\Application\Runtime\Cache\Home\2a94b8bda04ff446dcedd42276fc99ee.php 第 365 行.
NOTIC: [2] Invalid argument supplied for foreach() D:\xampp\htdocs\www.39.com\Application\Runtime\Cache\Home\2a94b8bda04ff446dcedd42276fc99ee.php 第 365 行.
NOTIC: [8] Undefined variable: goods2 D:\xampp\htdocs\www.39.com\Application\Runtime\Cache\Home\2a94b8bda04ff446dcedd42276fc99ee.php 第 381 行.
NOTIC: [2] Invalid argument supplied for foreach() D:\xampp\htdocs\www.39.com\Application\Runtime\Cache\Home\2a94b8bda04ff446dcedd42276fc99ee.php 第 381 行.
NOTIC: [8] Undefined variable: floorData D:\xampp\htdocs\www.39.com\Application\Runtime\Cache\Home\2a94b8bda04ff446dcedd42276fc99ee.php 第 453 行.
NOTIC: [2] Invalid argument supplied for foreach() D:\xampp\htdocs\www.39.com\Application\Runtime\Cache\Home\2a94b8bda04ff446dcedd42276fc99ee.php 第 453 行.
INFO: Run Behavior\ParseTemplateBehavior [ RunTime:0.028002s ]
INFO: [ view_parse ] --END-- [ RunTime:0.028002s ]
INFO: [ view_filter ] --START--
INFO: Run Behavior\WriteHtmlCacheBehavior [ RunTime:0.000000s ]
INFO: [ view_filter ] --END-- [ RunTime:0.000000s ]
INFO: [ app_end ] --START--
INFO: Run Behavior\ShowPageTraceBehavior [ RunTime:0.001000s ]
INFO: [ app_end ] --END-- [ RunTime:0.001000s ]

