[ 2016-10-09T11:42:46+08:00 ] 127.0.0.1 /RNA/index.php/Home/Muscle/index
ERR: 无法加载控制器:Muscle

[ 2016-10-09T21:12:08+08:00 ] 127.0.0.1 /RNA/index.php/Home/Index/index.html
INFO: [ app_init ] --START--
INFO: Run Behavior\BuildLiteBehavior [ RunTime:0.000000s ]
INFO: [ app_init ] --END-- [ RunTime:0.000000s ]
INFO: [ app_begin ] --START--
INFO: Run Behavior\ReadHtmlCacheBehavior [ RunTime:0.001000s ]
INFO: [ app_begin ] --END-- [ RunTime:0.001000s ]
INFO: [ view_parse ] --START--
INFO: [ template_filter ] --START--
INFO: Run Behavior\ContentReplaceBehavior [ RunTime:0.000000s ]
INFO: [ template_filter ] --END-- [ RunTime:0.001000s ]
INFO: Run Behavior\ParseTemplateBehavior [ RunTime:0.004000s ]
INFO: [ view_parse ] --END-- [ RunTime:0.004000s ]
INFO: [ view_filter ] --START--
INFO: Run Behavior\WriteHtmlCacheBehavior [ RunTime:0.000000s ]
INFO: [ view_filter ] --END-- [ RunTime:0.001000s ]
INFO: [ app_end ] --START--
INFO: Run Behavior\ShowPageTraceBehavior [ RunTime:0.000000s ]
INFO: [ app_end ] --END-- [ RunTime:0.000000s ]

[ 2016-10-09T21:12:08+08:00 ] 127.0.0.1 /RNA/index.php/Home/Index/top.html
INFO: [ app_init ] --START--
INFO: Run Behavior\BuildLiteBehavior [ RunTime:0.000000s ]
INFO: [ app_init ] --END-- [ RunTime:0.001000s ]
INFO: [ app_begin ] --START--
INFO: Run Behavior\ReadHtmlCacheBehavior [ RunTime:0.000000s ]
INFO: [ app_begin ] --END-- [ RunTime:0.000000s ]
INFO: [ view_parse ] --START--
INFO: [ template_filter ] --START--
INFO: Run Behavior\ContentReplaceBehavior [ RunTime:0.000000s ]
INFO: [ template_filter ] --END-- [ RunTime:0.000000s ]
INFO: Run Behavior\ParseTemplateBehavior [ RunTime:0.004000s ]
INFO: [ view_parse ] --END-- [ RunTime:0.004000s ]
INFO: [ view_filter ] --START--
INFO: Run Behavior\WriteHtmlCacheBehavior [ RunTime:0.000000s ]
INFO: [ view_filter ] --END-- [ RunTime:0.001000s ]
INFO: [ app_end ] --START--
INFO: Run Behavior\ShowPageTraceBehavior [ RunTime:0.000000s ]
INFO: [ app_end ] --END-- [ RunTime:0.000000s ]

[ 2016-10-09T21:12:08+08:00 ] 127.0.0.1 /RNA/index.php/Home/Colon/index.html
INFO: [ app_init ] --START--
INFO: Run Behavior\BuildLiteBehavior [ RunTime:0.000000s ]
INFO: [ app_init ] --END-- [ RunTime:0.001000s ]
INFO: [ app_begin ] --START--
INFO: Run Behavior\ReadHtmlCacheBehavior [ RunTime:0.000000s ]
INFO: [ app_begin ] --END-- [ RunTime:0.000000s ]
INFO: [ view_parse ] --START--
INFO: [ template_filter ] --START--
INFO: Run Behavior\ContentReplaceBehavior [ RunTime:0.000000s ]
INFO: [ template_filter ] --END-- [ RunTime:0.000000s ]
NOTIC: [8] Undefined variable: datay1 D:\xampp\htdocs\RNA\Application\Runtime\Cache\Home\e2815a7aa91f7f1ba60286e5662d512e.php 第 11 行.
NOTIC: [8] Undefined variable: datay2 D:\xampp\htdocs\RNA\Application\Runtime\Cache\Home\e2815a7aa91f7f1ba60286e5662d512e.php 第 11 行.
NOTIC: [8] Undefined variable: datay_scatter D:\xampp\htdocs\RNA\Application\Runtime\Cache\Home\e2815a7aa91f7f1ba60286e5662d512e.php 第 11 行.
NOTIC: [8] Undefined variable: datax D:\xampp\htdocs\RNA\Application\Runtime\Cache\Home\e2815a7aa91f7f1ba60286e5662d512e.php 第 11 行.
NOTIC: [8] Undefined variable: datax_scatter D:\xampp\htdocs\RNA\Application\Runtime\Cache\Home\e2815a7aa91f7f1ba60286e5662d512e.php 第 11 行.
NOTIC: [8] Undefined variable: paper_name D:\xampp\htdocs\RNA\Application\Runtime\Cache\Home\e2815a7aa91f7f1ba60286e5662d512e.php 第 11 行.
NOTIC: [8] Undefined variable: tissue_name D:\xampp\htdocs\RNA\Application\Runtime\Cache\Home\e2815a7aa91f7f1ba60286e5662d512e.php 第 11 行.
NOTIC: [8] Undefined variable: datay1 D:\xampp\htdocs\RNA\Application\Runtime\Cache\Home\e2815a7aa91f7f1ba60286e5662d512e.php 第 12 行.
NOTIC: [8] Undefined variable: datay2 D:\xampp\htdocs\RNA\Application\Runtime\Cache\Home\e2815a7aa91f7f1ba60286e5662d512e.php 第 12 行.
NOTIC: [8] Undefined variable: datay_scatter D:\xampp\htdocs\RNA\Application\Runtime\Cache\Home\e2815a7aa91f7f1ba60286e5662d512e.php 第 12 行.
NOTIC: [8] Undefined variable: datax D:\xampp\htdocs\RNA\Application\Runtime\Cache\Home\e2815a7aa91f7f1ba60286e5662d512e.php 第 12 行.
NOTIC: [8] Undefined variable: datax_scatter D:\xampp\htdocs\RNA\Application\Runtime\Cache\Home\e2815a7aa91f7f1ba60286e5662d512e.php 第 12 行.
NOTIC: [8] Undefined variable: paper_name D:\xampp\htdocs\RNA\Application\Runtime\Cache\Home\e2815a7aa91f7f1ba60286e5662d512e.php 第 12 行.
NOTIC: [8] Undefined variable: tissue_name D:\xampp\htdocs\RNA\Application\Runtime\Cache\Home\e2815a7aa91f7f1ba60286e5662d512e.php 第 12 行.
SQL: SHOW COLUMNS FROM `rna_colonpaper` [ RunTime:0.0630s ]
SQL: SELECT `id`,`paper_name` FROM `rna_colonpaper`  [ RunTime:0.0000s ]
SQL: SHOW COLUMNS FROM `rna_chr` [ RunTime:0.0020s ]
SQL: SELECT `id`,`chr_name` FROM `rna_chr`  [ RunTime:0.0000s ]
INFO: Run Behavior\ParseTemplateBehavior [ RunTime:0.076004s ]
INFO: [ view_parse ] --END-- [ RunTime:0.076004s ]
INFO: [ view_filter ] --START--
INFO: Run Behavior\WriteHtmlCacheBehavior [ RunTime:0.001001s ]
INFO: [ view_filter ] --END-- [ RunTime:0.001001s ]
INFO: [ app_end ] --START--
INFO: Run Behavior\ShowPageTraceBehavior [ RunTime:0.000000s ]
INFO: [ app_end ] --END-- [ RunTime:0.000000s ]

[ 2016-10-09T21:12:10+08:00 ] 127.0.0.1 /RNA/index.php/Home/Index/index.html
INFO: [ app_init ] --START--
INFO: Run Behavior\BuildLiteBehavior [ RunTime:0.000000s ]
INFO: [ app_init ] --END-- [ RunTime:0.001000s ]
INFO: [ app_begin ] --START--
INFO: Run Behavior\ReadHtmlCacheBehavior [ RunTime:0.001000s ]
INFO: [ app_begin ] --END-- [ RunTime:0.001000s ]
INFO: [ view_parse ] --START--
INFO: [ template_filter ] --START--
INFO: Run Behavior\ContentReplaceBehavior [ RunTime:0.000000s ]
INFO: [ template_filter ] --END-- [ RunTime:0.000000s ]
INFO: Run Behavior\ParseTemplateBehavior [ RunTime:0.004001s ]
INFO: [ view_parse ] --END-- [ RunTime:0.004001s ]
INFO: [ view_filter ] --START--
INFO: Run Behavior\WriteHtmlCacheBehavior [ RunTime:0.001000s ]
INFO: [ view_filter ] --END-- [ RunTime:0.001000s ]
INFO: [ app_end ] --START--
INFO: Run Behavior\ShowPageTraceBehavior [ RunTime:0.000000s ]
INFO: [ app_end ] --END-- [ RunTime:0.000000s ]

[ 2016-10-09T21:12:10+08:00 ] 127.0.0.1 /RNA/index.php/Home/Colon/index.html
INFO: [ app_init ] --START--
INFO: Run Behavior\BuildLiteBehavior [ RunTime:0.000000s ]
INFO: [ app_init ] --END-- [ RunTime:0.001000s ]
INFO: [ app_begin ] --START--
INFO: Run Behavior\ReadHtmlCacheBehavior [ RunTime:0.000000s ]
INFO: [ app_begin ] --END-- [ RunTime:0.001000s ]
INFO: [ view_parse ] --START--
INFO: [ template_filter ] --START--
INFO: Run Behavior\ContentReplaceBehavior [ RunTime:0.000000s ]
INFO: [ template_filter ] --END-- [ RunTime:0.000000s ]
NOTIC: [8] Undefined variable: datay1 D:\xampp\htdocs\RNA\Application\Runtime\Cache\Home\e2815a7aa91f7f1ba60286e5662d512e.php 第 11 行.
NOTIC: [8] Undefined variable: datay2 D:\xampp\htdocs\RNA\Application\Runtime\Cache\Home\e2815a7aa91f7f1ba60286e5662d512e.php 第 11 行.
NOTIC: [8] Undefined variable: datay_scatter D:\xampp\htdocs\RNA\Application\Runtime\Cache\Home\e2815a7aa91f7f1ba60286e5662d512e.php 第 11 行.
NOTIC: [8] Undefined variable: datax D:\xampp\htdocs\RNA\Application\Runtime\Cache\Home\e2815a7aa91f7f1ba60286e5662d512e.php 第 11 行.
NOTIC: [8] Undefined variable: datax_scatter D:\xampp\htdocs\RNA\Application\Runtime\Cache\Home\e2815a7aa91f7f1ba60286e5662d512e.php 第 11 行.
NOTIC: [8] Undefined variable: paper_name D:\xampp\htdocs\RNA\Application\Runtime\Cache\Home\e2815a7aa91f7f1ba60286e5662d512e.php 第 11 行.
NOTIC: [8] Undefined variable: tissue_name D:\xampp\htdocs\RNA\Application\Runtime\Cache\Home\e2815a7aa91f7f1ba60286e5662d512e.php 第 11 行.
NOTIC: [8] Undefined variable: datay1 D:\xampp\htdocs\RNA\Application\Runtime\Cache\Home\e2815a7aa91f7f1ba60286e5662d512e.php 第 12 行.
NOTIC: [8] Undefined variable: datay2 D:\xampp\htdocs\RNA\Application\Runtime\Cache\Home\e2815a7aa91f7f1ba60286e5662d512e.php 第 12 行.
NOTIC: [8] Undefined variable: datay_scatter D:\xampp\htdocs\RNA\Application\Runtime\Cache\Home\e2815a7aa91f7f1ba60286e5662d512e.php 第 12 行.
NOTIC: [8] Undefined variable: datax D:\xampp\htdocs\RNA\Application\Runtime\Cache\Home\e2815a7aa91f7f1ba60286e5662d512e.php 第 12 行.
NOTIC: [8] Undefined variable: datax_scatter D:\xampp\htdocs\RNA\Application\Runtime\Cache\Home\e2815a7aa91f7f1ba60286e5662d512e.php 第 12 行.
NOTIC: [8] Undefined variable: paper_name D:\xampp\htdocs\RNA\Application\Runtime\Cache\Home\e2815a7aa91f7f1ba60286e5662d512e.php 第 12 行.
NOTIC: [8] Undefined variable: tissue_name D:\xampp\htdocs\RNA\Application\Runtime\Cache\Home\e2815a7aa91f7f1ba60286e5662d512e.php 第 12 行.
SQL: SHOW COLUMNS FROM `rna_colonpaper` [ RunTime:0.0010s ]
SQL: SELECT `id`,`paper_name` FROM `rna_colonpaper`  [ RunTime:0.0000s ]
SQL: SHOW COLUMNS FROM `rna_chr` [ RunTime:0.0020s ]
SQL: SELECT `id`,`chr_name` FROM `rna_chr`  [ RunTime:0.0000s ]
INFO: Run Behavior\ParseTemplateBehavior [ RunTime:0.028002s ]
INFO: [ view_parse ] --END-- [ RunTime:0.028002s ]
INFO: [ view_filter ] --START--
INFO: Run Behavior\WriteHtmlCacheBehavior [ RunTime:0.000000s ]
INFO: [ view_filter ] --END-- [ RunTime:0.000000s ]
INFO: [ app_end ] --START--
INFO: Run Behavior\ShowPageTraceBehavior [ RunTime:0.001000s ]
INFO: [ app_end ] --END-- [ RunTime:0.001000s ]

[ 2016-10-09T21:12:10+08:00 ] 127.0.0.1 /RNA/index.php/Home/Index/top.html
INFO: [ app_init ] --START--
INFO: Run Behavior\BuildLiteBehavior [ RunTime:0.000000s ]
INFO: [ app_init ] --END-- [ RunTime:0.000000s ]
INFO: [ app_begin ] --START--
INFO: Run Behavior\ReadHtmlCacheBehavior [ RunTime:0.001000s ]
INFO: [ app_begin ] --END-- [ RunTime:0.001000s ]
INFO: [ view_parse ] --START--
INFO: [ template_filter ] --START--
INFO: Run Behavior\ContentReplaceBehavior [ RunTime:0.000000s ]
INFO: [ template_filter ] --END-- [ RunTime:0.001000s ]
INFO: Run Behavior\ParseTemplateBehavior [ RunTime:0.008000s ]
INFO: [ view_parse ] --END-- [ RunTime:0.008000s ]
INFO: [ view_filter ] --START--
INFO: Run Behavior\WriteHtmlCacheBehavior [ RunTime:0.000000s ]
INFO: [ view_filter ] --END-- [ RunTime:0.000000s ]
INFO: [ app_end ] --START--
INFO: Run Behavior\ShowPageTraceBehavior [ RunTime:0.001000s ]
INFO: [ app_end ] --END-- [ RunTime:0.001000s ]

[ 2016-10-09T21:12:16+08:00 ] 127.0.0.1 /RNA/index.php/Home/Brain/index
INFO: [ app_init ] --START--
INFO: Run Behavior\BuildLiteBehavior [ RunTime:0.000000s ]
INFO: [ app_init ] --END-- [ RunTime:0.000000s ]
INFO: [ app_begin ] --START--
INFO: Run Behavior\ReadHtmlCacheBehavior [ RunTime:0.000000s ]
INFO: [ app_begin ] --END-- [ RunTime:0.000000s ]
INFO: [ view_parse ] --START--
INFO: [ template_filter ] --START--
INFO: Run Behavior\ContentReplaceBehavior [ RunTime:0.000000s ]
INFO: [ template_filter ] --END-- [ RunTime:0.000000s ]
NOTIC: [8] Undefined variable: datay1 D:\xampp\htdocs\RNA\Application\Runtime\Cache\Home\febe092792294cc478c030a3e4e72a86.php 第 11 行.
NOTIC: [8] Undefined variable: datay2 D:\xampp\htdocs\RNA\Application\Runtime\Cache\Home\febe092792294cc478c030a3e4e72a86.php 第 11 行.
NOTIC: [8] Undefined variable: datay_scatter D:\xampp\htdocs\RNA\Application\Runtime\Cache\Home\febe092792294cc478c030a3e4e72a86.php 第 11 行.
NOTIC: [8] Undefined variable: datax D:\xampp\htdocs\RNA\Application\Runtime\Cache\Home\febe092792294cc478c030a3e4e72a86.php 第 11 行.
NOTIC: [8] Undefined variable: datax_scatter D:\xampp\htdocs\RNA\Application\Runtime\Cache\Home\febe092792294cc478c030a3e4e72a86.php 第 11 行.
NOTIC: [8] Undefined variable: paper_name D:\xampp\htdocs\RNA\Application\Runtime\Cache\Home\febe092792294cc478c030a3e4e72a86.php 第 11 行.
NOTIC: [8] Undefined variable: tissue_name D:\xampp\htdocs\RNA\Application\Runtime\Cache\Home\febe092792294cc478c030a3e4e72a86.php 第 11 行.
NOTIC: [8] Undefined variable: datay1 D:\xampp\htdocs\RNA\Application\Runtime\Cache\Home\febe092792294cc478c030a3e4e72a86.php 第 12 行.
NOTIC: [8] Undefined variable: datay2 D:\xampp\htdocs\RNA\Application\Runtime\Cache\Home\febe092792294cc478c030a3e4e72a86.php 第 12 行.
NOTIC: [8] Undefined variable: datay_scatter D:\xampp\htdocs\RNA\Application\Runtime\Cache\Home\febe092792294cc478c030a3e4e72a86.php 第 12 行.
NOTIC: [8] Undefined variable: datax D:\xampp\htdocs\RNA\Application\Runtime\Cache\Home\febe092792294cc478c030a3e4e72a86.php 第 12 行.
NOTIC: [8] Undefined variable: datax_scatter D:\xampp\htdocs\RNA\Application\Runtime\Cache\Home\febe092792294cc478c030a3e4e72a86.php 第 12 行.
NOTIC: [8] Undefined variable: paper_name D:\xampp\htdocs\RNA\Application\Runtime\Cache\Home\febe092792294cc478c030a3e4e72a86.php 第 12 行.
NOTIC: [8] Undefined variable: tissue_name D:\xampp\htdocs\RNA\Application\Runtime\Cache\Home\febe092792294cc478c030a3e4e72a86.php 第 12 行.
SQL: SHOW COLUMNS FROM `rna_brainpaper` [ RunTime:0.0020s ]
SQL: SELECT `id`,`paper_name` FROM `rna_brainpaper`  [ RunTime:0.0000s ]
SQL: SHOW COLUMNS FROM `rna_chr` [ RunTime:0.0020s ]
SQL: SELECT `id`,`chr_name` FROM `rna_chr`  [ RunTime:0.0000s ]
INFO: Run Behavior\ParseTemplateBehavior [ RunTime:0.015001s ]
INFO: [ view_parse ] --END-- [ RunTime:0.015001s ]
INFO: [ view_filter ] --START--
INFO: Run Behavior\WriteHtmlCacheBehavior [ RunTime:0.000000s ]
INFO: [ view_filter ] --END-- [ RunTime:0.000000s ]
INFO: [ app_end ] --START--
INFO: Run Behavior\ShowPageTraceBehavior [ RunTime:0.001000s ]
INFO: [ app_end ] --END-- [ RunTime:0.001000s ]

[ 2016-10-09T21:12:17+08:00 ] 127.0.0.1 /RNA/index.php/Home/Breast/index
INFO: [ app_init ] --START--
INFO: Run Behavior\BuildLiteBehavior [ RunTime:0.000000s ]
INFO: [ app_init ] --END-- [ RunTime:0.000000s ]
INFO: [ app_begin ] --START--
INFO: Run Behavior\ReadHtmlCacheBehavior [ RunTime:0.000000s ]
INFO: [ app_begin ] --END-- [ RunTime:0.000000s ]
INFO: [ view_parse ] --START--
INFO: [ template_filter ] --START--
INFO: Run Behavior\ContentReplaceBehavior [ RunTime:0.000000s ]
INFO: [ template_filter ] --END-- [ RunTime:0.000000s ]
NOTIC: [8] Undefined variable: datay1 D:\xampp\htdocs\RNA\Application\Runtime\Cache\Home\9c3b5d41c80bc50d3df38ee7c2366464.php 第 11 行.
NOTIC: [8] Undefined variable: datay2 D:\xampp\htdocs\RNA\Application\Runtime\Cache\Home\9c3b5d41c80bc50d3df38ee7c2366464.php 第 11 行.
NOTIC: [8] Undefined variable: datay_scatter D:\xampp\htdocs\RNA\Application\Runtime\Cache\Home\9c3b5d41c80bc50d3df38ee7c2366464.php 第 11 行.
NOTIC: [8] Undefined variable: datax D:\xampp\htdocs\RNA\Application\Runtime\Cache\Home\9c3b5d41c80bc50d3df38ee7c2366464.php 第 11 行.
NOTIC: [8] Undefined variable: datax_scatter D:\xampp\htdocs\RNA\Application\Runtime\Cache\Home\9c3b5d41c80bc50d3df38ee7c2366464.php 第 11 行.
NOTIC: [8] Undefined variable: paper_name D:\xampp\htdocs\RNA\Application\Runtime\Cache\Home\9c3b5d41c80bc50d3df38ee7c2366464.php 第 11 行.
NOTIC: [8] Undefined variable: tissue_name D:\xampp\htdocs\RNA\Application\Runtime\Cache\Home\9c3b5d41c80bc50d3df38ee7c2366464.php 第 11 行.
NOTIC: [8] Undefined variable: datay1 D:\xampp\htdocs\RNA\Application\Runtime\Cache\Home\9c3b5d41c80bc50d3df38ee7c2366464.php 第 12 行.
NOTIC: [8] Undefined variable: datay2 D:\xampp\htdocs\RNA\Application\Runtime\Cache\Home\9c3b5d41c80bc50d3df38ee7c2366464.php 第 12 行.
NOTIC: [8] Undefined variable: datay_scatter D:\xampp\htdocs\RNA\Application\Runtime\Cache\Home\9c3b5d41c80bc50d3df38ee7c2366464.php 第 12 行.
NOTIC: [8] Undefined variable: datax D:\xampp\htdocs\RNA\Application\Runtime\Cache\Home\9c3b5d41c80bc50d3df38ee7c2366464.php 第 12 行.
NOTIC: [8] Undefined variable: datax_scatter D:\xampp\htdocs\RNA\Application\Runtime\Cache\Home\9c3b5d41c80bc50d3df38ee7c2366464.php 第 12 行.
NOTIC: [8] Undefined variable: paper_name D:\xampp\htdocs\RNA\Application\Runtime\Cache\Home\9c3b5d41c80bc50d3df38ee7c2366464.php 第 12 行.
NOTIC: [8] Undefined variable: tissue_name D:\xampp\htdocs\RNA\Application\Runtime\Cache\Home\9c3b5d41c80bc50d3df38ee7c2366464.php 第 12 行.
SQL: SHOW COLUMNS FROM `rna_breastpaper` [ RunTime:0.0010s ]
SQL: SELECT `id`,`paper_name` FROM `rna_breastpaper`  [ RunTime:0.0010s ]
SQL: SHOW COLUMNS FROM `rna_chr` [ RunTime:0.0020s ]
SQL: SELECT `id`,`chr_name` FROM `rna_chr`  [ RunTime:0.0000s ]
INFO: Run Behavior\ParseTemplateBehavior [ RunTime:0.024001s ]
INFO: [ view_parse ] --END-- [ RunTime:0.024001s ]
INFO: [ view_filter ] --START--
INFO: Run Behavior\WriteHtmlCacheBehavior [ RunTime:0.001000s ]
INFO: [ view_filter ] --END-- [ RunTime:0.001000s ]
INFO: [ app_end ] --START--
INFO: Run Behavior\ShowPageTraceBehavior [ RunTime:0.000000s ]
INFO: [ app_end ] --END-- [ RunTime:0.000000s ]

[ 2016-10-09T21:12:17+08:00 ] 127.0.0.1 /RNA/index.php/Home/Kidney/index
INFO: [ app_init ] --START--
INFO: Run Behavior\BuildLiteBehavior [ RunTime:0.000000s ]
INFO: [ app_init ] --END-- [ RunTime:0.000000s ]
INFO: [ app_begin ] --START--
INFO: Run Behavior\ReadHtmlCacheBehavior [ RunTime:0.000000s ]
INFO: [ app_begin ] --END-- [ RunTime:0.000000s ]
INFO: [ view_parse ] --START--
INFO: [ template_filter ] --START--
INFO: Run Behavior\ContentReplaceBehavior [ RunTime:0.000000s ]
INFO: [ template_filter ] --END-- [ RunTime:0.001000s ]
NOTIC: [8] Undefined variable: datay1 D:\xampp\htdocs\RNA\Application\Runtime\Cache\Home\42bc770111070964f3173e98e0a5af71.php 第 11 行.
NOTIC: [8] Undefined variable: datay2 D:\xampp\htdocs\RNA\Application\Runtime\Cache\Home\42bc770111070964f3173e98e0a5af71.php 第 11 行.
NOTIC: [8] Undefined variable: datay_scatter D:\xampp\htdocs\RNA\Application\Runtime\Cache\Home\42bc770111070964f3173e98e0a5af71.php 第 11 行.
NOTIC: [8] Undefined variable: datax D:\xampp\htdocs\RNA\Application\Runtime\Cache\Home\42bc770111070964f3173e98e0a5af71.php 第 11 行.
NOTIC: [8] Undefined variable: datax_scatter D:\xampp\htdocs\RNA\Application\Runtime\Cache\Home\42bc770111070964f3173e98e0a5af71.php 第 11 行.
NOTIC: [8] Undefined variable: paper_name D:\xampp\htdocs\RNA\Application\Runtime\Cache\Home\42bc770111070964f3173e98e0a5af71.php 第 11 行.
NOTIC: [8] Undefined variable: tissue_name D:\xampp\htdocs\RNA\Application\Runtime\Cache\Home\42bc770111070964f3173e98e0a5af71.php 第 11 行.
NOTIC: [8] Undefined variable: datay1 D:\xampp\htdocs\RNA\Application\Runtime\Cache\Home\42bc770111070964f3173e98e0a5af71.php 第 12 行.
NOTIC: [8] Undefined variable: datay2 D:\xampp\htdocs\RNA\Application\Runtime\Cache\Home\42bc770111070964f3173e98e0a5af71.php 第 12 行.
NOTIC: [8] Undefined variable: datay_scatter D:\xampp\htdocs\RNA\Application\Runtime\Cache\Home\42bc770111070964f3173e98e0a5af71.php 第 12 行.
NOTIC: [8] Undefined variable: datax D:\xampp\htdocs\RNA\Application\Runtime\Cache\Home\42bc770111070964f3173e98e0a5af71.php 第 12 行.
NOTIC: [8] Undefined variable: datax_scatter D:\xampp\htdocs\RNA\Application\Runtime\Cache\Home\42bc770111070964f3173e98e0a5af71.php 第 12 行.
NOTIC: [8] Undefined variable: paper_name D:\xampp\htdocs\RNA\Application\Runtime\Cache\Home\42bc770111070964f3173e98e0a5af71.php 第 12 行.
NOTIC: [8] Undefined variable: tissue_name D:\xampp\htdocs\RNA\Application\Runtime\Cache\Home\42bc770111070964f3173e98e0a5af71.php 第 12 行.
SQL: SHOW COLUMNS FROM `rna_kidneypaper` [ RunTime:0.0010s ]
SQL: SELECT `id`,`paper_name` FROM `rna_kidneypaper`  [ RunTime:0.0010s ]
SQL: SHOW COLUMNS FROM `rna_chr` [ RunTime:0.0010s ]
SQL: SELECT `id`,`chr_name` FROM `rna_chr`  [ RunTime:0.0010s ]
INFO: Run Behavior\ParseTemplateBehavior [ RunTime:0.025001s ]
INFO: [ view_parse ] --END-- [ RunTime:0.025001s ]
INFO: [ view_filter ] --START--
INFO: Run Behavior\WriteHtmlCacheBehavior [ RunTime:0.000000s ]
INFO: [ view_filter ] --END-- [ RunTime:0.000000s ]
INFO: [ app_end ] --START--
INFO: Run Behavior\ShowPageTraceBehavior [ RunTime:0.001000s ]
INFO: [ app_end ] --END-- [ RunTime:0.001000s ]

[ 2016-10-09T21:12:18+08:00 ] 127.0.0.1 /RNA/index.php/Home/Testes/index
INFO: [ app_init ] --START--
INFO: Run Behavior\BuildLiteBehavior [ RunTime:0.000000s ]
INFO: [ app_init ] --END-- [ RunTime:0.001000s ]
INFO: [ app_begin ] --START--
INFO: Run Behavior\ReadHtmlCacheBehavior [ RunTime:0.001000s ]
INFO: [ app_begin ] --END-- [ RunTime:0.001000s ]
INFO: [ view_parse ] --START--
INFO: [ template_filter ] --START--
INFO: Run Behavior\ContentReplaceBehavior [ RunTime:0.000000s ]
INFO: [ template_filter ] --END-- [ RunTime:0.000000s ]
NOTIC: [8] Undefined variable: datay1 D:\xampp\htdocs\RNA\Application\Runtime\Cache\Home\4d1125192a74be19a434483c74910689.php 第 11 行.
NOTIC: [8] Undefined variable: datay2 D:\xampp\htdocs\RNA\Application\Runtime\Cache\Home\4d1125192a74be19a434483c74910689.php 第 11 行.
NOTIC: [8] Undefined variable: datay_scatter D:\xampp\htdocs\RNA\Application\Runtime\Cache\Home\4d1125192a74be19a434483c74910689.php 第 11 行.
NOTIC: [8] Undefined variable: datax D:\xampp\htdocs\RNA\Application\Runtime\Cache\Home\4d1125192a74be19a434483c74910689.php 第 11 行.
NOTIC: [8] Undefined variable: datax_scatter D:\xampp\htdocs\RNA\Application\Runtime\Cache\Home\4d1125192a74be19a434483c74910689.php 第 11 行.
NOTIC: [8] Undefined variable: paper_name D:\xampp\htdocs\RNA\Application\Runtime\Cache\Home\4d1125192a74be19a434483c74910689.php 第 11 行.
NOTIC: [8] Undefined variable: tissue_name D:\xampp\htdocs\RNA\Application\Runtime\Cache\Home\4d1125192a74be19a434483c74910689.php 第 11 行.
NOTIC: [8] Undefined variable: datay1 D:\xampp\htdocs\RNA\Application\Runtime\Cache\Home\4d1125192a74be19a434483c74910689.php 第 12 行.
NOTIC: [8] Undefined variable: datay2 D:\xampp\htdocs\RNA\Application\Runtime\Cache\Home\4d1125192a74be19a434483c74910689.php 第 12 行.
NOTIC: [8] Undefined variable: datay_scatter D:\xampp\htdocs\RNA\Application\Runtime\Cache\Home\4d1125192a74be19a434483c74910689.php 第 12 行.
NOTIC: [8] Undefined variable: datax D:\xampp\htdocs\RNA\Application\Runtime\Cache\Home\4d1125192a74be19a434483c74910689.php 第 12 行.
NOTIC: [8] Undefined variable: datax_scatter D:\xampp\htdocs\RNA\Application\Runtime\Cache\Home\4d1125192a74be19a434483c74910689.php 第 12 行.
NOTIC: [8] Undefined variable: paper_name D:\xampp\htdocs\RNA\Application\Runtime\Cache\Home\4d1125192a74be19a434483c74910689.php 第 12 行.
NOTIC: [8] Undefined variable: tissue_name D:\xampp\htdocs\RNA\Application\Runtime\Cache\Home\4d1125192a74be19a434483c74910689.php 第 12 行.
SQL: SHOW COLUMNS FROM `rna_testespaper` [ RunTime:0.0010s ]
SQL: SELECT `id`,`paper_name` FROM `rna_testespaper`  [ RunTime:0.0000s ]
SQL: SHOW COLUMNS FROM `rna_chr` [ RunTime:0.0010s ]
SQL: SELECT `id`,`chr_name` FROM `rna_chr`  [ RunTime:0.0000s ]
INFO: Run Behavior\ParseTemplateBehavior [ RunTime:0.016001s ]
INFO: [ view_parse ] --END-- [ RunTime:0.016001s ]
INFO: [ view_filter ] --START--
INFO: Run Behavior\WriteHtmlCacheBehavior [ RunTime:0.000000s ]
INFO: [ view_filter ] --END-- [ RunTime:0.000000s ]
INFO: [ app_end ] --START--
INFO: Run Behavior\ShowPageTraceBehavior [ RunTime:0.001000s ]
INFO: [ app_end ] --END-- [ RunTime:0.001000s ]

[ 2016-10-09T21:12:18+08:00 ] 127.0.0.1 /RNA/index.php/Home/Pancreas/index
INFO: [ app_init ] --START--
INFO: Run Behavior\BuildLiteBehavior [ RunTime:0.000000s ]
INFO: [ app_init ] --END-- [ RunTime:0.000000s ]
INFO: [ app_begin ] --START--
INFO: Run Behavior\ReadHtmlCacheBehavior [ RunTime:0.001000s ]
INFO: [ app_begin ] --END-- [ RunTime:0.001000s ]
INFO: [ view_parse ] --START--
INFO: [ template_filter ] --START--
INFO: Run Behavior\ContentReplaceBehavior [ RunTime:0.000000s ]
INFO: [ template_filter ] --END-- [ RunTime:0.000000s ]
NOTIC: [8] Undefined variable: datay1 D:\xampp\htdocs\RNA\Application\Runtime\Cache\Home\80b359a7a09822067f9d05f5f6fa1290.php 第 11 行.
NOTIC: [8] Undefined variable: datay2 D:\xampp\htdocs\RNA\Application\Runtime\Cache\Home\80b359a7a09822067f9d05f5f6fa1290.php 第 11 行.
NOTIC: [8] Undefined variable: datay_scatter D:\xampp\htdocs\RNA\Application\Runtime\Cache\Home\80b359a7a09822067f9d05f5f6fa1290.php 第 11 行.
NOTIC: [8] Undefined variable: datax D:\xampp\htdocs\RNA\Application\Runtime\Cache\Home\80b359a7a09822067f9d05f5f6fa1290.php 第 11 行.
NOTIC: [8] Undefined variable: datax_scatter D:\xampp\htdocs\RNA\Application\Runtime\Cache\Home\80b359a7a09822067f9d05f5f6fa1290.php 第 11 行.
NOTIC: [8] Undefined variable: paper_name D:\xampp\htdocs\RNA\Application\Runtime\Cache\Home\80b359a7a09822067f9d05f5f6fa1290.php 第 11 行.
NOTIC: [8] Undefined variable: tissue_name D:\xampp\htdocs\RNA\Application\Runtime\Cache\Home\80b359a7a09822067f9d05f5f6fa1290.php 第 11 行.
NOTIC: [8] Undefined variable: datay1 D:\xampp\htdocs\RNA\Application\Runtime\Cache\Home\80b359a7a09822067f9d05f5f6fa1290.php 第 12 行.
NOTIC: [8] Undefined variable: datay2 D:\xampp\htdocs\RNA\Application\Runtime\Cache\Home\80b359a7a09822067f9d05f5f6fa1290.php 第 12 行.
NOTIC: [8] Undefined variable: datay_scatter D:\xampp\htdocs\RNA\Application\Runtime\Cache\Home\80b359a7a09822067f9d05f5f6fa1290.php 第 12 行.
NOTIC: [8] Undefined variable: datax D:\xampp\htdocs\RNA\Application\Runtime\Cache\Home\80b359a7a09822067f9d05f5f6fa1290.php 第 12 行.
NOTIC: [8] Undefined variable: datax_scatter D:\xampp\htdocs\RNA\Application\Runtime\Cache\Home\80b359a7a09822067f9d05f5f6fa1290.php 第 12 行.
NOTIC: [8] Undefined variable: paper_name D:\xampp\htdocs\RNA\Application\Runtime\Cache\Home\80b359a7a09822067f9d05f5f6fa1290.php 第 12 行.
NOTIC: [8] Undefined variable: tissue_name D:\xampp\htdocs\RNA\Application\Runtime\Cache\Home\80b359a7a09822067f9d05f5f6fa1290.php 第 12 行.
SQL: SHOW COLUMNS FROM `rna_pancreaspaper` [ RunTime:0.0010s ]
SQL: SELECT `id`,`paper_name` FROM `rna_pancreaspaper`  [ RunTime:0.0000s ]
SQL: SHOW COLUMNS FROM `rna_chr` [ RunTime:0.0020s ]
SQL: SELECT `id`,`chr_name` FROM `rna_chr`  [ RunTime:0.0000s ]
INFO: Run Behavior\ParseTemplateBehavior [ RunTime:0.025002s ]
INFO: [ view_parse ] --END-- [ RunTime:0.025002s ]
INFO: [ view_filter ] --START--
INFO: Run Behavior\WriteHtmlCacheBehavior [ RunTime:0.000000s ]
INFO: [ view_filter ] --END-- [ RunTime:0.000000s ]
INFO: [ app_end ] --START--
INFO: Run Behavior\ShowPageTraceBehavior [ RunTime:0.000000s ]
INFO: [ app_end ] --END-- [ RunTime:0.000000s ]

[ 2016-10-09T21:12:19+08:00 ] 127.0.0.1 /RNA/index.php/Home/Ovary/index
INFO: [ app_init ] --START--
INFO: Run Behavior\BuildLiteBehavior [ RunTime:0.000000s ]
INFO: [ app_init ] --END-- [ RunTime:0.000000s ]
INFO: [ app_begin ] --START--
INFO: Run Behavior\ReadHtmlCacheBehavior [ RunTime:0.001000s ]
INFO: [ app_begin ] --END-- [ RunTime:0.001000s ]
INFO: [ view_parse ] --START--
INFO: [ template_filter ] --START--
INFO: Run Behavior\ContentReplaceBehavior [ RunTime:0.000000s ]
INFO: [ template_filter ] --END-- [ RunTime:0.000000s ]
NOTIC: [8] Undefined variable: datay1 D:\xampp\htdocs\RNA\Application\Runtime\Cache\Home\45a64ae4ca5bd0e83280baf1ff43f501.php 第 11 行.
NOTIC: [8] Undefined variable: datay2 D:\xampp\htdocs\RNA\Application\Runtime\Cache\Home\45a64ae4ca5bd0e83280baf1ff43f501.php 第 11 行.
NOTIC: [8] Undefined variable: datay_scatter D:\xampp\htdocs\RNA\Application\Runtime\Cache\Home\45a64ae4ca5bd0e83280baf1ff43f501.php 第 11 行.
NOTIC: [8] Undefined variable: datax D:\xampp\htdocs\RNA\Application\Runtime\Cache\Home\45a64ae4ca5bd0e83280baf1ff43f501.php 第 11 行.
NOTIC: [8] Undefined variable: datax_scatter D:\xampp\htdocs\RNA\Application\Runtime\Cache\Home\45a64ae4ca5bd0e83280baf1ff43f501.php 第 11 行.
NOTIC: [8] Undefined variable: paper_name D:\xampp\htdocs\RNA\Application\Runtime\Cache\Home\45a64ae4ca5bd0e83280baf1ff43f501.php 第 11 行.
NOTIC: [8] Undefined variable: tissue_name D:\xampp\htdocs\RNA\Application\Runtime\Cache\Home\45a64ae4ca5bd0e83280baf1ff43f501.php 第 11 行.
NOTIC: [8] Undefined variable: datay1 D:\xampp\htdocs\RNA\Application\Runtime\Cache\Home\45a64ae4ca5bd0e83280baf1ff43f501.php 第 12 行.
NOTIC: [8] Undefined variable: datay2 D:\xampp\htdocs\RNA\Application\Runtime\Cache\Home\45a64ae4ca5bd0e83280baf1ff43f501.php 第 12 行.
NOTIC: [8] Undefined variable: datay_scatter D:\xampp\htdocs\RNA\Application\Runtime\Cache\Home\45a64ae4ca5bd0e83280baf1ff43f501.php 第 12 行.
NOTIC: [8] Undefined variable: datax D:\xampp\htdocs\RNA\Application\Runtime\Cache\Home\45a64ae4ca5bd0e83280baf1ff43f501.php 第 12 行.
NOTIC: [8] Undefined variable: datax_scatter D:\xampp\htdocs\RNA\Application\Runtime\Cache\Home\45a64ae4ca5bd0e83280baf1ff43f501.php 第 12 行.
NOTIC: [8] Undefined variable: paper_name D:\xampp\htdocs\RNA\Application\Runtime\Cache\Home\45a64ae4ca5bd0e83280baf1ff43f501.php 第 12 行.
NOTIC: [8] Undefined variable: tissue_name D:\xampp\htdocs\RNA\Application\Runtime\Cache\Home\45a64ae4ca5bd0e83280baf1ff43f501.php 第 12 行.
SQL: SHOW COLUMNS FROM `rna_ovarypaper` [ RunTime:0.0010s ]
SQL: SELECT `id`,`paper_name` FROM `rna_ovarypaper`  [ RunTime:0.0000s ]
SQL: SHOW COLUMNS FROM `rna_chr` [ RunTime:0.0020s ]
SQL: SELECT `id`,`chr_name` FROM `rna_chr`  [ RunTime:0.0000s ]
INFO: Run Behavior\ParseTemplateBehavior [ RunTime:0.024002s ]
INFO: [ view_parse ] --END-- [ RunTime:0.024002s ]
INFO: [ view_filter ] --START--
INFO: Run Behavior\WriteHtmlCacheBehavior [ RunTime:0.000000s ]
INFO: [ view_filter ] --END-- [ RunTime:0.000000s ]
INFO: [ app_end ] --START--
INFO: Run Behavior\ShowPageTraceBehavior [ RunTime:0.000000s ]
INFO: [ app_end ] --END-- [ RunTime:0.000000s ]

[ 2016-10-09T21:12:19+08:00 ] 127.0.0.1 /RNA/index.php/Home/Thyroid/index
INFO: [ app_init ] --START--
INFO: Run Behavior\BuildLiteBehavior [ RunTime:0.000000s ]
INFO: [ app_init ] --END-- [ RunTime:0.000000s ]
INFO: [ app_begin ] --START--
INFO: Run Behavior\ReadHtmlCacheBehavior [ RunTime:0.000000s ]
INFO: [ app_begin ] --END-- [ RunTime:0.000000s ]
INFO: [ view_parse ] --START--
INFO: [ template_filter ] --START--
INFO: Run Behavior\ContentReplaceBehavior [ RunTime:0.000000s ]
INFO: [ template_filter ] --END-- [ RunTime:0.000000s ]
NOTIC: [8] Undefined variable: datay1 D:\xampp\htdocs\RNA\Application\Runtime\Cache\Home\dbf59539cc6d49d45b751195528b7793.php 第 11 行.
NOTIC: [8] Undefined variable: datay2 D:\xampp\htdocs\RNA\Application\Runtime\Cache\Home\dbf59539cc6d49d45b751195528b7793.php 第 11 行.
NOTIC: [8] Undefined variable: datay_scatter D:\xampp\htdocs\RNA\Application\Runtime\Cache\Home\dbf59539cc6d49d45b751195528b7793.php 第 11 行.
NOTIC: [8] Undefined variable: datax D:\xampp\htdocs\RNA\Application\Runtime\Cache\Home\dbf59539cc6d49d45b751195528b7793.php 第 11 行.
NOTIC: [8] Undefined variable: datax_scatter D:\xampp\htdocs\RNA\Application\Runtime\Cache\Home\dbf59539cc6d49d45b751195528b7793.php 第 11 行.
NOTIC: [8] Undefined variable: paper_name D:\xampp\htdocs\RNA\Application\Runtime\Cache\Home\dbf59539cc6d49d45b751195528b7793.php 第 11 行.
NOTIC: [8] Undefined variable: tissue_name D:\xampp\htdocs\RNA\Application\Runtime\Cache\Home\dbf59539cc6d49d45b751195528b7793.php 第 11 行.
NOTIC: [8] Undefined variable: datay1 D:\xampp\htdocs\RNA\Application\Runtime\Cache\Home\dbf59539cc6d49d45b751195528b7793.php 第 12 行.
NOTIC: [8] Undefined variable: datay2 D:\xampp\htdocs\RNA\Application\Runtime\Cache\Home\dbf59539cc6d49d45b751195528b7793.php 第 12 行.
NOTIC: [8] Undefined variable: datay_scatter D:\xampp\htdocs\RNA\Application\Runtime\Cache\Home\dbf59539cc6d49d45b751195528b7793.php 第 12 行.
NOTIC: [8] Undefined variable: datax D:\xampp\htdocs\RNA\Application\Runtime\Cache\Home\dbf59539cc6d49d45b751195528b7793.php 第 12 行.
NOTIC: [8] Undefined variable: datax_scatter D:\xampp\htdocs\RNA\Application\Runtime\Cache\Home\dbf59539cc6d49d45b751195528b7793.php 第 12 行.
NOTIC: [8] Undefined variable: paper_name D:\xampp\htdocs\RNA\Application\Runtime\Cache\Home\dbf59539cc6d49d45b751195528b7793.php 第 12 行.
NOTIC: [8] Undefined variable: tissue_name D:\xampp\htdocs\RNA\Application\Runtime\Cache\Home\dbf59539cc6d49d45b751195528b7793.php 第 12 行.
SQL: SHOW COLUMNS FROM `rna_thyroidpaper` [ RunTime:0.0010s ]
SQL: SELECT `id`,`paper_name` FROM `rna_thyroidpaper`  [ RunTime:0.0000s ]
SQL: SHOW COLUMNS FROM `rna_chr` [ RunTime:0.0010s ]
SQL: SELECT `id`,`chr_name` FROM `rna_chr`  [ RunTime:0.0000s ]
INFO: Run Behavior\ParseTemplateBehavior [ RunTime:0.025002s ]
INFO: [ view_parse ] --END-- [ RunTime:0.025002s ]
INFO: [ view_filter ] --START--
INFO: Run Behavior\WriteHtmlCacheBehavior [ RunTime:0.000000s ]
INFO: [ view_filter ] --END-- [ RunTime:0.000000s ]
INFO: [ app_end ] --START--
INFO: Run Behavior\ShowPageTraceBehavior [ RunTime:0.001000s ]
INFO: [ app_end ] --END-- [ RunTime:0.001000s ]

[ 2016-10-09T21:12:20+08:00 ] 127.0.0.1 /RNA/index.php/Home/Liver/index
INFO: [ app_init ] --START--
INFO: Run Behavior\BuildLiteBehavior [ RunTime:0.000000s ]
INFO: [ app_init ] --END-- [ RunTime:0.001000s ]
INFO: [ app_begin ] --START--
INFO: Run Behavior\ReadHtmlCacheBehavior [ RunTime:0.001000s ]
INFO: [ app_begin ] --END-- [ RunTime:0.001000s ]
INFO: [ view_parse ] --START--
INFO: [ template_filter ] --START--
INFO: Run Behavior\ContentReplaceBehavior [ RunTime:0.000000s ]
INFO: [ template_filter ] --END-- [ RunTime:0.000000s ]
NOTIC: [8] Undefined variable: datay1 D:\xampp\htdocs\RNA\Application\Runtime\Cache\Home\2debddce1a94b728523e03246805812a.php 第 11 行.
NOTIC: [8] Undefined variable: datay2 D:\xampp\htdocs\RNA\Application\Runtime\Cache\Home\2debddce1a94b728523e03246805812a.php 第 11 行.
NOTIC: [8] Undefined variable: datay_scatter D:\xampp\htdocs\RNA\Application\Runtime\Cache\Home\2debddce1a94b728523e03246805812a.php 第 11 行.
NOTIC: [8] Undefined variable: datax D:\xampp\htdocs\RNA\Application\Runtime\Cache\Home\2debddce1a94b728523e03246805812a.php 第 11 行.
NOTIC: [8] Undefined variable: datax_scatter D:\xampp\htdocs\RNA\Application\Runtime\Cache\Home\2debddce1a94b728523e03246805812a.php 第 11 行.
NOTIC: [8] Undefined variable: paper_name D:\xampp\htdocs\RNA\Application\Runtime\Cache\Home\2debddce1a94b728523e03246805812a.php 第 11 行.
NOTIC: [8] Undefined variable: tissue_name D:\xampp\htdocs\RNA\Application\Runtime\Cache\Home\2debddce1a94b728523e03246805812a.php 第 11 行.
NOTIC: [8] Undefined variable: datay1 D:\xampp\htdocs\RNA\Application\Runtime\Cache\Home\2debddce1a94b728523e03246805812a.php 第 12 行.
NOTIC: [8] Undefined variable: datay2 D:\xampp\htdocs\RNA\Application\Runtime\Cache\Home\2debddce1a94b728523e03246805812a.php 第 12 行.
NOTIC: [8] Undefined variable: datay_scatter D:\xampp\htdocs\RNA\Application\Runtime\Cache\Home\2debddce1a94b728523e03246805812a.php 第 12 行.
NOTIC: [8] Undefined variable: datax D:\xampp\htdocs\RNA\Application\Runtime\Cache\Home\2debddce1a94b728523e03246805812a.php 第 12 行.
NOTIC: [8] Undefined variable: datax_scatter D:\xampp\htdocs\RNA\Application\Runtime\Cache\Home\2debddce1a94b728523e03246805812a.php 第 12 行.
NOTIC: [8] Undefined variable: paper_name D:\xampp\htdocs\RNA\Application\Runtime\Cache\Home\2debddce1a94b728523e03246805812a.php 第 12 行.
NOTIC: [8] Undefined variable: tissue_name D:\xampp\htdocs\RNA\Application\Runtime\Cache\Home\2debddce1a94b728523e03246805812a.php 第 12 行.
SQL: SHOW COLUMNS FROM `rna_liverpaper` [ RunTime:0.0020s ]
SQL: SELECT `id`,`paper_name` FROM `rna_liverpaper`  [ RunTime:0.0000s ]
SQL: SHOW COLUMNS FROM `rna_chr` [ RunTime:0.0020s ]
SQL: SELECT `id`,`chr_name` FROM `rna_chr`  [ RunTime:0.0000s ]
INFO: Run Behavior\ParseTemplateBehavior [ RunTime:0.025001s ]
INFO: [ view_parse ] --END-- [ RunTime:0.025001s ]
INFO: [ view_filter ] --START--
INFO: Run Behavior\WriteHtmlCacheBehavior [ RunTime:0.000000s ]
INFO: [ view_filter ] --END-- [ RunTime:0.000000s ]
INFO: [ app_end ] --START--
INFO: Run Behavior\ShowPageTraceBehavior [ RunTime:0.001000s ]
INFO: [ app_end ] --END-- [ RunTime:0.001000s ]

[ 2016-10-09T21:12:20+08:00 ] 127.0.0.1 /RNA/index.php/Home/Muscle/index
INFO: [ app_init ] --START--
INFO: Run Behavior\BuildLiteBehavior [ RunTime:0.000000s ]
INFO: [ app_init ] --END-- [ RunTime:0.000000s ]
INFO: [ app_begin ] --START--
INFO: Run Behavior\ReadHtmlCacheBehavior [ RunTime:0.001000s ]
INFO: [ app_begin ] --END-- [ RunTime:0.001000s ]
INFO: [ view_parse ] --START--
INFO: [ template_filter ] --START--
INFO: Run Behavior\ContentReplaceBehavior [ RunTime:0.000000s ]
INFO: [ template_filter ] --END-- [ RunTime:0.000000s ]
NOTIC: [8] Undefined variable: datay1 D:\xampp\htdocs\RNA\Application\Runtime\Cache\Home\37ff830b7e3c5da3ba3a0a9722b692f2.php 第 11 行.
NOTIC: [8] Undefined variable: datay2 D:\xampp\htdocs\RNA\Application\Runtime\Cache\Home\37ff830b7e3c5da3ba3a0a9722b692f2.php 第 11 行.
NOTIC: [8] Undefined variable: datay_scatter D:\xampp\htdocs\RNA\Application\Runtime\Cache\Home\37ff830b7e3c5da3ba3a0a9722b692f2.php 第 11 行.
NOTIC: [8] Undefined variable: datax D:\xampp\htdocs\RNA\Application\Runtime\Cache\Home\37ff830b7e3c5da3ba3a0a9722b692f2.php 第 11 行.
NOTIC: [8] Undefined variable: datax_scatter D:\xampp\htdocs\RNA\Application\Runtime\Cache\Home\37ff830b7e3c5da3ba3a0a9722b692f2.php 第 11 行.
NOTIC: [8] Undefined variable: paper_name D:\xampp\htdocs\RNA\Application\Runtime\Cache\Home\37ff830b7e3c5da3ba3a0a9722b692f2.php 第 11 行.
NOTIC: [8] Undefined variable: tissue_name D:\xampp\htdocs\RNA\Application\Runtime\Cache\Home\37ff830b7e3c5da3ba3a0a9722b692f2.php 第 11 行.
NOTIC: [8] Undefined variable: datay1 D:\xampp\htdocs\RNA\Application\Runtime\Cache\Home\37ff830b7e3c5da3ba3a0a9722b692f2.php 第 12 行.
NOTIC: [8] Undefined variable: datay2 D:\xampp\htdocs\RNA\Application\Runtime\Cache\Home\37ff830b7e3c5da3ba3a0a9722b692f2.php 第 12 行.
NOTIC: [8] Undefined variable: datay_scatter D:\xampp\htdocs\RNA\Application\Runtime\Cache\Home\37ff830b7e3c5da3ba3a0a9722b692f2.php 第 12 行.
NOTIC: [8] Undefined variable: datax D:\xampp\htdocs\RNA\Application\Runtime\Cache\Home\37ff830b7e3c5da3ba3a0a9722b692f2.php 第 12 行.
NOTIC: [8] Undefined variable: datax_scatter D:\xampp\htdocs\RNA\Application\Runtime\Cache\Home\37ff830b7e3c5da3ba3a0a9722b692f2.php 第 12 行.
NOTIC: [8] Undefined variable: paper_name D:\xampp\htdocs\RNA\Application\Runtime\Cache\Home\37ff830b7e3c5da3ba3a0a9722b692f2.php 第 12 行.
NOTIC: [8] Undefined variable: tissue_name D:\xampp\htdocs\RNA\Application\Runtime\Cache\Home\37ff830b7e3c5da3ba3a0a9722b692f2.php 第 12 行.
SQL: SHOW COLUMNS FROM `rna_brainpaper` [ RunTime:0.0010s ]
SQL: SELECT `id`,`paper_name` FROM `rna_brainpaper`  [ RunTime:0.0000s ]
SQL: SHOW COLUMNS FROM `rna_chr` [ RunTime:0.0010s ]
SQL: SELECT `id`,`chr_name` FROM `rna_chr`  [ RunTime:0.0010s ]
INFO: Run Behavior\ParseTemplateBehavior [ RunTime:0.026001s ]
INFO: [ view_parse ] --END-- [ RunTime:0.027001s ]
INFO: [ view_filter ] --START--
INFO: Run Behavior\WriteHtmlCacheBehavior [ RunTime:0.000000s ]
INFO: [ view_filter ] --END-- [ RunTime:0.000000s ]
INFO: [ app_end ] --START--
INFO: Run Behavior\ShowPageTraceBehavior [ RunTime:0.001000s ]
INFO: [ app_end ] --END-- [ RunTime:0.001000s ]

[ 2016-10-09T22:00:50+08:00 ] 127.0.0.1 /RNA/index.php/Home/Index/index.html
INFO: [ app_init ] --START--
INFO: Run Behavior\BuildLiteBehavior [ RunTime:0.000000s ]
INFO: [ app_init ] --END-- [ RunTime:0.001000s ]
INFO: [ app_begin ] --START--
INFO: Run Behavior\ReadHtmlCacheBehavior [ RunTime:0.000000s ]
INFO: [ app_begin ] --END-- [ RunTime:0.000000s ]
INFO: [ view_parse ] --START--
INFO: [ template_filter ] --START--
INFO: Run Behavior\ContentReplaceBehavior [ RunTime:0.000000s ]
INFO: [ template_filter ] --END-- [ RunTime:0.000000s ]
INFO: Run Behavior\ParseTemplateBehavior [ RunTime:0.004001s ]
INFO: [ view_parse ] --END-- [ RunTime:0.004001s ]
INFO: [ view_filter ] --START--
INFO: Run Behavior\WriteHtmlCacheBehavior [ RunTime:0.000000s ]
INFO: [ view_filter ] --END-- [ RunTime:0.000000s ]
INFO: [ app_end ] --START--
INFO: Run Behavior\ShowPageTraceBehavior [ RunTime:0.001000s ]
INFO: [ app_end ] --END-- [ RunTime:0.001000s ]

[ 2016-10-09T22:00:50+08:00 ] 127.0.0.1 /RNA/index.php/Home/Index/top.html
INFO: [ app_init ] --START--
INFO: Run Behavior\BuildLiteBehavior [ RunTime:0.000000s ]
INFO: [ app_init ] --END-- [ RunTime:0.000000s ]
INFO: [ app_begin ] --START--
INFO: Run Behavior\ReadHtmlCacheBehavior [ RunTime:0.001000s ]
INFO: [ app_begin ] --END-- [ RunTime:0.001000s ]
INFO: [ view_parse ] --START--
INFO: [ template_filter ] --START--
INFO: Run Behavior\ContentReplaceBehavior [ RunTime:0.000000s ]
INFO: [ template_filter ] --END-- [ RunTime:0.000000s ]
INFO: Run Behavior\ParseTemplateBehavior [ RunTime:0.007001s ]
INFO: [ view_parse ] --END-- [ RunTime:0.008001s ]
INFO: [ view_filter ] --START--
INFO: Run Behavior\WriteHtmlCacheBehavior [ RunTime:0.000000s ]
INFO: [ view_filter ] --END-- [ RunTime:0.000000s ]
INFO: [ app_end ] --START--
INFO: Run Behavior\ShowPageTraceBehavior [ RunTime:0.001000s ]
INFO: [ app_end ] --END-- [ RunTime:0.001000s ]

[ 2016-10-09T22:00:50+08:00 ] 127.0.0.1 /RNA/index.php/Home/Colon/index.html
INFO: [ app_init ] --START--
INFO: Run Behavior\BuildLiteBehavior [ RunTime:0.000000s ]
INFO: [ app_init ] --END-- [ RunTime:0.000000s ]
INFO: [ app_begin ] --START--
INFO: Run Behavior\ReadHtmlCacheBehavior [ RunTime:0.000000s ]
INFO: [ app_begin ] --END-- [ RunTime:0.000000s ]
INFO: [ view_parse ] --START--
INFO: [ template_filter ] --START--
INFO: Run Behavior\ContentReplaceBehavior [ RunTime:0.000000s ]
INFO: [ template_filter ] --END-- [ RunTime:0.001000s ]
NOTIC: [8] Undefined variable: datay1 D:\xampp\htdocs\RNA\Application\Runtime\Cache\Home\e2815a7aa91f7f1ba60286e5662d512e.php 第 11 行.
NOTIC: [8] Undefined variable: datay2 D:\xampp\htdocs\RNA\Application\Runtime\Cache\Home\e2815a7aa91f7f1ba60286e5662d512e.php 第 11 行.
NOTIC: [8] Undefined variable: datay_scatter D:\xampp\htdocs\RNA\Application\Runtime\Cache\Home\e2815a7aa91f7f1ba60286e5662d512e.php 第 11 行.
NOTIC: [8] Undefined variable: datax D:\xampp\htdocs\RNA\Application\Runtime\Cache\Home\e2815a7aa91f7f1ba60286e5662d512e.php 第 11 行.
NOTIC: [8] Undefined variable: datax_scatter D:\xampp\htdocs\RNA\Application\Runtime\Cache\Home\e2815a7aa91f7f1ba60286e5662d512e.php 第 11 行.
NOTIC: [8] Undefined variable: paper_name D:\xampp\htdocs\RNA\Application\Runtime\Cache\Home\e2815a7aa91f7f1ba60286e5662d512e.php 第 11 行.
NOTIC: [8] Undefined variable: tissue_name D:\xampp\htdocs\RNA\Application\Runtime\Cache\Home\e2815a7aa91f7f1ba60286e5662d512e.php 第 11 行.
NOTIC: [8] Undefined variable: datay1 D:\xampp\htdocs\RNA\Application\Runtime\Cache\Home\e2815a7aa91f7f1ba60286e5662d512e.php 第 12 行.
NOTIC: [8] Undefined variable: datay2 D:\xampp\htdocs\RNA\Application\Runtime\Cache\Home\e2815a7aa91f7f1ba60286e5662d512e.php 第 12 行.
NOTIC: [8] Undefined variable: datay_scatter D:\xampp\htdocs\RNA\Application\Runtime\Cache\Home\e2815a7aa91f7f1ba60286e5662d512e.php 第 12 行.
NOTIC: [8] Undefined variable: datax D:\xampp\htdocs\RNA\Application\Runtime\Cache\Home\e2815a7aa91f7f1ba60286e5662d512e.php 第 12 行.
NOTIC: [8] Undefined variable: datax_scatter D:\xampp\htdocs\RNA\Application\Runtime\Cache\Home\e2815a7aa91f7f1ba60286e5662d512e.php 第 12 行.
NOTIC: [8] Undefined variable: paper_name D:\xampp\htdocs\RNA\Application\Runtime\Cache\Home\e2815a7aa91f7f1ba60286e5662d512e.php 第 12 行.
NOTIC: [8] Undefined variable: tissue_name D:\xampp\htdocs\RNA\Application\Runtime\Cache\Home\e2815a7aa91f7f1ba60286e5662d512e.php 第 12 行.
SQL: SHOW COLUMNS FROM `rna_colonpaper` [ RunTime:0.0260s ]
SQL: SELECT `id`,`paper_name` FROM `rna_colonpaper`  [ RunTime:0.0110s ]
SQL: SHOW COLUMNS FROM `rna_chr` [ RunTime:0.0030s ]
SQL: SELECT `id`,`chr_name` FROM `rna_chr`  [ RunTime:0.0150s ]
INFO: Run Behavior\ParseTemplateBehavior [ RunTime:0.076005s ]
INFO: [ view_parse ] --END-- [ RunTime:0.076005s ]
INFO: [ view_filter ] --START--
INFO: Run Behavior\WriteHtmlCacheBehavior [ RunTime:0.001000s ]
INFO: [ view_filter ] --END-- [ RunTime:0.001000s ]
INFO: [ app_end ] --START--
INFO: Run Behavior\ShowPageTraceBehavior [ RunTime:0.001000s ]
INFO: [ app_end ] --END-- [ RunTime:0.001000s ]

[ 2016-10-09T22:00:50+08:00 ] 127.0.0.1 /RNA/index.php/Home/Index/index.html
INFO: [ app_init ] --START--
INFO: Run Behavior\BuildLiteBehavior [ RunTime:0.000000s ]
INFO: [ app_init ] --END-- [ RunTime:0.000000s ]
INFO: [ app_begin ] --START--
INFO: Run Behavior\ReadHtmlCacheBehavior [ RunTime:0.001000s ]
INFO: [ app_begin ] --END-- [ RunTime:0.001000s ]
INFO: [ view_parse ] --START--
INFO: [ template_filter ] --START--
INFO: Run Behavior\ContentReplaceBehavior [ RunTime:0.001000s ]
INFO: [ template_filter ] --END-- [ RunTime:0.001000s ]
INFO: Run Behavior\ParseTemplateBehavior [ RunTime:0.009001s ]
INFO: [ view_parse ] --END-- [ RunTime:0.009001s ]
INFO: [ view_filter ] --START--
INFO: Run Behavior\WriteHtmlCacheBehavior [ RunTime:0.000000s ]
INFO: [ view_filter ] --END-- [ RunTime:0.000000s ]
INFO: [ app_end ] --START--
INFO: Run Behavior\ShowPageTraceBehavior [ RunTime:0.000000s ]
INFO: [ app_end ] --END-- [ RunTime:0.001000s ]

[ 2016-10-09T22:00:50+08:00 ] 127.0.0.1 /RNA/index.php/Home/Index/top.html
INFO: [ app_init ] --START--
INFO: Run Behavior\BuildLiteBehavior [ RunTime:0.000000s ]
INFO: [ app_init ] --END-- [ RunTime:0.001000s ]
INFO: [ app_begin ] --START--
INFO: Run Behavior\ReadHtmlCacheBehavior [ RunTime:0.002000s ]
INFO: [ app_begin ] --END-- [ RunTime:0.002000s ]
INFO: [ view_parse ] --START--
INFO: [ template_filter ] --START--
INFO: Run Behavior\ContentReplaceBehavior [ RunTime:0.000000s ]
INFO: [ template_filter ] --END-- [ RunTime:0.001000s ]
INFO: Run Behavior\ParseTemplateBehavior [ RunTime:0.009001s ]
INFO: [ view_parse ] --END-- [ RunTime:0.009001s ]
INFO: [ view_filter ] --START--
INFO: Run Behavior\WriteHtmlCacheBehavior [ RunTime:0.000000s ]
INFO: [ view_filter ] --END-- [ RunTime:0.000000s ]
INFO: [ app_end ] --START--
INFO: Run Behavior\ShowPageTraceBehavior [ RunTime:0.000000s ]
INFO: [ app_end ] --END-- [ RunTime:0.001000s ]

[ 2016-10-09T22:00:50+08:00 ] 127.0.0.1 /RNA/index.php/Home/Colon/index.html
INFO: [ app_init ] --START--
INFO: Run Behavior\BuildLiteBehavior [ RunTime:0.000000s ]
INFO: [ app_init ] --END-- [ RunTime:0.001000s ]
INFO: [ app_begin ] --START--
INFO: Run Behavior\ReadHtmlCacheBehavior [ RunTime:0.001000s ]
INFO: [ app_begin ] --END-- [ RunTime:0.001000s ]
INFO: [ view_parse ] --START--
INFO: [ template_filter ] --START--
INFO: Run Behavior\ContentReplaceBehavior [ RunTime:0.000000s ]
INFO: [ template_filter ] --END-- [ RunTime:0.000000s ]
NOTIC: [8] Undefined variable: datay1 D:\xampp\htdocs\RNA\Application\Runtime\Cache\Home\e2815a7aa91f7f1ba60286e5662d512e.php 第 11 行.
NOTIC: [8] Undefined variable: datay2 D:\xampp\htdocs\RNA\Application\Runtime\Cache\Home\e2815a7aa91f7f1ba60286e5662d512e.php 第 11 行.
NOTIC: [8] Undefined variable: datay_scatter D:\xampp\htdocs\RNA\Application\Runtime\Cache\Home\e2815a7aa91f7f1ba60286e5662d512e.php 第 11 行.
NOTIC: [8] Undefined variable: datax D:\xampp\htdocs\RNA\Application\Runtime\Cache\Home\e2815a7aa91f7f1ba60286e5662d512e.php 第 11 行.
NOTIC: [8] Undefined variable: datax_scatter D:\xampp\htdocs\RNA\Application\Runtime\Cache\Home\e2815a7aa91f7f1ba60286e5662d512e.php 第 11 行.
NOTIC: [8] Undefined variable: paper_name D:\xampp\htdocs\RNA\Application\Runtime\Cache\Home\e2815a7aa91f7f1ba60286e5662d512e.php 第 11 行.
NOTIC: [8] Undefined variable: tissue_name D:\xampp\htdocs\RNA\Application\Runtime\Cache\Home\e2815a7aa91f7f1ba60286e5662d512e.php 第 11 行.
NOTIC: [8] Undefined variable: datay1 D:\xampp\htdocs\RNA\Application\Runtime\Cache\Home\e2815a7aa91f7f1ba60286e5662d512e.php 第 12 行.
NOTIC: [8] Undefined variable: datay2 D:\xampp\htdocs\RNA\Application\Runtime\Cache\Home\e2815a7aa91f7f1ba60286e5662d512e.php 第 12 行.
NOTIC: [8] Undefined variable: datay_scatter D:\xampp\htdocs\RNA\Application\Runtime\Cache\Home\e2815a7aa91f7f1ba60286e5662d512e.php 第 12 行.
NOTIC: [8] Undefined variable: datax D:\xampp\htdocs\RNA\Application\Runtime\Cache\Home\e2815a7aa91f7f1ba60286e5662d512e.php 第 12 行.
NOTIC: [8] Undefined variable: datax_scatter D:\xampp\htdocs\RNA\Application\Runtime\Cache\Home\e2815a7aa91f7f1ba60286e5662d512e.php 第 12 行.
NOTIC: [8] Undefined variable: paper_name D:\xampp\htdocs\RNA\Application\Runtime\Cache\Home\e2815a7aa91f7f1ba60286e5662d512e.php 第 12 行.
NOTIC: [8] Undefined variable: tissue_name D:\xampp\htdocs\RNA\Application\Runtime\Cache\Home\e2815a7aa91f7f1ba60286e5662d512e.php 第 12 行.
SQL: SHOW COLUMNS FROM `rna_colonpaper` [ RunTime:0.0020s ]
SQL: SELECT `id`,`paper_name` FROM `rna_colonpaper`  [ RunTime:0.0000s ]
SQL: SHOW COLUMNS FROM `rna_chr` [ RunTime:0.0020s ]
SQL: SELECT `id`,`chr_name` FROM `rna_chr`  [ RunTime:0.0000s ]
INFO: Run Behavior\ParseTemplateBehavior [ RunTime:0.025002s ]
INFO: [ view_parse ] --END-- [ RunTime:0.025002s ]
INFO: [ view_filter ] --START--
INFO: Run Behavior\WriteHtmlCacheBehavior [ RunTime:0.001000s ]
INFO: [ view_filter ] --END-- [ RunTime:0.001000s ]
INFO: [ app_end ] --START--
INFO: Run Behavior\ShowPageTraceBehavior [ RunTime:0.001000s ]
INFO: [ app_end ] --END-- [ RunTime:0.001000s ]

