[ 2016-06-05T21:25:21+08:00 ] 127.0.0.1 /Public/Uploads/%E5%95%86%E5%93%811
INFO: [ app_init ] --START--
INFO: Run Behavior\BuildLiteBehavior [ RunTime:0.000000s ]
INFO: [ app_init ] --END-- [ RunTime:0.000000s ]
ERR: 无法加载模块:Public

[ 2016-06-05T21:25:22+08:00 ] 127.0.0.1 /Public/Uploads/aaaaaaaaaaaaaaa
INFO: [ app_init ] --START--
INFO: Run Behavior\BuildLiteBehavior [ RunTime:0.000000s ]
INFO: [ app_init ] --END-- [ RunTime:0.000000s ]
ERR: 无法加载模块:Public

[ 2016-06-05T21:25:22+08:00 ] 127.0.0.1 /Public/Uploads/%E5%87%BA%E9%94%99%E9%94%99%E9%94%99%E9%94%99
INFO: [ app_init ] --START--
INFO: Run Behavior\BuildLiteBehavior [ RunTime:0.000000s ]
INFO: [ app_init ] --END-- [ RunTime:0.000000s ]
ERR: 无法加载模块:Public

[ 2016-06-05T21:25:22+08:00 ] 127.0.0.1 /Public/Uploads/eeeeeeeeeeeeeee
INFO: [ app_init ] --START--
INFO: Run Behavior\BuildLiteBehavior [ RunTime:0.000000s ]
INFO: [ app_init ] --END-- [ RunTime:0.000000s ]
ERR: 无法加载模块:Public

[ 2016-06-05T21:25:22+08:00 ] 127.0.0.1 /Public/Uploads/cccccccccccccccc
INFO: [ app_init ] --START--
INFO: Run Behavior\BuildLiteBehavior [ RunTime:0.000000s ]
INFO: [ app_init ] --END-- [ RunTime:0.000000s ]
ERR: 无法加载模块:Public

[ 2016-06-05T21:25:23+08:00 ] 127.0.0.1 /Public/Uploads/%E5%BE%88%E5%A5%BD%E7%9A%84%E4%B8%9C%E8%A5%BF
INFO: [ app_init ] --START--
INFO: Run Behavior\BuildLiteBehavior [ RunTime:0.000000s ]
INFO: [ app_init ] --END-- [ RunTime:0.001000s ]
ERR: 无法加载模块:Public

[ 2016-06-05T21:25:25+08:00 ] 127.0.0.1 /Public/Uploads/%E5%95%86%E5%93%811
INFO: [ app_init ] --START--
INFO: Run Behavior\BuildLiteBehavior [ RunTime:0.000000s ]
INFO: [ app_init ] --END-- [ RunTime:0.000000s ]
ERR: 无法加载模块:Public

[ 2016-06-05T21:25:25+08:00 ] 127.0.0.1 /Public/Uploads/%E5%BE%88%E5%A5%BD%E7%9A%84%E4%B8%9C%E8%A5%BF
INFO: [ app_init ] --START--
INFO: Run Behavior\BuildLiteBehavior [ RunTime:0.000000s ]
INFO: [ app_init ] --END-- [ RunTime:0.000000s ]
ERR: 无法加载模块:Public

[ 2016-06-05T21:25:25+08:00 ] 127.0.0.1 /Public/Uploads/%E5%87%BA%E9%94%99%E9%94%99%E9%94%99%E9%94%99
INFO: [ app_init ] --START--
INFO: Run Behavior\BuildLiteBehavior [ RunTime:0.000000s ]
INFO: [ app_init ] --END-- [ RunTime:0.000000s ]
ERR: 无法加载模块:Public

[ 2016-06-05T21:25:25+08:00 ] 127.0.0.1 /Public/Uploads/aaaaaaaaaaaaaaa
INFO: [ app_init ] --START--
INFO: Run Behavior\BuildLiteBehavior [ RunTime:0.000000s ]
INFO: [ app_init ] --END-- [ RunTime:0.001000s ]
ERR: 无法加载模块:Public

[ 2016-06-05T21:25:25+08:00 ] 127.0.0.1 /Public/Uploads/cccccccccccccccc
INFO: [ app_init ] --START--
INFO: Run Behavior\BuildLiteBehavior [ RunTime:0.000000s ]
INFO: [ app_init ] --END-- [ RunTime:0.000000s ]
ERR: 无法加载模块:Public

[ 2016-06-05T21:25:26+08:00 ] 127.0.0.1 /Public/Uploads/eeeeeeeeeeeeeee
INFO: [ app_init ] --START--
INFO: Run Behavior\BuildLiteBehavior [ RunTime:0.000000s ]
INFO: [ app_init ] --END-- [ RunTime:0.000000s ]
ERR: 无法加载模块:Public

[ 2016-06-05T21:26:24+08:00 ] 127.0.0.1 /Public/Uploads/%E5%95%86%E5%93%811
INFO: [ app_init ] --START--
INFO: Run Behavior\BuildLiteBehavior [ RunTime:0.000000s ]
INFO: [ app_init ] --END-- [ RunTime:0.001000s ]
ERR: 无法加载模块:Public

[ 2016-06-05T21:26:24+08:00 ] 127.0.0.1 /Public/Uploads/%E5%87%BA%E9%94%99%E9%94%99%E9%94%99%E9%94%99
INFO: [ app_init ] --START--
INFO: Run Behavior\BuildLiteBehavior [ RunTime:0.000000s ]
INFO: [ app_init ] --END-- [ RunTime:0.000000s ]
ERR: 无法加载模块:Public

[ 2016-06-05T21:26:24+08:00 ] 127.0.0.1 /Public/Uploads/%E5%BE%88%E5%A5%BD%E7%9A%84%E4%B8%9C%E8%A5%BF
INFO: [ app_init ] --START--
INFO: Run Behavior\BuildLiteBehavior [ RunTime:0.000000s ]
INFO: [ app_init ] --END-- [ RunTime:0.000000s ]
ERR: 无法加载模块:Public

[ 2016-06-05T21:26:25+08:00 ] 127.0.0.1 /Public/Uploads/eeeeeeeeeeeeeee
INFO: [ app_init ] --START--
INFO: Run Behavior\BuildLiteBehavior [ RunTime:0.000000s ]
INFO: [ app_init ] --END-- [ RunTime:0.000000s ]
ERR: 无法加载模块:Public

[ 2016-06-05T21:26:25+08:00 ] 127.0.0.1 /Public/Uploads/aaaaaaaaaaaaaaa
INFO: [ app_init ] --START--
INFO: Run Behavior\BuildLiteBehavior [ RunTime:0.000000s ]
INFO: [ app_init ] --END-- [ RunTime:0.000000s ]
ERR: 无法加载模块:Public

[ 2016-06-05T21:26:25+08:00 ] 127.0.0.1 /Public/Uploads/cccccccccccccccc
INFO: [ app_init ] --START--
INFO: Run Behavior\BuildLiteBehavior [ RunTime:0.000000s ]
INFO: [ app_init ] --END-- [ RunTime:0.001000s ]
ERR: 无法加载模块:Public

[ 2016-06-05T21:26:27+08:00 ] 127.0.0.1 /index.php/Goods/?goods_id=%3C%3E
INFO: [ app_init ] --START--
INFO: Run Behavior\BuildLiteBehavior [ RunTime:0.000000s ]
INFO: [ app_init ] --END-- [ RunTime:0.000000s ]
ERR: 无法加载模块:Goods

[ 2016-06-05T21:26:30+08:00 ] 127.0.0.1 /index.php/Goods/?goods_id=%3C%3E
INFO: [ app_init ] --START--
INFO: Run Behavior\BuildLiteBehavior [ RunTime:0.000000s ]
INFO: [ app_init ] --END-- [ RunTime:0.000000s ]
ERR: 无法加载模块:Goods

[ 2016-06-05T21:26:37+08:00 ] 127.0.0.1 /index.php/Goods/lst
INFO: [ app_init ] --START--
INFO: Run Behavior\BuildLiteBehavior [ RunTime:0.000000s ]
INFO: [ app_init ] --END-- [ RunTime:0.001000s ]
ERR: 无法加载模块:Goods

[ 2016-06-05T21:26:43+08:00 ] 127.0.0.1 /Public/Uploads/%E5%95%86%E5%93%811
INFO: [ app_init ] --START--
INFO: Run Behavior\BuildLiteBehavior [ RunTime:0.000000s ]
INFO: [ app_init ] --END-- [ RunTime:0.000000s ]
ERR: 无法加载模块:Public

[ 2016-06-05T21:26:43+08:00 ] 127.0.0.1 /Public/Uploads/%E5%BE%88%E5%A5%BD%E7%9A%84%E4%B8%9C%E8%A5%BF
INFO: [ app_init ] --START--
INFO: Run Behavior\BuildLiteBehavior [ RunTime:0.000000s ]
INFO: [ app_init ] --END-- [ RunTime:0.000000s ]
ERR: 无法加载模块:Public

[ 2016-06-05T21:26:43+08:00 ] 127.0.0.1 /Public/Uploads/eeeeeeeeeeeeeee
INFO: [ app_init ] --START--
INFO: Run Behavior\BuildLiteBehavior [ RunTime:0.000000s ]
INFO: [ app_init ] --END-- [ RunTime:0.000000s ]
ERR: 无法加载模块:Public

[ 2016-06-05T21:26:43+08:00 ] 127.0.0.1 /Public/Uploads/aaaaaaaaaaaaaaa
INFO: [ app_init ] --START--
INFO: Run Behavior\BuildLiteBehavior [ RunTime:0.000000s ]
INFO: [ app_init ] --END-- [ RunTime:0.001000s ]
ERR: 无法加载模块:Public

[ 2016-06-05T21:26:43+08:00 ] 127.0.0.1 /Public/Uploads/cccccccccccccccc
INFO: [ app_init ] --START--
INFO: Run Behavior\BuildLiteBehavior [ RunTime:0.000000s ]
INFO: [ app_init ] --END-- [ RunTime:0.000000s ]
ERR: 无法加载模块:Public

[ 2016-06-05T21:26:44+08:00 ] 127.0.0.1 /Public/Uploads/%E5%87%BA%E9%94%99%E9%94%99%E9%94%99%E9%94%99
INFO: [ app_init ] --START--
INFO: Run Behavior\BuildLiteBehavior [ RunTime:0.000000s ]
INFO: [ app_init ] --END-- [ RunTime:0.000000s ]
ERR: 无法加载模块:Public

[ 2016-06-05T21:26:44+08:00 ] 127.0.0.1 /Public/Uploads/cccccccccccccccc
INFO: [ app_init ] --START--
INFO: Run Behavior\BuildLiteBehavior [ RunTime:0.000000s ]
INFO: [ app_init ] --END-- [ RunTime:0.016001s ]
ERR: 无法加载模块:Public

[ 2016-06-05T21:26:44+08:00 ] 127.0.0.1 /Public/Uploads/aaaaaaaaaaaaaaa
INFO: [ app_init ] --START--
INFO: Run Behavior\BuildLiteBehavior [ RunTime:0.000000s ]
INFO: [ app_init ] --END-- [ RunTime:0.000000s ]
ERR: 无法加载模块:Public

[ 2016-06-05T21:26:44+08:00 ] 127.0.0.1 /Public/Uploads/eeeeeeeeeeeeeee
INFO: [ app_init ] --START--
INFO: Run Behavior\BuildLiteBehavior [ RunTime:0.000000s ]
INFO: [ app_init ] --END-- [ RunTime:0.000000s ]
ERR: 无法加载模块:Public

[ 2016-06-05T21:26:44+08:00 ] 127.0.0.1 /Public/Uploads/%E5%BE%88%E5%A5%BD%E7%9A%84%E4%B8%9C%E8%A5%BF
INFO: [ app_init ] --START--
INFO: Run Behavior\BuildLiteBehavior [ RunTime:0.000000s ]
INFO: [ app_init ] --END-- [ RunTime:0.000000s ]
ERR: 无法加载模块:Public

[ 2016-06-05T21:28:39+08:00 ] 127.0.0.1 /Public/Uploads/%E5%95%86%E5%93%811
INFO: [ app_init ] --START--
INFO: Run Behavior\BuildLiteBehavior [ RunTime:0.000000s ]
INFO: [ app_init ] --END-- [ RunTime:0.001000s ]
ERR: 无法加载模块:Public

[ 2016-06-05T21:28:39+08:00 ] 127.0.0.1 /Public/Uploads/%E5%BE%88%E5%A5%BD%E7%9A%84%E4%B8%9C%E8%A5%BF
INFO: [ app_init ] --START--
INFO: Run Behavior\BuildLiteBehavior [ RunTime:0.000000s ]
INFO: [ app_init ] --END-- [ RunTime:0.001000s ]
ERR: 无法加载模块:Public

[ 2016-06-05T21:28:39+08:00 ] 127.0.0.1 /Public/Uploads/%E5%87%BA%E9%94%99%E9%94%99%E9%94%99%E9%94%99
INFO: [ app_init ] --START--
INFO: Run Behavior\BuildLiteBehavior [ RunTime:0.000000s ]
INFO: [ app_init ] --END-- [ RunTime:0.000000s ]
ERR: 无法加载模块:Public

[ 2016-06-05T21:28:39+08:00 ] 127.0.0.1 /Public/Uploads/aaaaaaaaaaaaaaa
INFO: [ app_init ] --START--
INFO: Run Behavior\BuildLiteBehavior [ RunTime:0.000000s ]
INFO: [ app_init ] --END-- [ RunTime:0.000000s ]
ERR: 无法加载模块:Public

[ 2016-06-05T21:28:39+08:00 ] 127.0.0.1 /Public/Uploads/cccccccccccccccc
INFO: [ app_init ] --START--
INFO: Run Behavior\BuildLiteBehavior [ RunTime:0.000000s ]
INFO: [ app_init ] --END-- [ RunTime:0.000000s ]
ERR: 无法加载模块:Public

[ 2016-06-05T21:28:39+08:00 ] 127.0.0.1 /Public/Uploads/eeeeeeeeeeeeeee
INFO: [ app_init ] --START--
INFO: Run Behavior\BuildLiteBehavior [ RunTime:0.000000s ]
INFO: [ app_init ] --END-- [ RunTime:0.000000s ]
ERR: 无法加载模块:Public

[ 2016-06-05T21:30:31+08:00 ] 127.0.0.1 /Public/Uploads/%E5%95%86%E5%93%811
INFO: [ app_init ] --START--
INFO: Run Behavior\BuildLiteBehavior [ RunTime:0.000000s ]
INFO: [ app_init ] --END-- [ RunTime:0.000000s ]
ERR: 无法加载模块:Public

[ 2016-06-05T21:30:31+08:00 ] 127.0.0.1 /Public/Uploads/%E5%BE%88%E5%A5%BD%E7%9A%84%E4%B8%9C%E8%A5%BF
INFO: [ app_init ] --START--
INFO: Run Behavior\BuildLiteBehavior [ RunTime:0.000000s ]
INFO: [ app_init ] --END-- [ RunTime:0.001000s ]
ERR: 无法加载模块:Public

[ 2016-06-05T21:30:32+08:00 ] 127.0.0.1 /Public/Uploads/aaaaaaaaaaaaaaa
INFO: [ app_init ] --START--
INFO: Run Behavior\BuildLiteBehavior [ RunTime:0.000000s ]
INFO: [ app_init ] --END-- [ RunTime:0.000000s ]
ERR: 无法加载模块:Public

[ 2016-06-05T21:30:32+08:00 ] 127.0.0.1 /Public/Uploads/eeeeeeeeeeeeeee
INFO: [ app_init ] --START--
INFO: Run Behavior\BuildLiteBehavior [ RunTime:0.000000s ]
INFO: [ app_init ] --END-- [ RunTime:0.001000s ]
ERR: 无法加载模块:Public

[ 2016-06-05T21:30:32+08:00 ] 127.0.0.1 /Public/Uploads/%E5%87%BA%E9%94%99%E9%94%99%E9%94%99%E9%94%99
INFO: [ app_init ] --START--
INFO: Run Behavior\BuildLiteBehavior [ RunTime:0.000000s ]
INFO: [ app_init ] --END-- [ RunTime:0.001001s ]
ERR: 无法加载模块:Public

[ 2016-06-05T21:30:32+08:00 ] 127.0.0.1 /Public/Uploads/cccccccccccccccc
INFO: [ app_init ] --START--
INFO: Run Behavior\BuildLiteBehavior [ RunTime:0.000000s ]
INFO: [ app_init ] --END-- [ RunTime:0.001001s ]
ERR: 无法加载模块:Public

[ 2016-06-05T21:31:03+08:00 ] 127.0.0.1 /Public/Uploads/%E5%95%86%E5%93%811
INFO: [ app_init ] --START--
INFO: Run Behavior\BuildLiteBehavior [ RunTime:0.000000s ]
INFO: [ app_init ] --END-- [ RunTime:0.000000s ]
ERR: 无法加载模块:Public

[ 2016-06-05T21:31:03+08:00 ] 127.0.0.1 /Public/Uploads/%E5%87%BA%E9%94%99%E9%94%99%E9%94%99%E9%94%99
INFO: [ app_init ] --START--
INFO: Run Behavior\BuildLiteBehavior [ RunTime:0.000000s ]
INFO: [ app_init ] --END-- [ RunTime:0.000000s ]
ERR: 无法加载模块:Public

[ 2016-06-05T21:31:03+08:00 ] 127.0.0.1 /Public/Uploads/%E5%BE%88%E5%A5%BD%E7%9A%84%E4%B8%9C%E8%A5%BF
INFO: [ app_init ] --START--
INFO: Run Behavior\BuildLiteBehavior [ RunTime:0.000000s ]
INFO: [ app_init ] --END-- [ RunTime:0.001000s ]
ERR: 无法加载模块:Public

[ 2016-06-05T21:31:03+08:00 ] 127.0.0.1 /Public/Uploads/aaaaaaaaaaaaaaa
INFO: [ app_init ] --START--
INFO: Run Behavior\BuildLiteBehavior [ RunTime:0.000000s ]
INFO: [ app_init ] --END-- [ RunTime:0.000000s ]
ERR: 无法加载模块:Public

[ 2016-06-05T21:31:03+08:00 ] 127.0.0.1 /Public/Uploads/eeeeeeeeeeeeeee
INFO: [ app_init ] --START--
INFO: Run Behavior\BuildLiteBehavior [ RunTime:0.000000s ]
INFO: [ app_init ] --END-- [ RunTime:0.000000s ]
ERR: 无法加载模块:Public

[ 2016-06-05T21:31:03+08:00 ] 127.0.0.1 /Public/Uploads/cccccccccccccccc
INFO: [ app_init ] --START--
INFO: Run Behavior\BuildLiteBehavior [ RunTime:0.000000s ]
INFO: [ app_init ] --END-- [ RunTime:0.001000s ]
ERR: 无法加载模块:Public

[ 2016-06-05T21:31:05+08:00 ] 127.0.0.1 /Public/Uploads/%E5%95%86%E5%93%811
INFO: [ app_init ] --START--
INFO: Run Behavior\BuildLiteBehavior [ RunTime:0.000000s ]
INFO: [ app_init ] --END-- [ RunTime:0.000000s ]
ERR: 无法加载模块:Public

[ 2016-06-05T21:31:06+08:00 ] 127.0.0.1 /Public/Uploads/eeeeeeeeeeeeeee
INFO: [ app_init ] --START--
INFO: Run Behavior\BuildLiteBehavior [ RunTime:0.000000s ]
INFO: [ app_init ] --END-- [ RunTime:0.001000s ]
ERR: 无法加载模块:Public

[ 2016-06-05T21:31:06+08:00 ] 127.0.0.1 /Public/Uploads/%E5%87%BA%E9%94%99%E9%94%99%E9%94%99%E9%94%99
INFO: [ app_init ] --START--
INFO: Run Behavior\BuildLiteBehavior [ RunTime:0.000000s ]
INFO: [ app_init ] --END-- [ RunTime:0.001000s ]
ERR: 无法加载模块:Public

[ 2016-06-05T21:31:06+08:00 ] 127.0.0.1 /Public/Uploads/aaaaaaaaaaaaaaa
INFO: [ app_init ] --START--
INFO: Run Behavior\BuildLiteBehavior [ RunTime:0.000000s ]
INFO: [ app_init ] --END-- [ RunTime:0.000000s ]
ERR: 无法加载模块:Public

[ 2016-06-05T21:31:06+08:00 ] 127.0.0.1 /Public/Uploads/cccccccccccccccc
INFO: [ app_init ] --START--
INFO: Run Behavior\BuildLiteBehavior [ RunTime:0.000000s ]
INFO: [ app_init ] --END-- [ RunTime:0.000000s ]
ERR: 无法加载模块:Public

[ 2016-06-05T21:31:06+08:00 ] 127.0.0.1 /Public/Uploads/%E5%BE%88%E5%A5%BD%E7%9A%84%E4%B8%9C%E8%A5%BF
INFO: [ app_init ] --START--
INFO: Run Behavior\BuildLiteBehavior [ RunTime:0.000000s ]
INFO: [ app_init ] --END-- [ RunTime:0.000000s ]
ERR: 无法加载模块:Public

[ 2016-06-05T21:31:07+08:00 ] 127.0.0.1 /Public/Uploads/%E5%BE%88%E5%A5%BD%E7%9A%84%E4%B8%9C%E8%A5%BF
INFO: [ app_init ] --START--
INFO: Run Behavior\BuildLiteBehavior [ RunTime:0.000000s ]
INFO: [ app_init ] --END-- [ RunTime:0.000000s ]
ERR: 无法加载模块:Public

[ 2016-06-05T21:31:07+08:00 ] 127.0.0.1 /Public/Uploads/%E5%87%BA%E9%94%99%E9%94%99%E9%94%99%E9%94%99
INFO: [ app_init ] --START--
INFO: Run Behavior\BuildLiteBehavior [ RunTime:0.000000s ]
INFO: [ app_init ] --END-- [ RunTime:0.000000s ]
ERR: 无法加载模块:Public

[ 2016-06-05T21:31:07+08:00 ] 127.0.0.1 /Public/Uploads/cccccccccccccccc
INFO: [ app_init ] --START--
INFO: Run Behavior\BuildLiteBehavior [ RunTime:0.000000s ]
INFO: [ app_init ] --END-- [ RunTime:0.001000s ]
ERR: 无法加载模块:Public

[ 2016-06-05T21:31:07+08:00 ] 127.0.0.1 /Public/Uploads/eeeeeeeeeeeeeee
INFO: [ app_init ] --START--
INFO: Run Behavior\BuildLiteBehavior [ RunTime:0.000000s ]
INFO: [ app_init ] --END-- [ RunTime:0.000000s ]
ERR: 无法加载模块:Public

[ 2016-06-05T21:31:07+08:00 ] 127.0.0.1 /Public/Uploads/aaaaaaaaaaaaaaa
INFO: [ app_init ] --START--
INFO: Run Behavior\BuildLiteBehavior [ RunTime:0.000000s ]
INFO: [ app_init ] --END-- [ RunTime:0.000000s ]
ERR: 无法加载模块:Public

[ 2016-06-05T21:32:37+08:00 ] 127.0.0.1 /Public/Uploads/%E5%95%86%E5%93%811
INFO: [ app_init ] --START--
INFO: Run Behavior\BuildLiteBehavior [ RunTime:0.000000s ]
INFO: [ app_init ] --END-- [ RunTime:0.000000s ]
ERR: 无法加载模块:Public

[ 2016-06-05T21:32:37+08:00 ] 127.0.0.1 /Public/Uploads/%E5%BE%88%E5%A5%BD%E7%9A%84%E4%B8%9C%E8%A5%BF
INFO: [ app_init ] --START--
INFO: Run Behavior\BuildLiteBehavior [ RunTime:0.000000s ]
INFO: [ app_init ] --END-- [ RunTime:0.001000s ]
ERR: 无法加载模块:Public

[ 2016-06-05T21:32:37+08:00 ] 127.0.0.1 /Public/Uploads/%E5%87%BA%E9%94%99%E9%94%99%E9%94%99%E9%94%99
INFO: [ app_init ] --START--
INFO: Run Behavior\BuildLiteBehavior [ RunTime:0.000000s ]
INFO: [ app_init ] --END-- [ RunTime:0.000000s ]
ERR: 无法加载模块:Public

[ 2016-06-05T21:32:37+08:00 ] 127.0.0.1 /Public/Uploads/cccccccccccccccc
INFO: [ app_init ] --START--
INFO: Run Behavior\BuildLiteBehavior [ RunTime:0.000000s ]
INFO: [ app_init ] --END-- [ RunTime:0.000000s ]
ERR: 无法加载模块:Public

[ 2016-06-05T21:32:37+08:00 ] 127.0.0.1 /Public/Uploads/aaaaaaaaaaaaaaa
INFO: [ app_init ] --START--
INFO: Run Behavior\BuildLiteBehavior [ RunTime:0.000000s ]
INFO: [ app_init ] --END-- [ RunTime:0.000000s ]
ERR: 无法加载模块:Public

[ 2016-06-05T21:32:37+08:00 ] 127.0.0.1 /Public/Uploads/eeeeeeeeeeeeeee
INFO: [ app_init ] --START--
INFO: Run Behavior\BuildLiteBehavior [ RunTime:0.000000s ]
INFO: [ app_init ] --END-- [ RunTime:0.000000s ]
ERR: 无法加载模块:Public

[ 2016-06-05T21:32:38+08:00 ] 127.0.0.1 /Public/Uploads/%E5%BE%88%E5%A5%BD%E7%9A%84%E4%B8%9C%E8%A5%BF
INFO: [ app_init ] --START--
INFO: Run Behavior\BuildLiteBehavior [ RunTime:0.000000s ]
INFO: [ app_init ] --END-- [ RunTime:0.000000s ]
ERR: 无法加载模块:Public

[ 2016-06-05T21:32:38+08:00 ] 127.0.0.1 /Public/Uploads/cccccccccccccccc
INFO: [ app_init ] --START--
INFO: Run Behavior\BuildLiteBehavior [ RunTime:0.000000s ]
INFO: [ app_init ] --END-- [ RunTime:0.000000s ]
ERR: 无法加载模块:Public

[ 2016-06-05T21:32:38+08:00 ] 127.0.0.1 /Public/Uploads/eeeeeeeeeeeeeee
INFO: [ app_init ] --START--
INFO: Run Behavior\BuildLiteBehavior [ RunTime:0.000000s ]
INFO: [ app_init ] --END-- [ RunTime:0.000000s ]
ERR: 无法加载模块:Public

[ 2016-06-05T21:32:38+08:00 ] 127.0.0.1 /Public/Uploads/%E5%87%BA%E9%94%99%E9%94%99%E9%94%99%E9%94%99
INFO: [ app_init ] --START--
INFO: Run Behavior\BuildLiteBehavior [ RunTime:0.000000s ]
INFO: [ app_init ] --END-- [ RunTime:0.000000s ]
ERR: 无法加载模块:Public

[ 2016-06-05T21:32:38+08:00 ] 127.0.0.1 /Public/Uploads/aaaaaaaaaaaaaaa
INFO: [ app_init ] --START--
INFO: Run Behavior\BuildLiteBehavior [ RunTime:0.000000s ]
INFO: [ app_init ] --END-- [ RunTime:0.000000s ]
ERR: 无法加载模块:Public

[ 2016-06-05T21:33:32+08:00 ] 127.0.0.1 /Public/Uploads/%E5%95%86%E5%93%811
INFO: [ app_init ] --START--
INFO: Run Behavior\BuildLiteBehavior [ RunTime:0.000000s ]
INFO: [ app_init ] --END-- [ RunTime:0.000000s ]
ERR: 无法加载模块:Public

[ 2016-06-05T21:33:32+08:00 ] 127.0.0.1 /Public/Uploads/%E5%87%BA%E9%94%99%E9%94%99%E9%94%99%E9%94%99
INFO: [ app_init ] --START--
INFO: Run Behavior\BuildLiteBehavior [ RunTime:0.000000s ]
INFO: [ app_init ] --END-- [ RunTime:0.001000s ]
ERR: 无法加载模块:Public

[ 2016-06-05T21:33:32+08:00 ] 127.0.0.1 /Public/Uploads/%E5%BE%88%E5%A5%BD%E7%9A%84%E4%B8%9C%E8%A5%BF
INFO: [ app_init ] --START--
INFO: Run Behavior\BuildLiteBehavior [ RunTime:0.000000s ]
INFO: [ app_init ] --END-- [ RunTime:0.000000s ]
ERR: 无法加载模块:Public

[ 2016-06-05T21:33:32+08:00 ] 127.0.0.1 /Public/Uploads/eeeeeeeeeeeeeee
INFO: [ app_init ] --START--
INFO: Run Behavior\BuildLiteBehavior [ RunTime:0.000000s ]
INFO: [ app_init ] --END-- [ RunTime:0.000000s ]
ERR: 无法加载模块:Public

[ 2016-06-05T21:33:32+08:00 ] 127.0.0.1 /Public/Uploads/cccccccccccccccc
INFO: [ app_init ] --START--
INFO: Run Behavior\BuildLiteBehavior [ RunTime:0.000000s ]
INFO: [ app_init ] --END-- [ RunTime:0.000000s ]
ERR: 无法加载模块:Public

[ 2016-06-05T21:33:32+08:00 ] 127.0.0.1 /Public/Uploads/aaaaaaaaaaaaaaa
INFO: [ app_init ] --START--
INFO: Run Behavior\BuildLiteBehavior [ RunTime:0.000000s ]
INFO: [ app_init ] --END-- [ RunTime:0.000000s ]
ERR: 无法加载模块:Public

[ 2016-06-05T21:34:12+08:00 ] 127.0.0.1 /Public/Uploads/%E5%95%86%E5%93%811
INFO: [ app_init ] --START--
INFO: Run Behavior\BuildLiteBehavior [ RunTime:0.000000s ]
INFO: [ app_init ] --END-- [ RunTime:0.000000s ]
ERR: 无法加载模块:Public

[ 2016-06-05T21:34:16+08:00 ] 127.0.0.1 /Public/Uploads/%E5%87%BA%E9%94%99%E9%94%99%E9%94%99%E9%94%99
INFO: [ app_init ] --START--
INFO: Run Behavior\BuildLiteBehavior [ RunTime:0.000000s ]
INFO: [ app_init ] --END-- [ RunTime:0.000000s ]
ERR: 无法加载模块:Public

[ 2016-06-05T21:34:16+08:00 ] 127.0.0.1 /Public/Uploads/%E5%BE%88%E5%A5%BD%E7%9A%84%E4%B8%9C%E8%A5%BF
INFO: [ app_init ] --START--
INFO: Run Behavior\BuildLiteBehavior [ RunTime:0.000000s ]
INFO: [ app_init ] --END-- [ RunTime:0.001000s ]
ERR: 无法加载模块:Public

[ 2016-06-05T21:34:17+08:00 ] 127.0.0.1 /Public/Uploads/aaaaaaaaaaaaaaa
INFO: [ app_init ] --START--
INFO: Run Behavior\BuildLiteBehavior [ RunTime:0.000000s ]
INFO: [ app_init ] --END-- [ RunTime:0.000000s ]
ERR: 无法加载模块:Public

[ 2016-06-05T21:34:17+08:00 ] 127.0.0.1 /Public/Uploads/cccccccccccccccc
INFO: [ app_init ] --START--
INFO: Run Behavior\BuildLiteBehavior [ RunTime:0.000000s ]
INFO: [ app_init ] --END-- [ RunTime:0.000000s ]
ERR: 无法加载模块:Public

[ 2016-06-05T21:34:17+08:00 ] 127.0.0.1 /Public/Uploads/eeeeeeeeeeeeeee
INFO: [ app_init ] --START--
INFO: Run Behavior\BuildLiteBehavior [ RunTime:0.000000s ]
INFO: [ app_init ] --END-- [ RunTime:0.000000s ]
ERR: 无法加载模块:Public

[ 2016-06-05T21:34:18+08:00 ] 127.0.0.1 /Public/Uploads/%E5%87%BA%E9%94%99%E9%94%99%E9%94%99%E9%94%99
INFO: [ app_init ] --START--
INFO: Run Behavior\BuildLiteBehavior [ RunTime:0.000000s ]
INFO: [ app_init ] --END-- [ RunTime:0.000000s ]
ERR: 无法加载模块:Public

[ 2016-06-05T21:34:18+08:00 ] 127.0.0.1 /Public/Uploads/%E5%BE%88%E5%A5%BD%E7%9A%84%E4%B8%9C%E8%A5%BF
INFO: [ app_init ] --START--
INFO: Run Behavior\BuildLiteBehavior [ RunTime:0.000000s ]
INFO: [ app_init ] --END-- [ RunTime:0.001000s ]
ERR: 无法加载模块:Public

[ 2016-06-05T21:34:19+08:00 ] 127.0.0.1 /Public/Uploads/%E5%95%86%E5%93%811
INFO: [ app_init ] --START--
INFO: Run Behavior\BuildLiteBehavior [ RunTime:0.000000s ]
INFO: [ app_init ] --END-- [ RunTime:0.000000s ]
ERR: 无法加载模块:Public

[ 2016-06-05T21:34:34+08:00 ] 127.0.0.1 /Public/Uploads/%E5%BE%88%E5%A5%BD%E7%9A%84%E4%B8%9C%E8%A5%BF
INFO: [ app_init ] --START--
INFO: Run Behavior\BuildLiteBehavior [ RunTime:0.000000s ]
INFO: [ app_init ] --END-- [ RunTime:0.000000s ]
ERR: 无法加载模块:Public

[ 2016-06-05T21:34:34+08:00 ] 127.0.0.1 /Public/Uploads/%E5%87%BA%E9%94%99%E9%94%99%E9%94%99%E9%94%99
INFO: [ app_init ] --START--
INFO: Run Behavior\BuildLiteBehavior [ RunTime:0.000000s ]
INFO: [ app_init ] --END-- [ RunTime:0.000000s ]
ERR: 无法加载模块:Public

[ 2016-06-05T21:38:13+08:00 ] 127.0.0.1 /Public/Uploads/%E5%BE%88%E5%A5%BD%E7%9A%84%E4%B8%9C%E8%A5%BF
INFO: [ app_init ] --START--
INFO: Run Behavior\BuildLiteBehavior [ RunTime:0.000000s ]
INFO: [ app_init ] --END-- [ RunTime:0.001000s ]
ERR: 无法加载模块:Public

[ 2016-06-05T21:38:13+08:00 ] 127.0.0.1 /Public/Uploads/%E5%87%BA%E9%94%99%E9%94%99%E9%94%99%E9%94%99
INFO: [ app_init ] --START--
INFO: Run Behavior\BuildLiteBehavior [ RunTime:0.000000s ]
INFO: [ app_init ] --END-- [ RunTime:0.001000s ]
ERR: 无法加载模块:Public

[ 2016-06-05T21:38:16+08:00 ] 127.0.0.1 /Public/Uploads/%E5%87%BA%E9%94%99%E9%94%99%E9%94%99%E9%94%99
INFO: [ app_init ] --START--
INFO: Run Behavior\BuildLiteBehavior [ RunTime:0.000000s ]
INFO: [ app_init ] --END-- [ RunTime:0.000000s ]
ERR: 无法加载模块:Public

[ 2016-06-05T21:38:16+08:00 ] 127.0.0.1 /Public/Uploads/%E5%BE%88%E5%A5%BD%E7%9A%84%E4%B8%9C%E8%A5%BF
INFO: [ app_init ] --START--
INFO: Run Behavior\BuildLiteBehavior [ RunTime:0.000000s ]
INFO: [ app_init ] --END-- [ RunTime:0.000000s ]
ERR: 无法加载模块:Public

[ 2016-06-05T21:40:22+08:00 ] 127.0.0.1 /Public/Uploads/%E5%87%BA%E9%94%99%E9%94%99%E9%94%99%E9%94%99
INFO: [ app_init ] --START--
INFO: Run Behavior\BuildLiteBehavior [ RunTime:0.000000s ]
INFO: [ app_init ] --END-- [ RunTime:0.000000s ]
ERR: 无法加载模块:Public

[ 2016-06-05T21:40:22+08:00 ] 127.0.0.1 /Public/Uploads/%E5%BE%88%E5%A5%BD%E7%9A%84%E4%B8%9C%E8%A5%BF
INFO: [ app_init ] --START--
INFO: Run Behavior\BuildLiteBehavior [ RunTime:0.000000s ]
INFO: [ app_init ] --END-- [ RunTime:0.001000s ]
ERR: 无法加载模块:Public

[ 2016-06-05T21:40:44+08:00 ] 127.0.0.1 /Public/Uploads/%E5%87%BA%E9%94%99%E9%94%99%E9%94%99%E9%94%99
INFO: [ app_init ] --START--
INFO: Run Behavior\BuildLiteBehavior [ RunTime:0.000000s ]
INFO: [ app_init ] --END-- [ RunTime:0.000000s ]
ERR: 无法加载模块:Public

[ 2016-06-05T21:40:44+08:00 ] 127.0.0.1 /Public/Uploads/%E5%BE%88%E5%A5%BD%E7%9A%84%E4%B8%9C%E8%A5%BF
INFO: [ app_init ] --START--
INFO: Run Behavior\BuildLiteBehavior [ RunTime:0.000000s ]
INFO: [ app_init ] --END-- [ RunTime:0.001000s ]
ERR: 无法加载模块:Public

[ 2016-06-05T21:40:45+08:00 ] 127.0.0.1 /Public/Uploads/%E5%BE%88%E5%A5%BD%E7%9A%84%E4%B8%9C%E8%A5%BF
INFO: [ app_init ] --START--
INFO: Run Behavior\BuildLiteBehavior [ RunTime:0.000000s ]
INFO: [ app_init ] --END-- [ RunTime:0.000000s ]
ERR: 无法加载模块:Public

[ 2016-06-05T21:40:45+08:00 ] 127.0.0.1 /Public/Uploads/%E5%87%BA%E9%94%99%E9%94%99%E9%94%99%E9%94%99
INFO: [ app_init ] --START--
INFO: Run Behavior\BuildLiteBehavior [ RunTime:0.000000s ]
INFO: [ app_init ] --END-- [ RunTime:0.001000s ]
ERR: 无法加载模块:Public

[ 2016-06-05T21:41:02+08:00 ] 127.0.0.1 /Public/Uploads/%E5%87%BA%E9%94%99%E9%94%99%E9%94%99%E9%94%99
INFO: [ app_init ] --START--
INFO: Run Behavior\BuildLiteBehavior [ RunTime:0.000000s ]
INFO: [ app_init ] --END-- [ RunTime:0.000000s ]
ERR: 无法加载模块:Public

[ 2016-06-05T21:41:02+08:00 ] 127.0.0.1 /Public/Uploads/%E5%BE%88%E5%A5%BD%E7%9A%84%E4%B8%9C%E8%A5%BF
INFO: [ app_init ] --START--
INFO: Run Behavior\BuildLiteBehavior [ RunTime:0.000000s ]
INFO: [ app_init ] --END-- [ RunTime:0.000000s ]
ERR: 无法加载模块:Public

[ 2016-06-05T21:41:59+08:00 ] 127.0.0.1 /Public/Uploads/%E5%87%BA%E9%94%99%E9%94%99%E9%94%99%E9%94%99
INFO: [ app_init ] --START--
INFO: Run Behavior\BuildLiteBehavior [ RunTime:0.000000s ]
INFO: [ app_init ] --END-- [ RunTime:0.000000s ]
ERR: 无法加载模块:Public

[ 2016-06-05T21:41:59+08:00 ] 127.0.0.1 /Public/Uploads/%E5%BE%88%E5%A5%BD%E7%9A%84%E4%B8%9C%E8%A5%BF
INFO: [ app_init ] --START--
INFO: Run Behavior\BuildLiteBehavior [ RunTime:0.000000s ]
INFO: [ app_init ] --END-- [ RunTime:0.000000s ]
ERR: 无法加载模块:Public

[ 2016-06-05T21:43:03+08:00 ] 127.0.0.1 /Public/Uploads/%E5%BE%88%E5%A5%BD%E7%9A%84%E4%B8%9C%E8%A5%BF
INFO: [ app_init ] --START--
INFO: Run Behavior\BuildLiteBehavior [ RunTime:0.000000s ]
INFO: [ app_init ] --END-- [ RunTime:0.000000s ]
ERR: 无法加载模块:Public

[ 2016-06-05T21:43:03+08:00 ] 127.0.0.1 /Public/Uploads/%E5%87%BA%E9%94%99%E9%94%99%E9%94%99%E9%94%99
INFO: [ app_init ] --START--
INFO: Run Behavior\BuildLiteBehavior [ RunTime:0.000000s ]
INFO: [ app_init ] --END-- [ RunTime:0.001000s ]
ERR: 无法加载模块:Public

[ 2016-06-05T21:44:27+08:00 ] 127.0.0.1 /Public/Uploads/%E5%BE%88%E5%A5%BD%E7%9A%84%E4%B8%9C%E8%A5%BF
INFO: [ app_init ] --START--
INFO: Run Behavior\BuildLiteBehavior [ RunTime:0.000000s ]
INFO: [ app_init ] --END-- [ RunTime:0.000000s ]
ERR: 无法加载模块:Public

[ 2016-06-05T21:44:27+08:00 ] 127.0.0.1 /Public/Uploads/%E5%87%BA%E9%94%99%E9%94%99%E9%94%99%E9%94%99
INFO: [ app_init ] --START--
INFO: Run Behavior\BuildLiteBehavior [ RunTime:0.000000s ]
INFO: [ app_init ] --END-- [ RunTime:0.000000s ]
ERR: 无法加载模块:Public

[ 2016-06-05T21:52:41+08:00 ] 127.0.0.1 /Public/Uploads/%E5%87%BA%E9%94%99%E9%94%99%E9%94%99%E9%94%99
INFO: [ app_init ] --START--
INFO: Run Behavior\BuildLiteBehavior [ RunTime:0.000000s ]
INFO: [ app_init ] --END-- [ RunTime:0.001000s ]
ERR: 无法加载模块:Public

[ 2016-06-05T21:52:41+08:00 ] 127.0.0.1 /Public/Uploads/%E5%BE%88%E5%A5%BD%E7%9A%84%E4%B8%9C%E8%A5%BF
INFO: [ app_init ] --START--
INFO: Run Behavior\BuildLiteBehavior [ RunTime:0.000000s ]
INFO: [ app_init ] --END-- [ RunTime:0.000000s ]
ERR: 无法加载模块:Public

[ 2016-06-05T21:55:32+08:00 ] 127.0.0.1 /Public/Uploads/%E5%BE%88%E5%A5%BD%E7%9A%84%E4%B8%9C%E8%A5%BF
INFO: [ app_init ] --START--
INFO: Run Behavior\BuildLiteBehavior [ RunTime:0.000000s ]
INFO: [ app_init ] --END-- [ RunTime:0.000000s ]
ERR: 无法加载模块:Public

[ 2016-06-05T21:55:32+08:00 ] 127.0.0.1 /Public/Uploads/%E5%87%BA%E9%94%99%E9%94%99%E9%94%99%E9%94%99
INFO: [ app_init ] --START--
INFO: Run Behavior\BuildLiteBehavior [ RunTime:0.000000s ]
INFO: [ app_init ] --END-- [ RunTime:0.001000s ]
ERR: 无法加载模块:Public

[ 2016-06-05T21:55:53+08:00 ] 127.0.0.1 /Public/Uploads/%E5%BE%88%E5%A5%BD%E7%9A%84%E4%B8%9C%E8%A5%BF
INFO: [ app_init ] --START--
INFO: Run Behavior\BuildLiteBehavior [ RunTime:0.000000s ]
INFO: [ app_init ] --END-- [ RunTime:0.000000s ]
ERR: 无法加载模块:Public

[ 2016-06-05T21:55:53+08:00 ] 127.0.0.1 /Public/Uploads/%E5%87%BA%E9%94%99%E9%94%99%E9%94%99%E9%94%99
INFO: [ app_init ] --START--
INFO: Run Behavior\BuildLiteBehavior [ RunTime:0.000000s ]
INFO: [ app_init ] --END-- [ RunTime:0.000000s ]
ERR: 无法加载模块:Public

[ 2016-06-05T21:56:03+08:00 ] 127.0.0.1 /Public/Uploads/%E5%87%BA%E9%94%99%E9%94%99%E9%94%99%E9%94%99
INFO: [ app_init ] --START--
INFO: Run Behavior\BuildLiteBehavior [ RunTime:0.000000s ]
INFO: [ app_init ] --END-- [ RunTime:0.001001s ]
ERR: 无法加载模块:Public

[ 2016-06-05T21:56:03+08:00 ] 127.0.0.1 /Public/Uploads/%E5%BE%88%E5%A5%BD%E7%9A%84%E4%B8%9C%E8%A5%BF
INFO: [ app_init ] --START--
INFO: Run Behavior\BuildLiteBehavior [ RunTime:0.000000s ]
INFO: [ app_init ] --END-- [ RunTime:0.001000s ]
ERR: 无法加载模块:Public

[ 2016-06-05T21:56:22+08:00 ] 127.0.0.1 /Public/Uploads/%E5%BE%88%E5%A5%BD%E7%9A%84%E4%B8%9C%E8%A5%BF
INFO: [ app_init ] --START--
INFO: Run Behavior\BuildLiteBehavior [ RunTime:0.000000s ]
INFO: [ app_init ] --END-- [ RunTime:0.000000s ]
ERR: 无法加载模块:Public

[ 2016-06-05T21:56:22+08:00 ] 127.0.0.1 /Public/Uploads/%E5%87%BA%E9%94%99%E9%94%99%E9%94%99%E9%94%99
INFO: [ app_init ] --START--
INFO: Run Behavior\BuildLiteBehavior [ RunTime:0.000000s ]
INFO: [ app_init ] --END-- [ RunTime:0.001000s ]
ERR: 无法加载模块:Public

[ 2016-06-05T21:58:18+08:00 ] 127.0.0.1 /Public/Uploads/%E5%95%86%E5%93%811
INFO: [ app_init ] --START--
INFO: Run Behavior\BuildLiteBehavior [ RunTime:0.000000s ]
INFO: [ app_init ] --END-- [ RunTime:0.000000s ]
ERR: 无法加载模块:Public

[ 2016-06-05T21:58:26+08:00 ] 127.0.0.1 /Public/Uploads/%E5%95%86%E5%93%811
INFO: [ app_init ] --START--
INFO: Run Behavior\BuildLiteBehavior [ RunTime:0.000000s ]
INFO: [ app_init ] --END-- [ RunTime:0.000000s ]
ERR: 无法加载模块:Public

[ 2016-06-05T21:58:33+08:00 ] 127.0.0.1 /Public/Uploads/%E5%BE%88%E5%A5%BD%E7%9A%84%E4%B8%9C%E8%A5%BF
INFO: [ app_init ] --START--
INFO: Run Behavior\BuildLiteBehavior [ RunTime:0.000000s ]
INFO: [ app_init ] --END-- [ RunTime:0.000000s ]
ERR: 无法加载模块:Public

[ 2016-06-05T21:58:33+08:00 ] 127.0.0.1 /Public/Uploads/%E5%87%BA%E9%94%99%E9%94%99%E9%94%99%E9%94%99
INFO: [ app_init ] --START--
INFO: Run Behavior\BuildLiteBehavior [ RunTime:0.000000s ]
INFO: [ app_init ] --END-- [ RunTime:0.002000s ]
ERR: 无法加载模块:Public

[ 2016-06-05T21:58:37+08:00 ] 127.0.0.1 /Public/Uploads/%E5%87%BA%E9%94%99%E9%94%99%E9%94%99%E9%94%99
INFO: [ app_init ] --START--
INFO: Run Behavior\BuildLiteBehavior [ RunTime:0.000000s ]
INFO: [ app_init ] --END-- [ RunTime:0.000000s ]
ERR: 无法加载模块:Public

[ 2016-06-05T21:58:37+08:00 ] 127.0.0.1 /Public/Uploads/%E5%BE%88%E5%A5%BD%E7%9A%84%E4%B8%9C%E8%A5%BF
INFO: [ app_init ] --START--
INFO: Run Behavior\BuildLiteBehavior [ RunTime:0.000000s ]
INFO: [ app_init ] --END-- [ RunTime:0.001000s ]
ERR: 无法加载模块:Public

[ 2016-06-05T21:59:06+08:00 ] 127.0.0.1 /Public/Uploads/%E5%87%BA%E9%94%99%E9%94%99%E9%94%99%E9%94%99
INFO: [ app_init ] --START--
INFO: Run Behavior\BuildLiteBehavior [ RunTime:0.001000s ]
INFO: [ app_init ] --END-- [ RunTime:0.001000s ]
ERR: 无法加载模块:Public

[ 2016-06-05T21:59:06+08:00 ] 127.0.0.1 /Public/Uploads/%E5%BE%88%E5%A5%BD%E7%9A%84%E4%B8%9C%E8%A5%BF
INFO: [ app_init ] --START--
INFO: Run Behavior\BuildLiteBehavior [ RunTime:0.000000s ]
INFO: [ app_init ] --END-- [ RunTime:0.001000s ]
ERR: 无法加载模块:Public

