[ 2016-06-13T14:25:54+08:00 ] 127.0.0.1 /Public/Uploads/Brand/2015-10-13/561cc92ba6c33.jpg
INFO: [ app_init ] --START--
INFO: Run Behavior\BuildLiteBehavior [ RunTime:0.000000s ]
INFO: [ app_init ] --END-- [ RunTime:0.000000s ]
ERR: 无法加载模块:Public

[ 2016-06-13T17:08:06+08:00 ] 127.0.0.1 /Public/Uploads/Brand/2015-10-13/561cc92ba6c33.jpg
INFO: [ app_init ] --START--
INFO: Run Behavior\BuildLiteBehavior [ RunTime:0.000000s ]
INFO: [ app_init ] --END-- [ RunTime:0.002001s ]
ERR: 无法加载模块:Public

[ 2016-06-13T17:15:05+08:00 ] 127.0.0.1 /Public/Uploads/Brand/2015-10-13/561cc92ba6c33.jpg
INFO: [ app_init ] --START--
INFO: Run Behavior\BuildLiteBehavior [ RunTime:0.000000s ]
INFO: [ app_init ] --END-- [ RunTime:0.000000s ]
ERR: 无法加载模块:Public

[ 2016-06-13T17:15:15+08:00 ] 127.0.0.1 /Public/Uploads/Brand/2015-10-13/561cc92ba6c33.jpg
INFO: [ app_init ] --START--
INFO: Run Behavior\BuildLiteBehavior [ RunTime:0.000000s ]
INFO: [ app_init ] --END-- [ RunTime:0.000000s ]
ERR: 无法加载模块:Public

[ 2016-06-13T22:03:44+08:00 ] 127.0.0.1 /Public/Uploads/Brand/2015-10-13/561cc92ba6c33.jpg
INFO: [ app_init ] --START--
INFO: Run Behavior\BuildLiteBehavior [ RunTime:0.000000s ]
INFO: [ app_init ] --END-- [ RunTime:0.000000s ]
ERR: 无法加载模块:Public

[ 2016-06-13T22:03:52+08:00 ] 127.0.0.1 /Public/Uploads/Brand/2015-10-13/561cc92ba6c33.jpg
INFO: [ app_init ] --START--
INFO: Run Behavior\BuildLiteBehavior [ RunTime:0.000000s ]
INFO: [ app_init ] --END-- [ RunTime:0.000000s ]
ERR: 无法加载模块:Public

