[ 2016-06-06T10:51:52+08:00 ] 127.0.0.1 /Public/Uploads/%E5%95%86%E5%93%811
INFO: [ app_init ] --START--
INFO: Run Behavior\BuildLiteBehavior [ RunTime:0.000000s ]
INFO: [ app_init ] --END-- [ RunTime:0.000000s ]
ERR: 无法加载模块:Public

[ 2016-06-06T10:51:56+08:00 ] 127.0.0.1 /Public/Uploads/%E5%87%BA%E9%94%99%E9%94%99%E9%94%99%E9%94%99
INFO: [ app_init ] --START--
INFO: Run Behavior\BuildLiteBehavior [ RunTime:0.000000s ]
INFO: [ app_init ] --END-- [ RunTime:0.000000s ]
ERR: 无法加载模块:Public

[ 2016-06-06T10:51:56+08:00 ] 127.0.0.1 /Public/Uploads/%E5%BE%88%E5%A5%BD%E7%9A%84%E4%B8%9C%E8%A5%BF
INFO: [ app_init ] --START--
INFO: Run Behavior\BuildLiteBehavior [ RunTime:0.000000s ]
INFO: [ app_init ] --END-- [ RunTime:0.000000s ]
ERR: 无法加载模块:Public

[ 2016-06-06T10:52:03+08:00 ] 127.0.0.1 /Public/Uploads/%E5%BE%88%E5%A5%BD%E7%9A%84%E4%B8%9C%E8%A5%BF
INFO: [ app_init ] --START--
INFO: Run Behavior\BuildLiteBehavior [ RunTime:0.000000s ]
INFO: [ app_init ] --END-- [ RunTime:0.000000s ]
ERR: 无法加载模块:Public

[ 2016-06-06T10:52:03+08:00 ] 127.0.0.1 /Public/Uploads/%E5%87%BA%E9%94%99%E9%94%99%E9%94%99%E9%94%99
INFO: [ app_init ] --START--
INFO: Run Behavior\BuildLiteBehavior [ RunTime:0.000000s ]
INFO: [ app_init ] --END-- [ RunTime:0.001000s ]
ERR: 无法加载模块:Public

[ 2016-06-06T10:52:47+08:00 ] 127.0.0.1 /Public/Uploads/%E5%BE%88%E5%A5%BD%E7%9A%84%E4%B8%9C%E8%A5%BF
INFO: [ app_init ] --START--
INFO: Run Behavior\BuildLiteBehavior [ RunTime:0.000000s ]
INFO: [ app_init ] --END-- [ RunTime:0.001000s ]
ERR: 无法加载模块:Public

[ 2016-06-06T10:52:47+08:00 ] 127.0.0.1 /Public/Uploads/%E5%87%BA%E9%94%99%E9%94%99%E9%94%99%E9%94%99
INFO: [ app_init ] --START--
INFO: Run Behavior\BuildLiteBehavior [ RunTime:0.000000s ]
INFO: [ app_init ] --END-- [ RunTime:0.004000s ]
ERR: 无法加载模块:Public

[ 2016-06-06T10:52:50+08:00 ] 127.0.0.1 /Public/Uploads/%E5%87%BA%E9%94%99%E9%94%99%E9%94%99%E9%94%99
INFO: [ app_init ] --START--
INFO: Run Behavior\BuildLiteBehavior [ RunTime:0.000000s ]
INFO: [ app_init ] --END-- [ RunTime:0.000000s ]
ERR: 无法加载模块:Public

[ 2016-06-06T10:52:50+08:00 ] 127.0.0.1 /Public/Uploads/%E5%BE%88%E5%A5%BD%E7%9A%84%E4%B8%9C%E8%A5%BF
INFO: [ app_init ] --START--
INFO: Run Behavior\BuildLiteBehavior [ RunTime:0.000000s ]
INFO: [ app_init ] --END-- [ RunTime:0.000000s ]
ERR: 无法加载模块:Public

[ 2016-06-06T10:52:51+08:00 ] 127.0.0.1 /Public/Uploads/%E5%87%BA%E9%94%99%E9%94%99%E9%94%99%E9%94%99
INFO: [ app_init ] --START--
INFO: Run Behavior\BuildLiteBehavior [ RunTime:0.000000s ]
INFO: [ app_init ] --END-- [ RunTime:0.000000s ]
ERR: 无法加载模块:Public

[ 2016-06-06T10:52:51+08:00 ] 127.0.0.1 /Public/Uploads/%E5%BE%88%E5%A5%BD%E7%9A%84%E4%B8%9C%E8%A5%BF
INFO: [ app_init ] --START--
INFO: Run Behavior\BuildLiteBehavior [ RunTime:0.000000s ]
INFO: [ app_init ] --END-- [ RunTime:0.001000s ]
ERR: 无法加载模块:Public

[ 2016-06-06T11:08:34+08:00 ] 127.0.0.1 /Public/Uploads/%E5%95%86%E5%93%811
INFO: [ app_init ] --START--
INFO: Run Behavior\BuildLiteBehavior [ RunTime:0.000000s ]
INFO: [ app_init ] --END-- [ RunTime:0.001000s ]
ERR: 无法加载模块:Public

[ 2016-06-06T11:09:23+08:00 ] 127.0.0.1 /Public/Uploads/aaaaaaaaaaaaaaa
INFO: [ app_init ] --START--
INFO: Run Behavior\BuildLiteBehavior [ RunTime:0.000000s ]
INFO: [ app_init ] --END-- [ RunTime:0.001000s ]
ERR: 无法加载模块:Public

[ 2016-06-06T11:09:23+08:00 ] 127.0.0.1 /Public/Uploads/aaaaaaaaaaaaaaa
INFO: [ app_init ] --START--
INFO: Run Behavior\BuildLiteBehavior [ RunTime:0.000000s ]
INFO: [ app_init ] --END-- [ RunTime:0.000000s ]
ERR: 无法加载模块:Public

[ 2016-06-06T11:17:25+08:00 ] 127.0.0.1 /Public/Uploads/%E5%95%86%E5%93%811
INFO: [ app_init ] --START--
INFO: Run Behavior\BuildLiteBehavior [ RunTime:0.000000s ]
INFO: [ app_init ] --END-- [ RunTime:0.000000s ]
ERR: 无法加载模块:Public

[ 2016-06-06T11:17:51+08:00 ] 127.0.0.1 /Public/Uploads/eeeeeeeeeeeeeee
INFO: [ app_init ] --START--
INFO: Run Behavior\BuildLiteBehavior [ RunTime:0.000000s ]
INFO: [ app_init ] --END-- [ RunTime:0.000000s ]
ERR: 无法加载模块:Public

[ 2016-06-06T11:17:51+08:00 ] 127.0.0.1 /Public/Uploads/aaaaaaaaaaaaaaa
INFO: [ app_init ] --START--
INFO: Run Behavior\BuildLiteBehavior [ RunTime:0.000000s ]
INFO: [ app_init ] --END-- [ RunTime:0.000000s ]
ERR: 无法加载模块:Public

[ 2016-06-06T11:18:10+08:00 ] 127.0.0.1 /Public/Uploads/aaaaaaaaaaaaaaa
INFO: [ app_init ] --START--
INFO: Run Behavior\BuildLiteBehavior [ RunTime:0.000000s ]
INFO: [ app_init ] --END-- [ RunTime:0.000000s ]
ERR: 无法加载模块:Public

[ 2016-06-06T11:18:10+08:00 ] 127.0.0.1 /Public/Uploads/eeeeeeeeeeeeeee
INFO: [ app_init ] --START--
INFO: Run Behavior\BuildLiteBehavior [ RunTime:0.000000s ]
INFO: [ app_init ] --END-- [ RunTime:0.000000s ]
ERR: 无法加载模块:Public

[ 2016-06-06T11:20:14+08:00 ] 127.0.0.1 /Public/Uploads/%E5%BE%88%E5%A5%BD%E7%9A%84%E4%B8%9C%E8%A5%BF
INFO: [ app_init ] --START--
INFO: Run Behavior\BuildLiteBehavior [ RunTime:0.000000s ]
INFO: [ app_init ] --END-- [ RunTime:0.000000s ]
ERR: 无法加载模块:Public

[ 2016-06-06T11:20:14+08:00 ] 127.0.0.1 /Public/Uploads/%E5%87%BA%E9%94%99%E9%94%99%E9%94%99%E9%94%99
INFO: [ app_init ] --START--
INFO: Run Behavior\BuildLiteBehavior [ RunTime:0.000000s ]
INFO: [ app_init ] --END-- [ RunTime:0.001000s ]
ERR: 无法加载模块:Public

[ 2016-06-06T11:20:14+08:00 ] 127.0.0.1 /Public/Uploads/aaaaaaaaaaaaaaa
INFO: [ app_init ] --START--
INFO: Run Behavior\BuildLiteBehavior [ RunTime:0.000000s ]
INFO: [ app_init ] --END-- [ RunTime:0.000000s ]
ERR: 无法加载模块:Public

[ 2016-06-06T11:20:15+08:00 ] 127.0.0.1 /Public/Uploads/cccccccccccccccc
INFO: [ app_init ] --START--
INFO: Run Behavior\BuildLiteBehavior [ RunTime:0.000000s ]
INFO: [ app_init ] --END-- [ RunTime:0.001000s ]
ERR: 无法加载模块:Public

[ 2016-06-06T11:20:32+08:00 ] 127.0.0.1 /Public/Uploads/%E5%87%BA%E9%94%99%E9%94%99%E9%94%99%E9%94%99
INFO: [ app_init ] --START--
INFO: Run Behavior\BuildLiteBehavior [ RunTime:0.000000s ]
INFO: [ app_init ] --END-- [ RunTime:0.000000s ]
ERR: 无法加载模块:Public

[ 2016-06-06T11:20:32+08:00 ] 127.0.0.1 /Public/Uploads/aaaaaaaaaaaaaaa
INFO: [ app_init ] --START--
INFO: Run Behavior\BuildLiteBehavior [ RunTime:0.000000s ]
INFO: [ app_init ] --END-- [ RunTime:0.000000s ]
ERR: 无法加载模块:Public

[ 2016-06-06T11:20:32+08:00 ] 127.0.0.1 /Public/Uploads/%E5%BE%88%E5%A5%BD%E7%9A%84%E4%B8%9C%E8%A5%BF
INFO: [ app_init ] --START--
INFO: Run Behavior\BuildLiteBehavior [ RunTime:0.000000s ]
INFO: [ app_init ] --END-- [ RunTime:0.000000s ]
ERR: 无法加载模块:Public

[ 2016-06-06T11:20:32+08:00 ] 127.0.0.1 /Public/Uploads/cccccccccccccccc
INFO: [ app_init ] --START--
INFO: Run Behavior\BuildLiteBehavior [ RunTime:0.000000s ]
INFO: [ app_init ] --END-- [ RunTime:0.001000s ]
ERR: 无法加载模块:Public

[ 2016-06-06T11:20:40+08:00 ] 127.0.0.1 /Public/Uploads/%E5%87%BA%E9%94%99%E9%94%99%E9%94%99%E9%94%99
INFO: [ app_init ] --START--
INFO: Run Behavior\BuildLiteBehavior [ RunTime:0.000000s ]
INFO: [ app_init ] --END-- [ RunTime:0.001000s ]
ERR: 无法加载模块:Public

[ 2016-06-06T11:20:40+08:00 ] 127.0.0.1 /Public/Uploads/%E5%BE%88%E5%A5%BD%E7%9A%84%E4%B8%9C%E8%A5%BF
INFO: [ app_init ] --START--
INFO: Run Behavior\BuildLiteBehavior [ RunTime:0.000000s ]
INFO: [ app_init ] --END-- [ RunTime:0.000000s ]
ERR: 无法加载模块:Public

[ 2016-06-06T11:20:52+08:00 ] 127.0.0.1 /Public/Uploads/aaaaaaaaaaaaaaa
INFO: [ app_init ] --START--
INFO: Run Behavior\BuildLiteBehavior [ RunTime:0.000000s ]
INFO: [ app_init ] --END-- [ RunTime:0.000000s ]
ERR: 无法加载模块:Public

[ 2016-06-06T11:20:52+08:00 ] 127.0.0.1 /Public/Uploads/%E5%BE%88%E5%A5%BD%E7%9A%84%E4%B8%9C%E8%A5%BF
INFO: [ app_init ] --START--
INFO: Run Behavior\BuildLiteBehavior [ RunTime:0.000000s ]
INFO: [ app_init ] --END-- [ RunTime:0.001000s ]
ERR: 无法加载模块:Public

[ 2016-06-06T11:20:52+08:00 ] 127.0.0.1 /Public/Uploads/cccccccccccccccc
INFO: [ app_init ] --START--
INFO: Run Behavior\BuildLiteBehavior [ RunTime:0.000000s ]
INFO: [ app_init ] --END-- [ RunTime:0.000000s ]
ERR: 无法加载模块:Public

[ 2016-06-06T11:20:52+08:00 ] 127.0.0.1 /Public/Uploads/%E5%87%BA%E9%94%99%E9%94%99%E9%94%99%E9%94%99
INFO: [ app_init ] --START--
INFO: Run Behavior\BuildLiteBehavior [ RunTime:0.000000s ]
INFO: [ app_init ] --END-- [ RunTime:0.000000s ]
ERR: 无法加载模块:Public

[ 2016-06-06T11:21:02+08:00 ] 127.0.0.1 /Public/Uploads/cccccccccccccccc
INFO: [ app_init ] --START--
INFO: Run Behavior\BuildLiteBehavior [ RunTime:0.000000s ]
INFO: [ app_init ] --END-- [ RunTime:0.000000s ]
ERR: 无法加载模块:Public

[ 2016-06-06T11:21:02+08:00 ] 127.0.0.1 /Public/Uploads/aaaaaaaaaaaaaaa
INFO: [ app_init ] --START--
INFO: Run Behavior\BuildLiteBehavior [ RunTime:0.000000s ]
INFO: [ app_init ] --END-- [ RunTime:0.000000s ]
ERR: 无法加载模块:Public

[ 2016-06-06T11:21:02+08:00 ] 127.0.0.1 /Public/Uploads/%E5%BE%88%E5%A5%BD%E7%9A%84%E4%B8%9C%E8%A5%BF
INFO: [ app_init ] --START--
INFO: Run Behavior\BuildLiteBehavior [ RunTime:0.000000s ]
INFO: [ app_init ] --END-- [ RunTime:0.000000s ]
ERR: 无法加载模块:Public

[ 2016-06-06T11:21:02+08:00 ] 127.0.0.1 /Public/Uploads/%E5%87%BA%E9%94%99%E9%94%99%E9%94%99%E9%94%99
INFO: [ app_init ] --START--
INFO: Run Behavior\BuildLiteBehavior [ RunTime:0.000000s ]
INFO: [ app_init ] --END-- [ RunTime:0.001000s ]
ERR: 无法加载模块:Public

[ 2016-06-06T11:21:39+08:00 ] 127.0.0.1 /Public/Uploads/cccccccccccccccc
INFO: [ app_init ] --START--
INFO: Run Behavior\BuildLiteBehavior [ RunTime:0.000000s ]
INFO: [ app_init ] --END-- [ RunTime:0.001000s ]
ERR: 无法加载模块:Public

[ 2016-06-06T11:21:39+08:00 ] 127.0.0.1 /Public/Uploads/%E5%BE%88%E5%A5%BD%E7%9A%84%E4%B8%9C%E8%A5%BF
INFO: [ app_init ] --START--
INFO: Run Behavior\BuildLiteBehavior [ RunTime:0.001000s ]
INFO: [ app_init ] --END-- [ RunTime:0.001000s ]
ERR: 无法加载模块:Public

[ 2016-06-06T11:21:39+08:00 ] 127.0.0.1 /Public/Uploads/aaaaaaaaaaaaaaa
INFO: [ app_init ] --START--
INFO: Run Behavior\BuildLiteBehavior [ RunTime:0.000000s ]
INFO: [ app_init ] --END-- [ RunTime:0.000000s ]
ERR: 无法加载模块:Public

[ 2016-06-06T11:21:39+08:00 ] 127.0.0.1 /Public/Uploads/%E5%87%BA%E9%94%99%E9%94%99%E9%94%99%E9%94%99
INFO: [ app_init ] --START--
INFO: Run Behavior\BuildLiteBehavior [ RunTime:0.000000s ]
INFO: [ app_init ] --END-- [ RunTime:0.000000s ]
ERR: 无法加载模块:Public

[ 2016-06-06T11:21:43+08:00 ] 127.0.0.1 /Public/Uploads/cccccccccccccccc
INFO: [ app_init ] --START--
INFO: Run Behavior\BuildLiteBehavior [ RunTime:0.000000s ]
INFO: [ app_init ] --END-- [ RunTime:0.001000s ]
ERR: 无法加载模块:Public

[ 2016-06-06T11:21:46+08:00 ] 127.0.0.1 /Public/Uploads/cccccccccccccccc
INFO: [ app_init ] --START--
INFO: Run Behavior\BuildLiteBehavior [ RunTime:0.000000s ]
INFO: [ app_init ] --END-- [ RunTime:0.001000s ]
ERR: 无法加载模块:Public

[ 2016-06-06T11:21:46+08:00 ] 127.0.0.1 /Public/Uploads/%E5%BE%88%E5%A5%BD%E7%9A%84%E4%B8%9C%E8%A5%BF
INFO: [ app_init ] --START--
INFO: Run Behavior\BuildLiteBehavior [ RunTime:0.000000s ]
INFO: [ app_init ] --END-- [ RunTime:0.001000s ]
ERR: 无法加载模块:Public

[ 2016-06-06T11:21:46+08:00 ] 127.0.0.1 /Public/Uploads/aaaaaaaaaaaaaaa
INFO: [ app_init ] --START--
INFO: Run Behavior\BuildLiteBehavior [ RunTime:0.000000s ]
INFO: [ app_init ] --END-- [ RunTime:0.000000s ]
ERR: 无法加载模块:Public

[ 2016-06-06T11:21:46+08:00 ] 127.0.0.1 /Public/Uploads/%E5%87%BA%E9%94%99%E9%94%99%E9%94%99%E9%94%99
INFO: [ app_init ] --START--
INFO: Run Behavior\BuildLiteBehavior [ RunTime:0.000000s ]
INFO: [ app_init ] --END-- [ RunTime:0.000000s ]
ERR: 无法加载模块:Public

[ 2016-06-06T11:25:57+08:00 ] 127.0.0.1 /Public/Uploads/aaaaaaaaaaaaaaa
INFO: [ app_init ] --START--
INFO: Run Behavior\BuildLiteBehavior [ RunTime:0.000000s ]
INFO: [ app_init ] --END-- [ RunTime:0.000000s ]
ERR: 无法加载模块:Public

[ 2016-06-06T11:25:57+08:00 ] 127.0.0.1 /Public/Uploads/%E5%BE%88%E5%A5%BD%E7%9A%84%E4%B8%9C%E8%A5%BF
INFO: [ app_init ] --START--
INFO: Run Behavior\BuildLiteBehavior [ RunTime:0.000000s ]
INFO: [ app_init ] --END-- [ RunTime:0.000000s ]
ERR: 无法加载模块:Public

[ 2016-06-06T11:25:57+08:00 ] 127.0.0.1 /Public/Uploads/cccccccccccccccc
INFO: [ app_init ] --START--
INFO: Run Behavior\BuildLiteBehavior [ RunTime:0.001000s ]
INFO: [ app_init ] --END-- [ RunTime:0.001000s ]
ERR: 无法加载模块:Public

[ 2016-06-06T11:25:57+08:00 ] 127.0.0.1 /Public/Uploads/%E5%87%BA%E9%94%99%E9%94%99%E9%94%99%E9%94%99
INFO: [ app_init ] --START--
INFO: Run Behavior\BuildLiteBehavior [ RunTime:0.000000s ]
INFO: [ app_init ] --END-- [ RunTime:0.001000s ]
ERR: 无法加载模块:Public

[ 2016-06-06T11:26:11+08:00 ] 127.0.0.1 /Public/Uploads/%E5%BE%88%E5%A5%BD%E7%9A%84%E4%B8%9C%E8%A5%BF
INFO: [ app_init ] --START--
INFO: Run Behavior\BuildLiteBehavior [ RunTime:0.000000s ]
INFO: [ app_init ] --END-- [ RunTime:0.000000s ]
ERR: 无法加载模块:Public

[ 2016-06-06T11:26:11+08:00 ] 127.0.0.1 /Public/Uploads/cccccccccccccccc
INFO: [ app_init ] --START--
INFO: Run Behavior\BuildLiteBehavior [ RunTime:0.000000s ]
INFO: [ app_init ] --END-- [ RunTime:0.000000s ]
ERR: 无法加载模块:Public

[ 2016-06-06T11:26:11+08:00 ] 127.0.0.1 /Public/Uploads/%E5%87%BA%E9%94%99%E9%94%99%E9%94%99%E9%94%99
INFO: [ app_init ] --START--
INFO: Run Behavior\BuildLiteBehavior [ RunTime:0.000000s ]
INFO: [ app_init ] --END-- [ RunTime:0.000000s ]
ERR: 无法加载模块:Public

[ 2016-06-06T11:26:11+08:00 ] 127.0.0.1 /Public/Uploads/aaaaaaaaaaaaaaa
INFO: [ app_init ] --START--
INFO: Run Behavior\BuildLiteBehavior [ RunTime:0.000000s ]
INFO: [ app_init ] --END-- [ RunTime:0.000000s ]
ERR: 无法加载模块:Public

[ 2016-06-06T11:26:13+08:00 ] 127.0.0.1 /Public/Uploads/cccccccccccccccc
INFO: [ app_init ] --START--
INFO: Run Behavior\BuildLiteBehavior [ RunTime:0.000000s ]
INFO: [ app_init ] --END-- [ RunTime:0.000000s ]
ERR: 无法加载模块:Public

[ 2016-06-06T11:26:13+08:00 ] 127.0.0.1 /Public/Uploads/%E5%87%BA%E9%94%99%E9%94%99%E9%94%99%E9%94%99
INFO: [ app_init ] --START--
INFO: Run Behavior\BuildLiteBehavior [ RunTime:0.000000s ]
INFO: [ app_init ] --END-- [ RunTime:0.001000s ]
ERR: 无法加载模块:Public

[ 2016-06-06T11:26:13+08:00 ] 127.0.0.1 /Public/Uploads/aaaaaaaaaaaaaaa
INFO: [ app_init ] --START--
INFO: Run Behavior\BuildLiteBehavior [ RunTime:0.000000s ]
INFO: [ app_init ] --END-- [ RunTime:0.000000s ]
ERR: 无法加载模块:Public

[ 2016-06-06T11:26:13+08:00 ] 127.0.0.1 /Public/Uploads/%E5%BE%88%E5%A5%BD%E7%9A%84%E4%B8%9C%E8%A5%BF
INFO: [ app_init ] --START--
INFO: Run Behavior\BuildLiteBehavior [ RunTime:0.000000s ]
INFO: [ app_init ] --END-- [ RunTime:0.000000s ]
ERR: 无法加载模块:Public

[ 2016-06-06T11:26:14+08:00 ] 127.0.0.1 /Public/Uploads/%E5%87%BA%E9%94%99%E9%94%99%E9%94%99%E9%94%99
INFO: [ app_init ] --START--
INFO: Run Behavior\BuildLiteBehavior [ RunTime:0.000000s ]
INFO: [ app_init ] --END-- [ RunTime:0.000000s ]
ERR: 无法加载模块:Public

[ 2016-06-06T11:26:14+08:00 ] 127.0.0.1 /Public/Uploads/%E5%BE%88%E5%A5%BD%E7%9A%84%E4%B8%9C%E8%A5%BF
INFO: [ app_init ] --START--
INFO: Run Behavior\BuildLiteBehavior [ RunTime:0.000000s ]
INFO: [ app_init ] --END-- [ RunTime:0.001000s ]
ERR: 无法加载模块:Public

[ 2016-06-06T11:26:14+08:00 ] 127.0.0.1 /Public/Uploads/cccccccccccccccc
INFO: [ app_init ] --START--
INFO: Run Behavior\BuildLiteBehavior [ RunTime:0.000000s ]
INFO: [ app_init ] --END-- [ RunTime:0.001000s ]
ERR: 无法加载模块:Public

[ 2016-06-06T11:26:14+08:00 ] 127.0.0.1 /Public/Uploads/aaaaaaaaaaaaaaa
INFO: [ app_init ] --START--
INFO: Run Behavior\BuildLiteBehavior [ RunTime:0.000000s ]
INFO: [ app_init ] --END-- [ RunTime:0.001000s ]
ERR: 无法加载模块:Public

[ 2016-06-06T11:26:15+08:00 ] 127.0.0.1 /Public/Uploads/%E5%87%BA%E9%94%99%E9%94%99%E9%94%99%E9%94%99
INFO: [ app_init ] --START--
INFO: Run Behavior\BuildLiteBehavior [ RunTime:0.000000s ]
INFO: [ app_init ] --END-- [ RunTime:0.001000s ]
ERR: 无法加载模块:Public

[ 2016-06-06T11:26:15+08:00 ] 127.0.0.1 /Public/Uploads/aaaaaaaaaaaaaaa
INFO: [ app_init ] --START--
INFO: Run Behavior\BuildLiteBehavior [ RunTime:0.000000s ]
INFO: [ app_init ] --END-- [ RunTime:0.000000s ]
ERR: 无法加载模块:Public

[ 2016-06-06T11:26:15+08:00 ] 127.0.0.1 /Public/Uploads/cccccccccccccccc
INFO: [ app_init ] --START--
INFO: Run Behavior\BuildLiteBehavior [ RunTime:0.000000s ]
INFO: [ app_init ] --END-- [ RunTime:0.001001s ]
ERR: 无法加载模块:Public

[ 2016-06-06T11:26:15+08:00 ] 127.0.0.1 /Public/Uploads/%E5%BE%88%E5%A5%BD%E7%9A%84%E4%B8%9C%E8%A5%BF
INFO: [ app_init ] --START--
INFO: Run Behavior\BuildLiteBehavior [ RunTime:0.000000s ]
INFO: [ app_init ] --END-- [ RunTime:0.000000s ]
ERR: 无法加载模块:Public

[ 2016-06-06T11:26:15+08:00 ] 127.0.0.1 /Public/Uploads/%E5%87%BA%E9%94%99%E9%94%99%E9%94%99%E9%94%99
INFO: [ app_init ] --START--
INFO: Run Behavior\BuildLiteBehavior [ RunTime:0.000000s ]
INFO: [ app_init ] --END-- [ RunTime:0.000000s ]
ERR: 无法加载模块:Public

[ 2016-06-06T11:26:15+08:00 ] 127.0.0.1 /Public/Uploads/%E5%BE%88%E5%A5%BD%E7%9A%84%E4%B8%9C%E8%A5%BF
INFO: [ app_init ] --START--
INFO: Run Behavior\BuildLiteBehavior [ RunTime:0.000000s ]
INFO: [ app_init ] --END-- [ RunTime:0.000000s ]
ERR: 无法加载模块:Public

[ 2016-06-06T11:26:15+08:00 ] 127.0.0.1 /Public/Uploads/aaaaaaaaaaaaaaa
INFO: [ app_init ] --START--
INFO: Run Behavior\BuildLiteBehavior [ RunTime:0.000000s ]
INFO: [ app_init ] --END-- [ RunTime:0.001000s ]
ERR: 无法加载模块:Public

[ 2016-06-06T11:26:15+08:00 ] 127.0.0.1 /Public/Uploads/cccccccccccccccc
INFO: [ app_init ] --START--
INFO: Run Behavior\BuildLiteBehavior [ RunTime:0.000000s ]
INFO: [ app_init ] --END-- [ RunTime:0.000000s ]
ERR: 无法加载模块:Public

[ 2016-06-06T11:26:30+08:00 ] 127.0.0.1 /Public/Uploads/%E5%95%86%E5%93%811
INFO: [ app_init ] --START--
INFO: Run Behavior\BuildLiteBehavior [ RunTime:0.000000s ]
INFO: [ app_init ] --END-- [ RunTime:0.000000s ]
ERR: 无法加载模块:Public

[ 2016-06-06T11:26:35+08:00 ] 127.0.0.1 /Public/Uploads/%E5%95%86%E5%93%811
INFO: [ app_init ] --START--
INFO: Run Behavior\BuildLiteBehavior [ RunTime:0.000000s ]
INFO: [ app_init ] --END-- [ RunTime:0.000000s ]
ERR: 无法加载模块:Public

[ 2016-06-06T11:26:38+08:00 ] 127.0.0.1 /Public/Uploads/%E5%BE%88%E5%A5%BD%E7%9A%84%E4%B8%9C%E8%A5%BF
INFO: [ app_init ] --START--
INFO: Run Behavior\BuildLiteBehavior [ RunTime:0.000000s ]
INFO: [ app_init ] --END-- [ RunTime:0.000000s ]
ERR: 无法加载模块:Public

[ 2016-06-06T11:26:38+08:00 ] 127.0.0.1 /Public/Uploads/%E5%87%BA%E9%94%99%E9%94%99%E9%94%99%E9%94%99
INFO: [ app_init ] --START--
INFO: Run Behavior\BuildLiteBehavior [ RunTime:0.000000s ]
INFO: [ app_init ] --END-- [ RunTime:0.000000s ]
ERR: 无法加载模块:Public

[ 2016-06-06T11:28:20+08:00 ] 127.0.0.1 /Public/Uploads/%E5%87%BA%E9%94%99%E9%94%99%E9%94%99%E9%94%99
INFO: [ app_init ] --START--
INFO: Run Behavior\BuildLiteBehavior [ RunTime:0.000000s ]
INFO: [ app_init ] --END-- [ RunTime:0.000000s ]
ERR: 无法加载模块:Public

[ 2016-06-06T11:28:20+08:00 ] 127.0.0.1 /Public/Uploads/%E5%BE%88%E5%A5%BD%E7%9A%84%E4%B8%9C%E8%A5%BF
INFO: [ app_init ] --START--
INFO: Run Behavior\BuildLiteBehavior [ RunTime:0.000000s ]
INFO: [ app_init ] --END-- [ RunTime:0.000000s ]
ERR: 无法加载模块:Public

[ 2016-06-06T11:28:29+08:00 ] 127.0.0.1 /Public/Uploads/%E5%95%86%E5%93%811
INFO: [ app_init ] --START--
INFO: Run Behavior\BuildLiteBehavior [ RunTime:0.000000s ]
INFO: [ app_init ] --END-- [ RunTime:0.000000s ]
ERR: 无法加载模块:Public

[ 2016-06-06T11:28:38+08:00 ] 127.0.0.1 /Public/Uploads/aaaaaaaaaaaaaaa
INFO: [ app_init ] --START--
INFO: Run Behavior\BuildLiteBehavior [ RunTime:0.000000s ]
INFO: [ app_init ] --END-- [ RunTime:0.000000s ]
ERR: 无法加载模块:Public

[ 2016-06-06T11:28:39+08:00 ] 127.0.0.1 /Public/Uploads/aaaaaaaaaaaaaaa
INFO: [ app_init ] --START--
INFO: Run Behavior\BuildLiteBehavior [ RunTime:0.000000s ]
INFO: [ app_init ] --END-- [ RunTime:0.000000s ]
ERR: 无法加载模块:Public

[ 2016-06-06T11:30:35+08:00 ] 127.0.0.1 /Public/Uploads/%E5%95%86%E5%93%811
INFO: [ app_init ] --START--
INFO: Run Behavior\BuildLiteBehavior [ RunTime:0.000000s ]
INFO: [ app_init ] --END-- [ RunTime:0.000000s ]
ERR: 无法加载模块:Public

[ 2016-06-06T11:30:41+08:00 ] 127.0.0.1 /Public/Uploads/%E5%87%BA%E9%94%99%E9%94%99%E9%94%99%E9%94%99
INFO: [ app_init ] --START--
INFO: Run Behavior\BuildLiteBehavior [ RunTime:0.000000s ]
INFO: [ app_init ] --END-- [ RunTime:0.000000s ]
ERR: 无法加载模块:Public

[ 2016-06-06T11:30:41+08:00 ] 127.0.0.1 /Public/Uploads/%E5%BE%88%E5%A5%BD%E7%9A%84%E4%B8%9C%E8%A5%BF
INFO: [ app_init ] --START--
INFO: Run Behavior\BuildLiteBehavior [ RunTime:0.000000s ]
INFO: [ app_init ] --END-- [ RunTime:0.000000s ]
ERR: 无法加载模块:Public

[ 2016-06-06T11:30:44+08:00 ] 127.0.0.1 /Public/Uploads/aaaaaaaaaaaaaaa
INFO: [ app_init ] --START--
INFO: Run Behavior\BuildLiteBehavior [ RunTime:0.000000s ]
INFO: [ app_init ] --END-- [ RunTime:0.000000s ]
ERR: 无法加载模块:Public

[ 2016-06-06T11:30:44+08:00 ] 127.0.0.1 /Public/Uploads/eeeeeeeeeeeeeee
INFO: [ app_init ] --START--
INFO: Run Behavior\BuildLiteBehavior [ RunTime:0.000000s ]
INFO: [ app_init ] --END-- [ RunTime:0.000000s ]
ERR: 无法加载模块:Public

[ 2016-06-06T11:30:44+08:00 ] 127.0.0.1 /Public/Uploads/cccccccccccccccc
INFO: [ app_init ] --START--
INFO: Run Behavior\BuildLiteBehavior [ RunTime:0.000000s ]
INFO: [ app_init ] --END-- [ RunTime:0.000000s ]
ERR: 无法加载模块:Public

[ 2016-06-06T11:30:46+08:00 ] 127.0.0.1 /Public/Uploads/%E5%87%BA%E9%94%99%E9%94%99%E9%94%99%E9%94%99
INFO: [ app_init ] --START--
INFO: Run Behavior\BuildLiteBehavior [ RunTime:0.000000s ]
INFO: [ app_init ] --END-- [ RunTime:0.001000s ]
ERR: 无法加载模块:Public

[ 2016-06-06T11:30:46+08:00 ] 127.0.0.1 /Public/Uploads/%E5%BE%88%E5%A5%BD%E7%9A%84%E4%B8%9C%E8%A5%BF
INFO: [ app_init ] --START--
INFO: Run Behavior\BuildLiteBehavior [ RunTime:0.000000s ]
INFO: [ app_init ] --END-- [ RunTime:0.000000s ]
ERR: 无法加载模块:Public

[ 2016-06-06T12:00:34+08:00 ] 127.0.0.1 /Public/Uploads/%E5%BE%88%E5%A5%BD%E7%9A%84%E4%B8%9C%E8%A5%BF
INFO: [ app_init ] --START--
INFO: Run Behavior\BuildLiteBehavior [ RunTime:0.000000s ]
INFO: [ app_init ] --END-- [ RunTime:0.000000s ]
ERR: 无法加载模块:Public

[ 2016-06-06T12:00:34+08:00 ] 127.0.0.1 /Public/Uploads/%E5%87%BA%E9%94%99%E9%94%99%E9%94%99%E9%94%99
INFO: [ app_init ] --START--
INFO: Run Behavior\BuildLiteBehavior [ RunTime:0.000000s ]
INFO: [ app_init ] --END-- [ RunTime:0.000000s ]
ERR: 无法加载模块:Public

[ 2016-06-06T12:00:35+08:00 ] 127.0.0.1 /Public/Uploads/%E5%95%86%E5%93%811
INFO: [ app_init ] --START--
INFO: Run Behavior\BuildLiteBehavior [ RunTime:0.000000s ]
INFO: [ app_init ] --END-- [ RunTime:0.000000s ]
ERR: 无法加载模块:Public

[ 2016-06-06T12:00:38+08:00 ] 127.0.0.1 /Public/Uploads/%E5%95%86%E5%93%811
INFO: [ app_init ] --START--
INFO: Run Behavior\BuildLiteBehavior [ RunTime:0.000000s ]
INFO: [ app_init ] --END-- [ RunTime:0.001000s ]
ERR: 无法加载模块:Public

[ 2016-06-06T12:23:21+08:00 ] 127.0.0.1 /Public/Uploads/%E5%95%86%E5%93%811
INFO: [ app_init ] --START--
INFO: Run Behavior\BuildLiteBehavior [ RunTime:0.000000s ]
INFO: [ app_init ] --END-- [ RunTime:0.001000s ]
ERR: 无法加载模块:Public

[ 2016-06-06T12:23:28+08:00 ] 127.0.0.1 /Public/Uploads/cccccccccccccccc
INFO: [ app_init ] --START--
INFO: Run Behavior\BuildLiteBehavior [ RunTime:0.000000s ]
INFO: [ app_init ] --END-- [ RunTime:0.000000s ]
ERR: 无法加载模块:Public

[ 2016-06-06T12:23:28+08:00 ] 127.0.0.1 /Public/Uploads/eeeeeeeeeeeeeee
INFO: [ app_init ] --START--
INFO: Run Behavior\BuildLiteBehavior [ RunTime:0.000000s ]
INFO: [ app_init ] --END-- [ RunTime:0.000000s ]
ERR: 无法加载模块:Public

[ 2016-06-06T12:23:28+08:00 ] 127.0.0.1 /Public/Uploads/aaaaaaaaaaaaaaa
INFO: [ app_init ] --START--
INFO: Run Behavior\BuildLiteBehavior [ RunTime:0.000000s ]
INFO: [ app_init ] --END-- [ RunTime:0.001000s ]
ERR: 无法加载模块:Public

[ 2016-06-06T12:23:33+08:00 ] 127.0.0.1 /Public/Uploads/%E5%95%86%E5%93%811
INFO: [ app_init ] --START--
INFO: Run Behavior\BuildLiteBehavior [ RunTime:0.000000s ]
INFO: [ app_init ] --END-- [ RunTime:0.000000s ]
ERR: 无法加载模块:Public

[ 2016-06-06T12:23:37+08:00 ] 127.0.0.1 /Public/Uploads/%E5%95%86%E5%93%811
INFO: [ app_init ] --START--
INFO: Run Behavior\BuildLiteBehavior [ RunTime:0.000000s ]
INFO: [ app_init ] --END-- [ RunTime:0.001000s ]
ERR: 无法加载模块:Public

[ 2016-06-06T12:23:40+08:00 ] 127.0.0.1 /Public/Uploads/%E5%95%86%E5%93%811
INFO: [ app_init ] --START--
INFO: Run Behavior\BuildLiteBehavior [ RunTime:0.000000s ]
INFO: [ app_init ] --END-- [ RunTime:0.000000s ]
ERR: 无法加载模块:Public

[ 2016-06-06T12:23:43+08:00 ] 127.0.0.1 /Public/Uploads/%E5%95%86%E5%93%811
INFO: [ app_init ] --START--
INFO: Run Behavior\BuildLiteBehavior [ RunTime:0.000000s ]
INFO: [ app_init ] --END-- [ RunTime:0.000000s ]
ERR: 无法加载模块:Public

[ 2016-06-06T12:23:45+08:00 ] 127.0.0.1 /Public/Uploads/%E5%95%86%E5%93%811
INFO: [ app_init ] --START--
INFO: Run Behavior\BuildLiteBehavior [ RunTime:0.000000s ]
INFO: [ app_init ] --END-- [ RunTime:0.000000s ]
ERR: 无法加载模块:Public

[ 2016-06-06T12:23:55+08:00 ] 127.0.0.1 /Public/Uploads/%E5%95%86%E5%93%811
INFO: [ app_init ] --START--
INFO: Run Behavior\BuildLiteBehavior [ RunTime:0.000000s ]
INFO: [ app_init ] --END-- [ RunTime:0.000000s ]
ERR: 无法加载模块:Public

[ 2016-06-06T12:23:57+08:00 ] 127.0.0.1 /Public/Uploads/%E5%95%86%E5%93%811
INFO: [ app_init ] --START--
INFO: Run Behavior\BuildLiteBehavior [ RunTime:0.000000s ]
INFO: [ app_init ] --END-- [ RunTime:0.000000s ]
ERR: 无法加载模块:Public

[ 2016-06-06T12:24:01+08:00 ] 127.0.0.1 /Public/Uploads/%E5%95%86%E5%93%811
INFO: [ app_init ] --START--
INFO: Run Behavior\BuildLiteBehavior [ RunTime:0.000000s ]
INFO: [ app_init ] --END-- [ RunTime:0.001000s ]
ERR: 无法加载模块:Public

[ 2016-06-06T12:24:04+08:00 ] 127.0.0.1 /Public/Uploads/%E5%95%86%E5%93%811
INFO: [ app_init ] --START--
INFO: Run Behavior\BuildLiteBehavior [ RunTime:0.000000s ]
INFO: [ app_init ] --END-- [ RunTime:0.000000s ]
ERR: 无法加载模块:Public

[ 2016-06-06T12:25:51+08:00 ] 127.0.0.1 /Public/Uploads/eeeeeeeeeeeeeee
INFO: [ app_init ] --START--
INFO: Run Behavior\BuildLiteBehavior [ RunTime:0.000000s ]
INFO: [ app_init ] --END-- [ RunTime:0.001001s ]
ERR: 无法加载模块:Public

[ 2016-06-06T12:25:51+08:00 ] 127.0.0.1 /Public/Uploads/aaaaaaaaaaaaaaa
INFO: [ app_init ] --START--
INFO: Run Behavior\BuildLiteBehavior [ RunTime:0.000000s ]
INFO: [ app_init ] --END-- [ RunTime:0.000000s ]
ERR: 无法加载模块:Public

[ 2016-06-06T12:25:53+08:00 ] 127.0.0.1 /Public/Uploads/eeeeeeeeeeeeeee
INFO: [ app_init ] --START--
INFO: Run Behavior\BuildLiteBehavior [ RunTime:0.000000s ]
INFO: [ app_init ] --END-- [ RunTime:0.000000s ]
ERR: 无法加载模块:Public

[ 2016-06-06T12:25:53+08:00 ] 127.0.0.1 /Public/Uploads/aaaaaaaaaaaaaaa
INFO: [ app_init ] --START--
INFO: Run Behavior\BuildLiteBehavior [ RunTime:0.000000s ]
INFO: [ app_init ] --END-- [ RunTime:0.001000s ]
ERR: 无法加载模块:Public

[ 2016-06-06T12:25:57+08:00 ] 127.0.0.1 /Public/Uploads/aaaaaaaaaaaaaaa
INFO: [ app_init ] --START--
INFO: Run Behavior\BuildLiteBehavior [ RunTime:0.000000s ]
INFO: [ app_init ] --END-- [ RunTime:0.001000s ]
ERR: 无法加载模块:Public

[ 2016-06-06T12:25:57+08:00 ] 127.0.0.1 /Public/Uploads/eeeeeeeeeeeeeee
INFO: [ app_init ] --START--
INFO: Run Behavior\BuildLiteBehavior [ RunTime:0.000000s ]
INFO: [ app_init ] --END-- [ RunTime:0.000000s ]
ERR: 无法加载模块:Public

[ 2016-06-06T12:26:00+08:00 ] 127.0.0.1 /Public/Uploads/aaaaaaaaaaaaaaa
INFO: [ app_init ] --START--
INFO: Run Behavior\BuildLiteBehavior [ RunTime:0.000000s ]
INFO: [ app_init ] --END-- [ RunTime:0.000000s ]
ERR: 无法加载模块:Public

[ 2016-06-06T12:26:00+08:00 ] 127.0.0.1 /Public/Uploads/eeeeeeeeeeeeeee
INFO: [ app_init ] --START--
INFO: Run Behavior\BuildLiteBehavior [ RunTime:0.000000s ]
INFO: [ app_init ] --END-- [ RunTime:0.000000s ]
ERR: 无法加载模块:Public

[ 2016-06-06T12:26:16+08:00 ] 127.0.0.1 /Public/Uploads/aaaaaaaaaaaaaaa
INFO: [ app_init ] --START--
INFO: Run Behavior\BuildLiteBehavior [ RunTime:0.000000s ]
INFO: [ app_init ] --END-- [ RunTime:0.001000s ]
ERR: 无法加载模块:Public

[ 2016-06-06T12:26:16+08:00 ] 127.0.0.1 /Public/Uploads/eeeeeeeeeeeeeee
INFO: [ app_init ] --START--
INFO: Run Behavior\BuildLiteBehavior [ RunTime:0.000000s ]
INFO: [ app_init ] --END-- [ RunTime:0.000000s ]
ERR: 无法加载模块:Public

[ 2016-06-06T12:26:18+08:00 ] 127.0.0.1 /Public/Uploads/eeeeeeeeeeeeeee
INFO: [ app_init ] --START--
INFO: Run Behavior\BuildLiteBehavior [ RunTime:0.000000s ]
INFO: [ app_init ] --END-- [ RunTime:0.000000s ]
ERR: 无法加载模块:Public

[ 2016-06-06T12:26:18+08:00 ] 127.0.0.1 /Public/Uploads/aaaaaaaaaaaaaaa
INFO: [ app_init ] --START--
INFO: Run Behavior\BuildLiteBehavior [ RunTime:0.000000s ]
INFO: [ app_init ] --END-- [ RunTime:0.000000s ]
ERR: 无法加载模块:Public

[ 2016-06-06T12:26:20+08:00 ] 127.0.0.1 /Public/Uploads/eeeeeeeeeeeeeee
INFO: [ app_init ] --START--
INFO: Run Behavior\BuildLiteBehavior [ RunTime:0.000000s ]
INFO: [ app_init ] --END-- [ RunTime:0.001000s ]
ERR: 无法加载模块:Public

[ 2016-06-06T12:26:20+08:00 ] 127.0.0.1 /Public/Uploads/aaaaaaaaaaaaaaa
INFO: [ app_init ] --START--
INFO: Run Behavior\BuildLiteBehavior [ RunTime:0.000000s ]
INFO: [ app_init ] --END-- [ RunTime:0.000000s ]
ERR: 无法加载模块:Public

[ 2016-06-06T12:26:22+08:00 ] 127.0.0.1 /Public/Uploads/%E5%95%86%E5%93%811
INFO: [ app_init ] --START--
INFO: Run Behavior\BuildLiteBehavior [ RunTime:0.000000s ]
INFO: [ app_init ] --END-- [ RunTime:0.000000s ]
ERR: 无法加载模块:Public

[ 2016-06-06T12:26:26+08:00 ] 127.0.0.1 /Public/Uploads/%E5%95%86%E5%93%811
INFO: [ app_init ] --START--
INFO: Run Behavior\BuildLiteBehavior [ RunTime:0.000000s ]
INFO: [ app_init ] --END-- [ RunTime:0.000000s ]
ERR: 无法加载模块:Public

[ 2016-06-06T12:26:38+08:00 ] 127.0.0.1 /Public/Uploads/%E5%95%86%E5%93%811
INFO: [ app_init ] --START--
INFO: Run Behavior\BuildLiteBehavior [ RunTime:0.000000s ]
INFO: [ app_init ] --END-- [ RunTime:0.000000s ]
ERR: 无法加载模块:Public

[ 2016-06-06T12:26:40+08:00 ] 127.0.0.1 /Public/Uploads/%E5%95%86%E5%93%811
INFO: [ app_init ] --START--
INFO: Run Behavior\BuildLiteBehavior [ RunTime:0.000000s ]
INFO: [ app_init ] --END-- [ RunTime:0.001000s ]
ERR: 无法加载模块:Public

[ 2016-06-06T12:26:44+08:00 ] 127.0.0.1 /Public/Uploads/%E5%95%86%E5%93%811
INFO: [ app_init ] --START--
INFO: Run Behavior\BuildLiteBehavior [ RunTime:0.000000s ]
INFO: [ app_init ] --END-- [ RunTime:0.000000s ]
ERR: 无法加载模块:Public

[ 2016-06-06T12:26:47+08:00 ] 127.0.0.1 /Public/Uploads/%E5%BE%88%E5%A5%BD%E7%9A%84%E4%B8%9C%E8%A5%BF
INFO: [ app_init ] --START--
INFO: Run Behavior\BuildLiteBehavior [ RunTime:0.000000s ]
INFO: [ app_init ] --END-- [ RunTime:0.000000s ]
ERR: 无法加载模块:Public

[ 2016-06-06T12:26:47+08:00 ] 127.0.0.1 /Public/Uploads/%E5%87%BA%E9%94%99%E9%94%99%E9%94%99%E9%94%99
INFO: [ app_init ] --START--
INFO: Run Behavior\BuildLiteBehavior [ RunTime:0.000000s ]
INFO: [ app_init ] --END-- [ RunTime:0.000000s ]
ERR: 无法加载模块:Public

[ 2016-06-06T12:26:48+08:00 ] 127.0.0.1 /Public/Uploads/aaaaaaaaaaaaaaa
INFO: [ app_init ] --START--
INFO: Run Behavior\BuildLiteBehavior [ RunTime:0.000000s ]
INFO: [ app_init ] --END-- [ RunTime:0.000000s ]
ERR: 无法加载模块:Public

[ 2016-06-06T12:26:48+08:00 ] 127.0.0.1 /Public/Uploads/eeeeeeeeeeeeeee
INFO: [ app_init ] --START--
INFO: Run Behavior\BuildLiteBehavior [ RunTime:0.000000s ]
INFO: [ app_init ] --END-- [ RunTime:0.000000s ]
ERR: 无法加载模块:Public

[ 2016-06-06T12:26:51+08:00 ] 127.0.0.1 /Public/Uploads/eeeeeeeeeeeeeee
INFO: [ app_init ] --START--
INFO: Run Behavior\BuildLiteBehavior [ RunTime:0.000000s ]
INFO: [ app_init ] --END-- [ RunTime:0.000000s ]
ERR: 无法加载模块:Public

[ 2016-06-06T12:26:51+08:00 ] 127.0.0.1 /Public/Uploads/aaaaaaaaaaaaaaa
INFO: [ app_init ] --START--
INFO: Run Behavior\BuildLiteBehavior [ RunTime:0.000000s ]
INFO: [ app_init ] --END-- [ RunTime:0.000000s ]
ERR: 无法加载模块:Public

[ 2016-06-06T12:30:13+08:00 ] 127.0.0.1 /Public/Uploads/eeeeeeeeeeeeeee
INFO: [ app_init ] --START--
INFO: Run Behavior\BuildLiteBehavior [ RunTime:0.000000s ]
INFO: [ app_init ] --END-- [ RunTime:0.001000s ]
ERR: 无法加载模块:Public

[ 2016-06-06T12:30:13+08:00 ] 127.0.0.1 /Public/Uploads/aaaaaaaaaaaaaaa
INFO: [ app_init ] --START--
INFO: Run Behavior\BuildLiteBehavior [ RunTime:0.000000s ]
INFO: [ app_init ] --END-- [ RunTime:0.000000s ]
ERR: 无法加载模块:Public

[ 2016-06-06T12:30:13+08:00 ] 127.0.0.1 /Public/Uploads/cccccccccccccccc
INFO: [ app_init ] --START--
INFO: Run Behavior\BuildLiteBehavior [ RunTime:0.000000s ]
INFO: [ app_init ] --END-- [ RunTime:0.001000s ]
ERR: 无法加载模块:Public

[ 2016-06-06T12:30:21+08:00 ] 127.0.0.1 /Public/Uploads/%E5%95%86%E5%93%811
INFO: [ app_init ] --START--
INFO: Run Behavior\BuildLiteBehavior [ RunTime:0.000000s ]
INFO: [ app_init ] --END-- [ RunTime:0.000000s ]
ERR: 无法加载模块:Public

[ 2016-06-06T12:30:24+08:00 ] 127.0.0.1 /Public/Uploads/%E5%95%86%E5%93%811
INFO: [ app_init ] --START--
INFO: Run Behavior\BuildLiteBehavior [ RunTime:0.000000s ]
INFO: [ app_init ] --END-- [ RunTime:0.001000s ]
ERR: 无法加载模块:Public

[ 2016-06-06T12:31:01+08:00 ] 127.0.0.1 /Public/Uploads/cccccccccccccccc
INFO: [ app_init ] --START--
INFO: Run Behavior\BuildLiteBehavior [ RunTime:0.000000s ]
INFO: [ app_init ] --END-- [ RunTime:0.001000s ]
ERR: 无法加载模块:Public

[ 2016-06-06T12:31:01+08:00 ] 127.0.0.1 /Public/Uploads/aaaaaaaaaaaaaaa
INFO: [ app_init ] --START--
INFO: Run Behavior\BuildLiteBehavior [ RunTime:0.000000s ]
INFO: [ app_init ] --END-- [ RunTime:0.001000s ]
ERR: 无法加载模块:Public

[ 2016-06-06T12:31:01+08:00 ] 127.0.0.1 /Public/Uploads/eeeeeeeeeeeeeee
INFO: [ app_init ] --START--
INFO: Run Behavior\BuildLiteBehavior [ RunTime:0.000000s ]
INFO: [ app_init ] --END-- [ RunTime:0.001000s ]
ERR: 无法加载模块:Public

[ 2016-06-06T12:31:06+08:00 ] 127.0.0.1 /Public/Uploads/%E5%95%86%E5%93%811
INFO: [ app_init ] --START--
INFO: Run Behavior\BuildLiteBehavior [ RunTime:0.000000s ]
INFO: [ app_init ] --END-- [ RunTime:0.001000s ]
ERR: 无法加载模块:Public

[ 2016-06-06T12:31:13+08:00 ] 127.0.0.1 /Public/Uploads/cccccccccccccccc
INFO: [ app_init ] --START--
INFO: Run Behavior\BuildLiteBehavior [ RunTime:0.000000s ]
INFO: [ app_init ] --END-- [ RunTime:0.001000s ]
ERR: 无法加载模块:Public

[ 2016-06-06T12:31:13+08:00 ] 127.0.0.1 /Public/Uploads/eeeeeeeeeeeeeee
INFO: [ app_init ] --START--
INFO: Run Behavior\BuildLiteBehavior [ RunTime:0.000000s ]
INFO: [ app_init ] --END-- [ RunTime:0.001000s ]
ERR: 无法加载模块:Public

[ 2016-06-06T12:31:13+08:00 ] 127.0.0.1 /Public/Uploads/aaaaaaaaaaaaaaa
INFO: [ app_init ] --START--
INFO: Run Behavior\BuildLiteBehavior [ RunTime:0.000000s ]
INFO: [ app_init ] --END-- [ RunTime:0.000000s ]
ERR: 无法加载模块:Public

[ 2016-06-06T12:31:15+08:00 ] 127.0.0.1 /Public/Uploads/aaaaaaaaaaaaaaa
INFO: [ app_init ] --START--
INFO: Run Behavior\BuildLiteBehavior [ RunTime:0.000000s ]
INFO: [ app_init ] --END-- [ RunTime:0.000000s ]
ERR: 无法加载模块:Public

[ 2016-06-06T12:31:15+08:00 ] 127.0.0.1 /Public/Uploads/eeeeeeeeeeeeeee
INFO: [ app_init ] --START--
INFO: Run Behavior\BuildLiteBehavior [ RunTime:0.000000s ]
INFO: [ app_init ] --END-- [ RunTime:0.000000s ]
ERR: 无法加载模块:Public

[ 2016-06-06T12:31:22+08:00 ] 127.0.0.1 /Public/Uploads/eeeeeeeeeeeeeee
INFO: [ app_init ] --START--
INFO: Run Behavior\BuildLiteBehavior [ RunTime:0.000000s ]
INFO: [ app_init ] --END-- [ RunTime:0.000000s ]
ERR: 无法加载模块:Public

[ 2016-06-06T12:31:22+08:00 ] 127.0.0.1 /Public/Uploads/aaaaaaaaaaaaaaa
INFO: [ app_init ] --START--
INFO: Run Behavior\BuildLiteBehavior [ RunTime:0.000000s ]
INFO: [ app_init ] --END-- [ RunTime:0.001000s ]
ERR: 无法加载模块:Public

[ 2016-06-06T12:31:28+08:00 ] 127.0.0.1 /Public/Uploads/aaaaaaaaaaaaaaa
INFO: [ app_init ] --START--
INFO: Run Behavior\BuildLiteBehavior [ RunTime:0.000000s ]
INFO: [ app_init ] --END-- [ RunTime:0.001000s ]
ERR: 无法加载模块:Public

[ 2016-06-06T12:31:28+08:00 ] 127.0.0.1 /Public/Uploads/cccccccccccccccc
INFO: [ app_init ] --START--
INFO: Run Behavior\BuildLiteBehavior [ RunTime:0.000000s ]
INFO: [ app_init ] --END-- [ RunTime:0.000000s ]
ERR: 无法加载模块:Public

[ 2016-06-06T12:31:28+08:00 ] 127.0.0.1 /Public/Uploads/eeeeeeeeeeeeeee
INFO: [ app_init ] --START--
INFO: Run Behavior\BuildLiteBehavior [ RunTime:0.000000s ]
INFO: [ app_init ] --END-- [ RunTime:0.000000s ]
ERR: 无法加载模块:Public

[ 2016-06-06T12:31:30+08:00 ] 127.0.0.1 /Public/Uploads/aaaaaaaaaaaaaaa
INFO: [ app_init ] --START--
INFO: Run Behavior\BuildLiteBehavior [ RunTime:0.000000s ]
INFO: [ app_init ] --END-- [ RunTime:0.000000s ]
ERR: 无法加载模块:Public

[ 2016-06-06T12:31:30+08:00 ] 127.0.0.1 /Public/Uploads/eeeeeeeeeeeeeee
INFO: [ app_init ] --START--
INFO: Run Behavior\BuildLiteBehavior [ RunTime:0.000000s ]
INFO: [ app_init ] --END-- [ RunTime:0.000000s ]
ERR: 无法加载模块:Public

[ 2016-06-06T12:33:13+08:00 ] 127.0.0.1 /Public/Uploads/%E5%95%86%E5%93%811
INFO: [ app_init ] --START--
INFO: Run Behavior\BuildLiteBehavior [ RunTime:0.000000s ]
INFO: [ app_init ] --END-- [ RunTime:0.000000s ]
ERR: 无法加载模块:Public

[ 2016-06-06T12:33:16+08:00 ] 127.0.0.1 /Public/Uploads/%E5%95%86%E5%93%811
INFO: [ app_init ] --START--
INFO: Run Behavior\BuildLiteBehavior [ RunTime:0.000000s ]
INFO: [ app_init ] --END-- [ RunTime:0.000000s ]
ERR: 无法加载模块:Public

[ 2016-06-06T12:33:21+08:00 ] 127.0.0.1 /Public/Uploads/%E5%95%86%E5%93%811
INFO: [ app_init ] --START--
INFO: Run Behavior\BuildLiteBehavior [ RunTime:0.000000s ]
INFO: [ app_init ] --END-- [ RunTime:0.000000s ]
ERR: 无法加载模块:Public

[ 2016-06-06T12:35:19+08:00 ] 127.0.0.1 /Public/Uploads/eeeeeeeeeeeeeee
INFO: [ app_init ] --START--
INFO: Run Behavior\BuildLiteBehavior [ RunTime:0.000000s ]
INFO: [ app_init ] --END-- [ RunTime:0.001000s ]
ERR: 无法加载模块:Public

[ 2016-06-06T12:35:19+08:00 ] 127.0.0.1 /Public/Uploads/aaaaaaaaaaaaaaa
INFO: [ app_init ] --START--
INFO: Run Behavior\BuildLiteBehavior [ RunTime:0.000000s ]
INFO: [ app_init ] --END-- [ RunTime:0.000000s ]
ERR: 无法加载模块:Public

[ 2016-06-06T12:35:29+08:00 ] 127.0.0.1 /Public/Uploads/cccccccccccccccc
INFO: [ app_init ] --START--
INFO: Run Behavior\BuildLiteBehavior [ RunTime:0.000000s ]
INFO: [ app_init ] --END-- [ RunTime:0.000000s ]
ERR: 无法加载模块:Public

[ 2016-06-06T12:35:29+08:00 ] 127.0.0.1 /Public/Uploads/eeeeeeeeeeeeeee
INFO: [ app_init ] --START--
INFO: Run Behavior\BuildLiteBehavior [ RunTime:0.000000s ]
INFO: [ app_init ] --END-- [ RunTime:0.000000s ]
ERR: 无法加载模块:Public

[ 2016-06-06T12:35:29+08:00 ] 127.0.0.1 /Public/Uploads/aaaaaaaaaaaaaaa
INFO: [ app_init ] --START--
INFO: Run Behavior\BuildLiteBehavior [ RunTime:0.000000s ]
INFO: [ app_init ] --END-- [ RunTime:0.000000s ]
ERR: 无法加载模块:Public

[ 2016-06-06T12:35:34+08:00 ] 127.0.0.1 /Public/Uploads/eeeeeeeeeeeeeee
INFO: [ app_init ] --START--
INFO: Run Behavior\BuildLiteBehavior [ RunTime:0.000000s ]
INFO: [ app_init ] --END-- [ RunTime:0.000000s ]
ERR: 无法加载模块:Public

[ 2016-06-06T12:35:34+08:00 ] 127.0.0.1 /Public/Uploads/aaaaaaaaaaaaaaa
INFO: [ app_init ] --START--
INFO: Run Behavior\BuildLiteBehavior [ RunTime:0.000000s ]
INFO: [ app_init ] --END-- [ RunTime:0.000000s ]
ERR: 无法加载模块:Public

[ 2016-06-06T12:37:44+08:00 ] 127.0.0.1 /Public/Uploads/%E5%95%86%E5%93%811
INFO: [ app_init ] --START--
INFO: Run Behavior\BuildLiteBehavior [ RunTime:0.000000s ]
INFO: [ app_init ] --END-- [ RunTime:0.000000s ]
ERR: 无法加载模块:Public

[ 2016-06-06T12:37:47+08:00 ] 127.0.0.1 /Public/Uploads/%E5%95%86%E5%93%811
INFO: [ app_init ] --START--
INFO: Run Behavior\BuildLiteBehavior [ RunTime:0.000000s ]
INFO: [ app_init ] --END-- [ RunTime:0.001000s ]
ERR: 无法加载模块:Public

[ 2016-06-06T12:37:49+08:00 ] 127.0.0.1 /Public/Uploads/%E5%95%86%E5%93%811
INFO: [ app_init ] --START--
INFO: Run Behavior\BuildLiteBehavior [ RunTime:0.000000s ]
INFO: [ app_init ] --END-- [ RunTime:0.001000s ]
ERR: 无法加载模块:Public

[ 2016-06-06T12:40:13+08:00 ] 127.0.0.1 /Public/Uploads/%E5%95%86%E5%93%811
INFO: [ app_init ] --START--
INFO: Run Behavior\BuildLiteBehavior [ RunTime:0.000000s ]
INFO: [ app_init ] --END-- [ RunTime:0.001000s ]
ERR: 无法加载模块:Public

[ 2016-06-06T12:40:20+08:00 ] 127.0.0.1 /Public/Uploads/%E5%95%86%E5%93%811
INFO: [ app_init ] --START--
INFO: Run Behavior\BuildLiteBehavior [ RunTime:0.000000s ]
INFO: [ app_init ] --END-- [ RunTime:0.001000s ]
ERR: 无法加载模块:Public

[ 2016-06-06T12:40:24+08:00 ] 127.0.0.1 /Public/Uploads/%E5%95%86%E5%93%811
INFO: [ app_init ] --START--
INFO: Run Behavior\BuildLiteBehavior [ RunTime:0.000000s ]
INFO: [ app_init ] --END-- [ RunTime:0.000000s ]
ERR: 无法加载模块:Public

[ 2016-06-06T12:40:52+08:00 ] 127.0.0.1 /Public/Uploads/%E5%95%86%E5%93%811
INFO: [ app_init ] --START--
INFO: Run Behavior\BuildLiteBehavior [ RunTime:0.000000s ]
INFO: [ app_init ] --END-- [ RunTime:0.001000s ]
ERR: 无法加载模块:Public

[ 2016-06-06T12:40:56+08:00 ] 127.0.0.1 /Public/Uploads/%E5%95%86%E5%93%811
INFO: [ app_init ] --START--
INFO: Run Behavior\BuildLiteBehavior [ RunTime:0.000000s ]
INFO: [ app_init ] --END-- [ RunTime:0.000000s ]
ERR: 无法加载模块:Public

[ 2016-06-06T12:40:58+08:00 ] 127.0.0.1 /Public/Uploads/%E5%95%86%E5%93%811
INFO: [ app_init ] --START--
INFO: Run Behavior\BuildLiteBehavior [ RunTime:0.000000s ]
INFO: [ app_init ] --END-- [ RunTime:0.000000s ]
ERR: 无法加载模块:Public

[ 2016-06-06T12:41:07+08:00 ] 127.0.0.1 /Public/Uploads/cccccccccccccccc
INFO: [ app_init ] --START--
INFO: Run Behavior\BuildLiteBehavior [ RunTime:0.000000s ]
INFO: [ app_init ] --END-- [ RunTime:0.001000s ]
ERR: 无法加载模块:Public

[ 2016-06-06T12:41:07+08:00 ] 127.0.0.1 /Public/Uploads/aaaaaaaaaaaaaaa
INFO: [ app_init ] --START--
INFO: Run Behavior\BuildLiteBehavior [ RunTime:0.000000s ]
INFO: [ app_init ] --END-- [ RunTime:0.000000s ]
ERR: 无法加载模块:Public

[ 2016-06-06T12:41:07+08:00 ] 127.0.0.1 /Public/Uploads/eeeeeeeeeeeeeee
INFO: [ app_init ] --START--
INFO: Run Behavior\BuildLiteBehavior [ RunTime:0.000000s ]
INFO: [ app_init ] --END-- [ RunTime:0.000000s ]
ERR: 无法加载模块:Public

[ 2016-06-06T12:41:16+08:00 ] 127.0.0.1 /Public/Uploads/%E5%95%86%E5%93%811
INFO: [ app_init ] --START--
INFO: Run Behavior\BuildLiteBehavior [ RunTime:0.000000s ]
INFO: [ app_init ] --END-- [ RunTime:0.000000s ]
ERR: 无法加载模块:Public

[ 2016-06-06T12:41:19+08:00 ] 127.0.0.1 /Public/Uploads/%E5%95%86%E5%93%811
INFO: [ app_init ] --START--
INFO: Run Behavior\BuildLiteBehavior [ RunTime:0.000000s ]
INFO: [ app_init ] --END-- [ RunTime:0.000000s ]
ERR: 无法加载模块:Public

[ 2016-06-06T12:45:11+08:00 ] 127.0.0.1 /Public/Uploads/aaaaaaaaaaaaaaa
INFO: [ app_init ] --START--
INFO: Run Behavior\BuildLiteBehavior [ RunTime:0.000000s ]
INFO: [ app_init ] --END-- [ RunTime:0.000000s ]
ERR: 无法加载模块:Public

[ 2016-06-06T12:45:11+08:00 ] 127.0.0.1 /Public/Uploads/cccccccccccccccc
INFO: [ app_init ] --START--
INFO: Run Behavior\BuildLiteBehavior [ RunTime:0.000000s ]
INFO: [ app_init ] --END-- [ RunTime:0.000000s ]
ERR: 无法加载模块:Public

[ 2016-06-06T12:45:11+08:00 ] 127.0.0.1 /Public/Uploads/eeeeeeeeeeeeeee
INFO: [ app_init ] --START--
INFO: Run Behavior\BuildLiteBehavior [ RunTime:0.000000s ]
INFO: [ app_init ] --END-- [ RunTime:0.001000s ]
ERR: 无法加载模块:Public

[ 2016-06-06T12:45:14+08:00 ] 127.0.0.1 /Public/Uploads/%E5%95%86%E5%93%811
INFO: [ app_init ] --START--
INFO: Run Behavior\BuildLiteBehavior [ RunTime:0.000000s ]
INFO: [ app_init ] --END-- [ RunTime:0.001000s ]
ERR: 无法加载模块:Public

[ 2016-06-06T12:45:19+08:00 ] 127.0.0.1 /Public/Uploads/%E5%95%86%E5%93%811
INFO: [ app_init ] --START--
INFO: Run Behavior\BuildLiteBehavior [ RunTime:0.000000s ]
INFO: [ app_init ] --END-- [ RunTime:0.001000s ]
ERR: 无法加载模块:Public

[ 2016-06-06T12:45:22+08:00 ] 127.0.0.1 /Public/Uploads/eeeeeeeeeeeeeee
INFO: [ app_init ] --START--
INFO: Run Behavior\BuildLiteBehavior [ RunTime:0.000000s ]
INFO: [ app_init ] --END-- [ RunTime:0.001000s ]
ERR: 无法加载模块:Public

[ 2016-06-06T12:45:22+08:00 ] 127.0.0.1 /Public/Uploads/aaaaaaaaaaaaaaa
INFO: [ app_init ] --START--
INFO: Run Behavior\BuildLiteBehavior [ RunTime:0.000000s ]
INFO: [ app_init ] --END-- [ RunTime:0.001000s ]
ERR: 无法加载模块:Public

[ 2016-06-06T12:45:24+08:00 ] 127.0.0.1 /Public/Uploads/aaaaaaaaaaaaaaa
INFO: [ app_init ] --START--
INFO: Run Behavior\BuildLiteBehavior [ RunTime:0.000000s ]
INFO: [ app_init ] --END-- [ RunTime:0.000000s ]
ERR: 无法加载模块:Public

[ 2016-06-06T12:45:24+08:00 ] 127.0.0.1 /Public/Uploads/eeeeeeeeeeeeeee
INFO: [ app_init ] --START--
INFO: Run Behavior\BuildLiteBehavior [ RunTime:0.000000s ]
INFO: [ app_init ] --END-- [ RunTime:0.001000s ]
ERR: 无法加载模块:Public

[ 2016-06-06T12:45:27+08:00 ] 127.0.0.1 /Public/Uploads/eeeeeeeeeeeeeee
INFO: [ app_init ] --START--
INFO: Run Behavior\BuildLiteBehavior [ RunTime:0.000000s ]
INFO: [ app_init ] --END-- [ RunTime:0.000000s ]
ERR: 无法加载模块:Public

[ 2016-06-06T12:45:27+08:00 ] 127.0.0.1 /Public/Uploads/aaaaaaaaaaaaaaa
INFO: [ app_init ] --START--
INFO: Run Behavior\BuildLiteBehavior [ RunTime:0.000000s ]
INFO: [ app_init ] --END-- [ RunTime:0.001000s ]
ERR: 无法加载模块:Public

[ 2016-06-06T12:48:11+08:00 ] 127.0.0.1 /Public/Uploads/eeeeeeeeeeeeeee
INFO: [ app_init ] --START--
INFO: Run Behavior\BuildLiteBehavior [ RunTime:0.000000s ]
INFO: [ app_init ] --END-- [ RunTime:0.001000s ]
ERR: 无法加载模块:Public

[ 2016-06-06T12:48:11+08:00 ] 127.0.0.1 /Public/Uploads/aaaaaaaaaaaaaaa
INFO: [ app_init ] --START--
INFO: Run Behavior\BuildLiteBehavior [ RunTime:0.000000s ]
INFO: [ app_init ] --END-- [ RunTime:0.001000s ]
ERR: 无法加载模块:Public

[ 2016-06-06T12:48:28+08:00 ] 127.0.0.1 /Public/Uploads/%E5%95%86%E5%93%811
INFO: [ app_init ] --START--
INFO: Run Behavior\BuildLiteBehavior [ RunTime:0.000000s ]
INFO: [ app_init ] --END-- [ RunTime:0.001000s ]
ERR: 无法加载模块:Public

[ 2016-06-06T12:51:16+08:00 ] 127.0.0.1 /Public/Uploads/%E5%95%86%E5%93%811
INFO: [ app_init ] --START--
INFO: Run Behavior\BuildLiteBehavior [ RunTime:0.000000s ]
INFO: [ app_init ] --END-- [ RunTime:0.000000s ]
ERR: 无法加载模块:Public

[ 2016-06-06T12:51:22+08:00 ] 127.0.0.1 /Public/Uploads/cccccccccccccccc
INFO: [ app_init ] --START--
INFO: Run Behavior\BuildLiteBehavior [ RunTime:0.000000s ]
INFO: [ app_init ] --END-- [ RunTime:0.000000s ]
ERR: 无法加载模块:Public

[ 2016-06-06T12:51:22+08:00 ] 127.0.0.1 /Public/Uploads/eeeeeeeeeeeeeee
INFO: [ app_init ] --START--
INFO: Run Behavior\BuildLiteBehavior [ RunTime:0.000000s ]
INFO: [ app_init ] --END-- [ RunTime:0.001000s ]
ERR: 无法加载模块:Public

[ 2016-06-06T12:51:22+08:00 ] 127.0.0.1 /Public/Uploads/aaaaaaaaaaaaaaa
INFO: [ app_init ] --START--
INFO: Run Behavior\BuildLiteBehavior [ RunTime:0.000000s ]
INFO: [ app_init ] --END-- [ RunTime:0.001000s ]
ERR: 无法加载模块:Public

[ 2016-06-06T12:51:30+08:00 ] 127.0.0.1 /Public/Uploads/eeeeeeeeeeeeeee
INFO: [ app_init ] --START--
INFO: Run Behavior\BuildLiteBehavior [ RunTime:0.000000s ]
INFO: [ app_init ] --END-- [ RunTime:0.001000s ]
ERR: 无法加载模块:Public

[ 2016-06-06T12:51:30+08:00 ] 127.0.0.1 /Public/Uploads/aaaaaaaaaaaaaaa
INFO: [ app_init ] --START--
INFO: Run Behavior\BuildLiteBehavior [ RunTime:0.000000s ]
INFO: [ app_init ] --END-- [ RunTime:0.000000s ]
ERR: 无法加载模块:Public

[ 2016-06-06T12:51:33+08:00 ] 127.0.0.1 /Public/Uploads/aaaaaaaaaaaaaaa
INFO: [ app_init ] --START--
INFO: Run Behavior\BuildLiteBehavior [ RunTime:0.000000s ]
INFO: [ app_init ] --END-- [ RunTime:0.000000s ]
ERR: 无法加载模块:Public

[ 2016-06-06T12:51:33+08:00 ] 127.0.0.1 /Public/Uploads/eeeeeeeeeeeeeee
INFO: [ app_init ] --START--
INFO: Run Behavior\BuildLiteBehavior [ RunTime:0.000000s ]
INFO: [ app_init ] --END-- [ RunTime:0.001000s ]
ERR: 无法加载模块:Public

[ 2016-06-06T12:51:41+08:00 ] 127.0.0.1 /Public/Uploads/eeeeeeeeeeeeeee
INFO: [ app_init ] --START--
INFO: Run Behavior\BuildLiteBehavior [ RunTime:0.000000s ]
INFO: [ app_init ] --END-- [ RunTime:0.000000s ]
ERR: 无法加载模块:Public

[ 2016-06-06T12:51:41+08:00 ] 127.0.0.1 /Public/Uploads/cccccccccccccccc
INFO: [ app_init ] --START--
INFO: Run Behavior\BuildLiteBehavior [ RunTime:0.000000s ]
INFO: [ app_init ] --END-- [ RunTime:0.000000s ]
ERR: 无法加载模块:Public

[ 2016-06-06T12:51:41+08:00 ] 127.0.0.1 /Public/Uploads/aaaaaaaaaaaaaaa
INFO: [ app_init ] --START--
INFO: Run Behavior\BuildLiteBehavior [ RunTime:0.000000s ]
INFO: [ app_init ] --END-- [ RunTime:0.000000s ]
ERR: 无法加载模块:Public

[ 2016-06-06T12:51:48+08:00 ] 127.0.0.1 /Public/Uploads/%E5%87%BA%E9%94%99%E9%94%99%E9%94%99%E9%94%99
INFO: [ app_init ] --START--
INFO: Run Behavior\BuildLiteBehavior [ RunTime:0.000000s ]
INFO: [ app_init ] --END-- [ RunTime:0.001000s ]
ERR: 无法加载模块:Public

[ 2016-06-06T12:51:48+08:00 ] 127.0.0.1 /Public/Uploads/%E5%95%86%E5%93%811
INFO: [ app_init ] --START--
INFO: Run Behavior\BuildLiteBehavior [ RunTime:0.000000s ]
INFO: [ app_init ] --END-- [ RunTime:0.000000s ]
ERR: 无法加载模块:Public

[ 2016-06-06T12:51:48+08:00 ] 127.0.0.1 /Public/Uploads/%E5%BE%88%E5%A5%BD%E7%9A%84%E4%B8%9C%E8%A5%BF
INFO: [ app_init ] --START--
INFO: Run Behavior\BuildLiteBehavior [ RunTime:0.000000s ]
INFO: [ app_init ] --END-- [ RunTime:0.001000s ]
ERR: 无法加载模块:Public

[ 2016-06-06T12:51:56+08:00 ] 127.0.0.1 /Public/Uploads/%E5%BE%88%E5%A5%BD%E7%9A%84%E4%B8%9C%E8%A5%BF
INFO: [ app_init ] --START--
INFO: Run Behavior\BuildLiteBehavior [ RunTime:0.001000s ]
INFO: [ app_init ] --END-- [ RunTime:0.001000s ]
ERR: 无法加载模块:Public

[ 2016-06-06T12:51:56+08:00 ] 127.0.0.1 /Public/Uploads/%E5%87%BA%E9%94%99%E9%94%99%E9%94%99%E9%94%99
INFO: [ app_init ] --START--
INFO: Run Behavior\BuildLiteBehavior [ RunTime:0.000000s ]
INFO: [ app_init ] --END-- [ RunTime:0.000000s ]
ERR: 无法加载模块:Public

[ 2016-06-06T12:51:56+08:00 ] 127.0.0.1 /Public/Uploads/%E5%95%86%E5%93%811
INFO: [ app_init ] --START--
INFO: Run Behavior\BuildLiteBehavior [ RunTime:0.000000s ]
INFO: [ app_init ] --END-- [ RunTime:0.000000s ]
ERR: 无法加载模块:Public

[ 2016-06-06T12:51:59+08:00 ] 127.0.0.1 /Public/Uploads/cccccccccccccccc
INFO: [ app_init ] --START--
INFO: Run Behavior\BuildLiteBehavior [ RunTime:0.000000s ]
INFO: [ app_init ] --END-- [ RunTime:0.000000s ]
ERR: 无法加载模块:Public

[ 2016-06-06T12:51:59+08:00 ] 127.0.0.1 /Public/Uploads/aaaaaaaaaaaaaaa
INFO: [ app_init ] --START--
INFO: Run Behavior\BuildLiteBehavior [ RunTime:0.000000s ]
INFO: [ app_init ] --END-- [ RunTime:0.001000s ]
ERR: 无法加载模块:Public

[ 2016-06-06T12:51:59+08:00 ] 127.0.0.1 /Public/Uploads/eeeeeeeeeeeeeee
INFO: [ app_init ] --START--
INFO: Run Behavior\BuildLiteBehavior [ RunTime:0.000000s ]
INFO: [ app_init ] --END-- [ RunTime:0.000000s ]
ERR: 无法加载模块:Public

[ 2016-06-06T13:19:09+08:00 ] 127.0.0.1 /Public/Uploads/eeeeeeeeeeeeeee
INFO: [ app_init ] --START--
INFO: Run Behavior\BuildLiteBehavior [ RunTime:0.000000s ]
INFO: [ app_init ] --END-- [ RunTime:0.000000s ]
ERR: 无法加载模块:Public

[ 2016-06-06T13:19:09+08:00 ] 127.0.0.1 /Public/Uploads/cccccccccccccccc
INFO: [ app_init ] --START--
INFO: Run Behavior\BuildLiteBehavior [ RunTime:0.000000s ]
INFO: [ app_init ] --END-- [ RunTime:0.001000s ]
ERR: 无法加载模块:Public

[ 2016-06-06T13:19:09+08:00 ] 127.0.0.1 /Public/Uploads/aaaaaaaaaaaaaaa
INFO: [ app_init ] --START--
INFO: Run Behavior\BuildLiteBehavior [ RunTime:0.000000s ]
INFO: [ app_init ] --END-- [ RunTime:0.000000s ]
ERR: 无法加载模块:Public

[ 2016-06-06T13:19:16+08:00 ] 127.0.0.1 /Public/Uploads/eeeeeeeeeeeeeee
INFO: [ app_init ] --START--
INFO: Run Behavior\BuildLiteBehavior [ RunTime:0.000000s ]
INFO: [ app_init ] --END-- [ RunTime:0.000000s ]
ERR: 无法加载模块:Public

[ 2016-06-06T13:19:16+08:00 ] 127.0.0.1 /Public/Uploads/aaaaaaaaaaaaaaa
INFO: [ app_init ] --START--
INFO: Run Behavior\BuildLiteBehavior [ RunTime:0.000000s ]
INFO: [ app_init ] --END-- [ RunTime:0.001000s ]
ERR: 无法加载模块:Public

[ 2016-06-06T13:19:20+08:00 ] 127.0.0.1 /Public/Uploads/%E5%95%86%E5%93%811
INFO: [ app_init ] --START--
INFO: Run Behavior\BuildLiteBehavior [ RunTime:0.000000s ]
INFO: [ app_init ] --END-- [ RunTime:0.001000s ]
ERR: 无法加载模块:Public

[ 2016-06-06T13:19:20+08:00 ] 127.0.0.1 /Public/Uploads/cccccccccccccccc
INFO: [ app_init ] --START--
INFO: Run Behavior\BuildLiteBehavior [ RunTime:0.000000s ]
INFO: [ app_init ] --END-- [ RunTime:0.001000s ]
ERR: 无法加载模块:Public

[ 2016-06-06T13:19:20+08:00 ] 127.0.0.1 /Public/Uploads/aaaaaaaaaaaaaaa
INFO: [ app_init ] --START--
INFO: Run Behavior\BuildLiteBehavior [ RunTime:0.000000s ]
INFO: [ app_init ] --END-- [ RunTime:0.000000s ]
ERR: 无法加载模块:Public

[ 2016-06-06T13:20:20+08:00 ] 127.0.0.1 /Public/Uploads/eeeeeeeeeeeeeee
INFO: [ app_init ] --START--
INFO: Run Behavior\BuildLiteBehavior [ RunTime:0.001000s ]
INFO: [ app_init ] --END-- [ RunTime:0.001000s ]
ERR: 无法加载模块:Public

[ 2016-06-06T13:20:20+08:00 ] 127.0.0.1 /Public/Uploads/aaaaaaaaaaaaaaa
INFO: [ app_init ] --START--
INFO: Run Behavior\BuildLiteBehavior [ RunTime:0.000000s ]
INFO: [ app_init ] --END-- [ RunTime:0.000000s ]
ERR: 无法加载模块:Public

[ 2016-06-06T13:20:20+08:00 ] 127.0.0.1 /Public/Uploads/cccccccccccccccc
INFO: [ app_init ] --START--
INFO: Run Behavior\BuildLiteBehavior [ RunTime:0.000000s ]
INFO: [ app_init ] --END-- [ RunTime:0.001000s ]
ERR: 无法加载模块:Public

[ 2016-06-06T13:20:24+08:00 ] 127.0.0.1 /Public/Uploads/%E5%95%86%E5%93%811
INFO: [ app_init ] --START--
INFO: Run Behavior\BuildLiteBehavior [ RunTime:0.000000s ]
INFO: [ app_init ] --END-- [ RunTime:0.000000s ]
ERR: 无法加载模块:Public

[ 2016-06-06T13:20:26+08:00 ] 127.0.0.1 /Public/Uploads/aaaaaaaaaaaaaaa
INFO: [ app_init ] --START--
INFO: Run Behavior\BuildLiteBehavior [ RunTime:0.000000s ]
INFO: [ app_init ] --END-- [ RunTime:0.001000s ]
ERR: 无法加载模块:Public

[ 2016-06-06T13:20:26+08:00 ] 127.0.0.1 /Public/Uploads/cccccccccccccccc
INFO: [ app_init ] --START--
INFO: Run Behavior\BuildLiteBehavior [ RunTime:0.000000s ]
INFO: [ app_init ] --END-- [ RunTime:0.001000s ]
ERR: 无法加载模块:Public

[ 2016-06-06T13:20:26+08:00 ] 127.0.0.1 /Public/Uploads/eeeeeeeeeeeeeee
INFO: [ app_init ] --START--
INFO: Run Behavior\BuildLiteBehavior [ RunTime:0.000000s ]
INFO: [ app_init ] --END-- [ RunTime:0.000000s ]
ERR: 无法加载模块:Public

[ 2016-06-06T13:32:09+08:00 ] 127.0.0.1 /Public/Uploads/%E5%95%86%E5%93%811
INFO: [ app_init ] --START--
INFO: Run Behavior\BuildLiteBehavior [ RunTime:0.000000s ]
INFO: [ app_init ] --END-- [ RunTime:0.001000s ]
ERR: 无法加载模块:Public

[ 2016-06-06T13:32:13+08:00 ] 127.0.0.1 /Public/Uploads/aaaaaaaaaaaaaaa
INFO: [ app_init ] --START--
INFO: Run Behavior\BuildLiteBehavior [ RunTime:0.000000s ]
INFO: [ app_init ] --END-- [ RunTime:0.000000s ]
ERR: 无法加载模块:Public

[ 2016-06-06T13:32:13+08:00 ] 127.0.0.1 /Public/Uploads/cccccccccccccccc
INFO: [ app_init ] --START--
INFO: Run Behavior\BuildLiteBehavior [ RunTime:0.000000s ]
INFO: [ app_init ] --END-- [ RunTime:0.000000s ]
ERR: 无法加载模块:Public

[ 2016-06-06T13:32:13+08:00 ] 127.0.0.1 /Public/Uploads/%E5%95%86%E5%93%811
INFO: [ app_init ] --START--
INFO: Run Behavior\BuildLiteBehavior [ RunTime:0.000000s ]
INFO: [ app_init ] --END-- [ RunTime:0.001000s ]
ERR: 无法加载模块:Public

[ 2016-06-06T13:32:15+08:00 ] 127.0.0.1 /Public/Uploads/eeeeeeeeeeeeeee
INFO: [ app_init ] --START--
INFO: Run Behavior\BuildLiteBehavior [ RunTime:0.000000s ]
INFO: [ app_init ] --END-- [ RunTime:0.001000s ]
ERR: 无法加载模块:Public

[ 2016-06-06T13:32:15+08:00 ] 127.0.0.1 /Public/Uploads/aaaaaaaaaaaaaaa
INFO: [ app_init ] --START--
INFO: Run Behavior\BuildLiteBehavior [ RunTime:0.000000s ]
INFO: [ app_init ] --END-- [ RunTime:0.001000s ]
ERR: 无法加载模块:Public

[ 2016-06-06T13:56:56+08:00 ] 127.0.0.1 /Public/Uploads/eeeeeeeeeeeeeee
INFO: [ app_init ] --START--
INFO: Run Behavior\BuildLiteBehavior [ RunTime:0.000000s ]
INFO: [ app_init ] --END-- [ RunTime:0.001001s ]
ERR: 无法加载模块:Public

[ 2016-06-06T13:56:56+08:00 ] 127.0.0.1 /Public/Uploads/aaaaaaaaaaaaaaa
INFO: [ app_init ] --START--
INFO: Run Behavior\BuildLiteBehavior [ RunTime:0.000000s ]
INFO: [ app_init ] --END-- [ RunTime:0.001001s ]
ERR: 无法加载模块:Public

[ 2016-06-06T14:07:29+08:00 ] 127.0.0.1 /Public/Uploads/%E5%95%86%E5%93%811
INFO: [ app_init ] --START--
INFO: Run Behavior\BuildLiteBehavior [ RunTime:0.000000s ]
INFO: [ app_init ] --END-- [ RunTime:0.000000s ]
ERR: 无法加载模块:Public

[ 2016-06-06T14:07:29+08:00 ] 127.0.0.1 /Public/Uploads/cccccccccccccccc
INFO: [ app_init ] --START--
INFO: Run Behavior\BuildLiteBehavior [ RunTime:0.000000s ]
INFO: [ app_init ] --END-- [ RunTime:0.000000s ]
ERR: 无法加载模块:Public

[ 2016-06-06T14:07:29+08:00 ] 127.0.0.1 /Public/Uploads/aaaaaaaaaaaaaaa
INFO: [ app_init ] --START--
INFO: Run Behavior\BuildLiteBehavior [ RunTime:0.000000s ]
INFO: [ app_init ] --END-- [ RunTime:0.001000s ]
ERR: 无法加载模块:Public

[ 2016-06-06T14:15:01+08:00 ] 127.0.0.1 /Public/Uploads/%E5%95%86%E5%93%811
INFO: [ app_init ] --START--
INFO: Run Behavior\BuildLiteBehavior [ RunTime:0.000000s ]
INFO: [ app_init ] --END-- [ RunTime:0.000000s ]
ERR: 无法加载模块:Public

[ 2016-06-06T14:15:01+08:00 ] 127.0.0.1 /Public/Uploads/aaaaaaaaaaaaaaa
INFO: [ app_init ] --START--
INFO: Run Behavior\BuildLiteBehavior [ RunTime:0.000000s ]
INFO: [ app_init ] --END-- [ RunTime:0.001000s ]
ERR: 无法加载模块:Public

[ 2016-06-06T14:15:01+08:00 ] 127.0.0.1 /Public/Uploads/cccccccccccccccc
INFO: [ app_init ] --START--
INFO: Run Behavior\BuildLiteBehavior [ RunTime:0.000000s ]
INFO: [ app_init ] --END-- [ RunTime:0.001001s ]
ERR: 无法加载模块:Public

[ 2016-06-06T14:18:04+08:00 ] 127.0.0.1 /Public/Uploads/cccccccccccccccc
INFO: [ app_init ] --START--
INFO: Run Behavior\BuildLiteBehavior [ RunTime:0.001000s ]
INFO: [ app_init ] --END-- [ RunTime:0.001000s ]
ERR: 无法加载模块:Public

[ 2016-06-06T14:18:04+08:00 ] 127.0.0.1 /Public/Uploads/%E5%95%86%E5%93%811
INFO: [ app_init ] --START--
INFO: Run Behavior\BuildLiteBehavior [ RunTime:0.001000s ]
INFO: [ app_init ] --END-- [ RunTime:0.001000s ]
ERR: 无法加载模块:Public

[ 2016-06-06T14:18:04+08:00 ] 127.0.0.1 /Public/Uploads/aaaaaaaaaaaaaaa
INFO: [ app_init ] --START--
INFO: Run Behavior\BuildLiteBehavior [ RunTime:0.000000s ]
INFO: [ app_init ] --END-- [ RunTime:0.000000s ]
ERR: 无法加载模块:Public

[ 2016-06-06T14:18:29+08:00 ] 127.0.0.1 /Public/Uploads/cccccccccccccccc
INFO: [ app_init ] --START--
INFO: Run Behavior\BuildLiteBehavior [ RunTime:0.000000s ]
INFO: [ app_init ] --END-- [ RunTime:0.000000s ]
ERR: 无法加载模块:Public

[ 2016-06-06T14:18:29+08:00 ] 127.0.0.1 /Public/Uploads/aaaaaaaaaaaaaaa
INFO: [ app_init ] --START--
INFO: Run Behavior\BuildLiteBehavior [ RunTime:0.000000s ]
INFO: [ app_init ] --END-- [ RunTime:0.000000s ]
ERR: 无法加载模块:Public

[ 2016-06-06T14:18:29+08:00 ] 127.0.0.1 /Public/Uploads/%E5%95%86%E5%93%811
INFO: [ app_init ] --START--
INFO: Run Behavior\BuildLiteBehavior [ RunTime:0.000000s ]
INFO: [ app_init ] --END-- [ RunTime:0.001000s ]
ERR: 无法加载模块:Public

[ 2016-06-06T14:18:32+08:00 ] 127.0.0.1 /Public/Uploads/%E5%87%BA%E9%94%99%E9%94%99%E9%94%99%E9%94%99
INFO: [ app_init ] --START--
INFO: Run Behavior\BuildLiteBehavior [ RunTime:0.000000s ]
INFO: [ app_init ] --END-- [ RunTime:0.000000s ]
ERR: 无法加载模块:Public

[ 2016-06-06T14:18:32+08:00 ] 127.0.0.1 /Public/Uploads/eeeeeeeeeeeeeee
INFO: [ app_init ] --START--
INFO: Run Behavior\BuildLiteBehavior [ RunTime:0.000000s ]
INFO: [ app_init ] --END-- [ RunTime:0.000000s ]
ERR: 无法加载模块:Public

[ 2016-06-06T14:18:32+08:00 ] 127.0.0.1 /Public/Uploads/aaaaaaaaaaaaaaa
INFO: [ app_init ] --START--
INFO: Run Behavior\BuildLiteBehavior [ RunTime:0.000000s ]
INFO: [ app_init ] --END-- [ RunTime:0.001001s ]
ERR: 无法加载模块:Public

[ 2016-06-06T14:18:33+08:00 ] 127.0.0.1 /Public/Uploads/%E5%95%86%E5%93%811
INFO: [ app_init ] --START--
INFO: Run Behavior\BuildLiteBehavior [ RunTime:0.000000s ]
INFO: [ app_init ] --END-- [ RunTime:0.000000s ]
ERR: 无法加载模块:Public

[ 2016-06-06T14:18:33+08:00 ] 127.0.0.1 /Public/Uploads/cccccccccccccccc
INFO: [ app_init ] --START--
INFO: Run Behavior\BuildLiteBehavior [ RunTime:0.000000s ]
INFO: [ app_init ] --END-- [ RunTime:0.001000s ]
ERR: 无法加载模块:Public

[ 2016-06-06T14:18:33+08:00 ] 127.0.0.1 /Public/Uploads/aaaaaaaaaaaaaaa
INFO: [ app_init ] --START--
INFO: Run Behavior\BuildLiteBehavior [ RunTime:0.000000s ]
INFO: [ app_init ] --END-- [ RunTime:0.001000s ]
ERR: 无法加载模块:Public

[ 2016-06-06T14:18:36+08:00 ] 127.0.0.1 /Public/Uploads/%E5%BE%88%E5%A5%BD%E7%9A%84%E4%B8%9C%E8%A5%BF
INFO: [ app_init ] --START--
INFO: Run Behavior\BuildLiteBehavior [ RunTime:0.000000s ]
INFO: [ app_init ] --END-- [ RunTime:0.001000s ]
ERR: 无法加载模块:Public

[ 2016-06-06T14:27:50+08:00 ] 127.0.0.1 /Public/Uploads/%E5%BE%88%E5%A5%BD%E7%9A%84%E4%B8%9C%E8%A5%BF
INFO: [ app_init ] --START--
INFO: Run Behavior\BuildLiteBehavior [ RunTime:0.000000s ]
INFO: [ app_init ] --END-- [ RunTime:0.001000s ]
ERR: 无法加载模块:Public

[ 2016-06-06T14:28:46+08:00 ] 127.0.0.1 /Public/Uploads/%E5%BE%88%E5%A5%BD%E7%9A%84%E4%B8%9C%E8%A5%BF
INFO: [ app_init ] --START--
INFO: Run Behavior\BuildLiteBehavior [ RunTime:0.000000s ]
INFO: [ app_init ] --END-- [ RunTime:0.001001s ]
ERR: 无法加载模块:Public

[ 2016-06-06T15:12:40+08:00 ] 127.0.0.1 /Public/Uploads/%E5%BE%88%E5%A5%BD%E7%9A%84%E4%B8%9C%E8%A5%BF
INFO: [ app_init ] --START--
INFO: Run Behavior\BuildLiteBehavior [ RunTime:0.000000s ]
INFO: [ app_init ] --END-- [ RunTime:0.000000s ]
ERR: 无法加载模块:Public

[ 2016-06-06T15:13:14+08:00 ] 127.0.0.1 /Public/Uploads/%E5%BE%88%E5%A5%BD%E7%9A%84%E4%B8%9C%E8%A5%BF
INFO: [ app_init ] --START--
INFO: Run Behavior\BuildLiteBehavior [ RunTime:0.000000s ]
INFO: [ app_init ] --END-- [ RunTime:0.000000s ]
ERR: 无法加载模块:Public

[ 2016-06-06T15:13:30+08:00 ] 127.0.0.1 /Public/Uploads/%E5%BE%88%E5%A5%BD%E7%9A%84%E4%B8%9C%E8%A5%BF
INFO: [ app_init ] --START--
INFO: Run Behavior\BuildLiteBehavior [ RunTime:0.000000s ]
INFO: [ app_init ] --END-- [ RunTime:0.001001s ]
ERR: 无法加载模块:Public

[ 2016-06-06T15:17:09+08:00 ] 127.0.0.1 /Public/Uploads/%E5%BE%88%E5%A5%BD%E7%9A%84%E4%B8%9C%E8%A5%BF
INFO: [ app_init ] --START--
INFO: Run Behavior\BuildLiteBehavior [ RunTime:0.000000s ]
INFO: [ app_init ] --END-- [ RunTime:0.000000s ]
ERR: 无法加载模块:Public

[ 2016-06-06T15:17:18+08:00 ] 127.0.0.1 /Public/Uploads/cccccccccccccccc
INFO: [ app_init ] --START--
INFO: Run Behavior\BuildLiteBehavior [ RunTime:0.000000s ]
INFO: [ app_init ] --END-- [ RunTime:0.000000s ]
ERR: 无法加载模块:Public

[ 2016-06-06T15:17:18+08:00 ] 127.0.0.1 /Public/Uploads/aaaaaaaaaaaaaaa
INFO: [ app_init ] --START--
INFO: Run Behavior\BuildLiteBehavior [ RunTime:0.000000s ]
INFO: [ app_init ] --END-- [ RunTime:0.001000s ]
ERR: 无法加载模块:Public

[ 2016-06-06T15:17:18+08:00 ] 127.0.0.1 /Public/Uploads/eeeeeeeeeeeeeee
INFO: [ app_init ] --START--
INFO: Run Behavior\BuildLiteBehavior [ RunTime:0.000000s ]
INFO: [ app_init ] --END-- [ RunTime:0.000000s ]
ERR: 无法加载模块:Public

[ 2016-06-06T15:18:08+08:00 ] 127.0.0.1 /Public/Uploads/cccccccccccccccc
INFO: [ app_init ] --START--
INFO: Run Behavior\BuildLiteBehavior [ RunTime:0.000000s ]
INFO: [ app_init ] --END-- [ RunTime:0.001000s ]
ERR: 无法加载模块:Public

[ 2016-06-06T15:18:08+08:00 ] 127.0.0.1 /Public/Uploads/aaaaaaaaaaaaaaa
INFO: [ app_init ] --START--
INFO: Run Behavior\BuildLiteBehavior [ RunTime:0.000000s ]
INFO: [ app_init ] --END-- [ RunTime:0.000000s ]
ERR: 无法加载模块:Public

[ 2016-06-06T15:18:08+08:00 ] 127.0.0.1 /Public/Uploads/eeeeeeeeeeeeeee
INFO: [ app_init ] --START--
INFO: Run Behavior\BuildLiteBehavior [ RunTime:0.000000s ]
INFO: [ app_init ] --END-- [ RunTime:0.000000s ]
ERR: 无法加载模块:Public

[ 2016-06-06T15:18:12+08:00 ] 127.0.0.1 /Public/Uploads/cccccccccccccccc
INFO: [ app_init ] --START--
INFO: Run Behavior\BuildLiteBehavior [ RunTime:0.000000s ]
INFO: [ app_init ] --END-- [ RunTime:0.000000s ]
ERR: 无法加载模块:Public

[ 2016-06-06T15:18:12+08:00 ] 127.0.0.1 /Public/Uploads/aaaaaaaaaaaaaaa
INFO: [ app_init ] --START--
INFO: Run Behavior\BuildLiteBehavior [ RunTime:0.000000s ]
INFO: [ app_init ] --END-- [ RunTime:0.000000s ]
ERR: 无法加载模块:Public

[ 2016-06-06T15:18:12+08:00 ] 127.0.0.1 /Public/Uploads/eeeeeeeeeeeeeee
INFO: [ app_init ] --START--
INFO: Run Behavior\BuildLiteBehavior [ RunTime:0.000000s ]
INFO: [ app_init ] --END-- [ RunTime:0.001000s ]
ERR: 无法加载模块:Public

[ 2016-06-06T15:19:21+08:00 ] 127.0.0.1 /Public/Uploads/eeeeeeeeeeeeeee
INFO: [ app_init ] --START--
INFO: Run Behavior\BuildLiteBehavior [ RunTime:0.000000s ]
INFO: [ app_init ] --END-- [ RunTime:0.000000s ]
ERR: 无法加载模块:Public

[ 2016-06-06T15:19:21+08:00 ] 127.0.0.1 /Public/Uploads/aaaaaaaaaaaaaaa
INFO: [ app_init ] --START--
INFO: Run Behavior\BuildLiteBehavior [ RunTime:0.000000s ]
INFO: [ app_init ] --END-- [ RunTime:0.000000s ]
ERR: 无法加载模块:Public

[ 2016-06-06T15:19:21+08:00 ] 127.0.0.1 /Public/Uploads/cccccccccccccccc
INFO: [ app_init ] --START--
INFO: Run Behavior\BuildLiteBehavior [ RunTime:0.000000s ]
INFO: [ app_init ] --END-- [ RunTime:0.000000s ]
ERR: 无法加载模块:Public

[ 2016-06-06T15:19:25+08:00 ] 127.0.0.1 /Public/Uploads/%E5%95%86%E5%93%811
INFO: [ app_init ] --START--
INFO: Run Behavior\BuildLiteBehavior [ RunTime:0.000000s ]
INFO: [ app_init ] --END-- [ RunTime:0.000000s ]
ERR: 无法加载模块:Public

[ 2016-06-06T15:19:25+08:00 ] 127.0.0.1 /Public/Uploads/%E5%87%BA%E9%94%99%E9%94%99%E9%94%99%E9%94%99
INFO: [ app_init ] --START--
INFO: Run Behavior\BuildLiteBehavior [ RunTime:0.000000s ]
INFO: [ app_init ] --END-- [ RunTime:0.000000s ]
ERR: 无法加载模块:Public

[ 2016-06-06T15:19:25+08:00 ] 127.0.0.1 /Public/Uploads/%E5%BE%88%E5%A5%BD%E7%9A%84%E4%B8%9C%E8%A5%BF
INFO: [ app_init ] --START--
INFO: Run Behavior\BuildLiteBehavior [ RunTime:0.000000s ]
INFO: [ app_init ] --END-- [ RunTime:0.000000s ]
ERR: 无法加载模块:Public

[ 2016-06-06T15:21:50+08:00 ] 127.0.0.1 /Public/Uploads/%E5%87%BA%E9%94%99%E9%94%99%E9%94%99%E9%94%99
INFO: [ app_init ] --START--
INFO: Run Behavior\BuildLiteBehavior [ RunTime:0.000000s ]
INFO: [ app_init ] --END-- [ RunTime:0.001000s ]
ERR: 无法加载模块:Public

[ 2016-06-06T15:21:50+08:00 ] 127.0.0.1 /Public/Uploads/%E5%BE%88%E5%A5%BD%E7%9A%84%E4%B8%9C%E8%A5%BF
INFO: [ app_init ] --START--
INFO: Run Behavior\BuildLiteBehavior [ RunTime:0.000000s ]
INFO: [ app_init ] --END-- [ RunTime:0.001000s ]
ERR: 无法加载模块:Public

[ 2016-06-06T15:21:50+08:00 ] 127.0.0.1 /Public/Uploads/%E5%95%86%E5%93%811
INFO: [ app_init ] --START--
INFO: Run Behavior\BuildLiteBehavior [ RunTime:0.000000s ]
INFO: [ app_init ] --END-- [ RunTime:0.001000s ]
ERR: 无法加载模块:Public

[ 2016-06-06T15:35:09+08:00 ] 127.0.0.1 /Public/Uploads/%E5%BE%88%E5%A5%BD%E7%9A%84%E4%B8%9C%E8%A5%BF
INFO: [ app_init ] --START--
INFO: Run Behavior\BuildLiteBehavior [ RunTime:0.000000s ]
INFO: [ app_init ] --END-- [ RunTime:0.001000s ]
ERR: 无法加载模块:Public

[ 2016-06-06T15:35:09+08:00 ] 127.0.0.1 /Public/Uploads/%E5%87%BA%E9%94%99%E9%94%99%E9%94%99%E9%94%99
INFO: [ app_init ] --START--
INFO: Run Behavior\BuildLiteBehavior [ RunTime:0.000000s ]
INFO: [ app_init ] --END-- [ RunTime:0.001000s ]
ERR: 无法加载模块:Public

[ 2016-06-06T15:35:09+08:00 ] 127.0.0.1 /Public/Uploads/%E5%95%86%E5%93%811
INFO: [ app_init ] --START--
INFO: Run Behavior\BuildLiteBehavior [ RunTime:0.000000s ]
INFO: [ app_init ] --END-- [ RunTime:0.001000s ]
ERR: 无法加载模块:Public

[ 2016-06-06T15:35:12+08:00 ] 127.0.0.1 /index.php/Goods/?goods_id=%3C%3E
INFO: [ app_init ] --START--
INFO: Run Behavior\BuildLiteBehavior [ RunTime:0.000000s ]
INFO: [ app_init ] --END-- [ RunTime:0.001000s ]
ERR: 无法加载模块:Goods

[ 2016-06-06T15:49:20+08:00 ] 127.0.0.1 /index.php/Goods/lst
INFO: [ app_init ] --START--
INFO: Run Behavior\BuildLiteBehavior [ RunTime:0.000000s ]
INFO: [ app_init ] --END-- [ RunTime:0.001000s ]
ERR: 无法加载模块:Goods

[ 2016-06-06T15:49:28+08:00 ] 127.0.0.1 /Public/Uploads/cccccccccccccccc
INFO: [ app_init ] --START--
INFO: Run Behavior\BuildLiteBehavior [ RunTime:0.000000s ]
INFO: [ app_init ] --END-- [ RunTime:0.000000s ]
ERR: 无法加载模块:Public

[ 2016-06-06T15:49:28+08:00 ] 127.0.0.1 /Public/Uploads/aaaaaaaaaaaaaaa
INFO: [ app_init ] --START--
INFO: Run Behavior\BuildLiteBehavior [ RunTime:0.000000s ]
INFO: [ app_init ] --END-- [ RunTime:0.001000s ]
ERR: 无法加载模块:Public

[ 2016-06-06T15:49:29+08:00 ] 127.0.0.1 /Public/Uploads/eeeeeeeeeeeeeee
INFO: [ app_init ] --START--
INFO: Run Behavior\BuildLiteBehavior [ RunTime:0.000000s ]
INFO: [ app_init ] --END-- [ RunTime:0.000000s ]
ERR: 无法加载模块:Public

[ 2016-06-06T16:05:53+08:00 ] 127.0.0.1 /Public/Uploads/cccccccccccccccc
INFO: [ app_init ] --START--
INFO: Run Behavior\BuildLiteBehavior [ RunTime:0.000000s ]
INFO: [ app_init ] --END-- [ RunTime:0.000000s ]
ERR: 无法加载模块:Public

[ 2016-06-06T16:05:53+08:00 ] 127.0.0.1 /Public/Uploads/aaaaaaaaaaaaaaa
INFO: [ app_init ] --START--
INFO: Run Behavior\BuildLiteBehavior [ RunTime:0.000000s ]
INFO: [ app_init ] --END-- [ RunTime:0.000000s ]
ERR: 无法加载模块:Public

[ 2016-06-06T16:05:53+08:00 ] 127.0.0.1 /Public/Uploads/eeeeeeeeeeeeeee
INFO: [ app_init ] --START--
INFO: Run Behavior\BuildLiteBehavior [ RunTime:0.000000s ]
INFO: [ app_init ] --END-- [ RunTime:0.000000s ]
ERR: 无法加载模块:Public

