[ 2016-07-01T07:33:07+08:00 ] ::1 /RNA/index.php/Admin/Index/Js/global.js
ERR: 非法操作:Js

[ 2016-07-01T07:33:07+08:00 ] ::1 /RNA/index.php/Admin/Index/Js/utils.js
ERR: 非法操作:Js

[ 2016-07-01T07:33:08+08:00 ] ::1 /RNA/index.php/Admin/Index/Js/transport.js
ERR: 非法操作:Js

[ 2016-07-01T16:35:08+08:00 ] ::1 /RNA/index.php/Admin/Index/__GROUP__/Index/main
ERR: 非法操作:__GROUP__

[ 2016-07-01T16:35:08+08:00 ] ::1 /RNA/index.php/Admin/Index/__GROUP__/Goods/goodsList
ERR: 非法操作:__GROUP__

[ 2016-07-01T16:35:09+08:00 ] ::1 /RNA/index.php/Admin/Index/__GROUP__/Goods/goodsList
ERR: 非法操作:__GROUP__

[ 2016-07-01T16:35:10+08:00 ] ::1 /RNA/index.php/Admin/Index/__GROUP__/Order/orderList
ERR: 非法操作:__GROUP__

[ 2016-07-01T16:35:10+08:00 ] ::1 /RNA/index.php/Admin/Index/__GROUP__/Comment/commentList
ERR: 非法操作:__GROUP__

[ 2016-07-01T16:35:11+08:00 ] ::1 /RNA/index.php/Admin/Index/__GROUP__/Goods/goodsList
ERR: 非法操作:__GROUP__

[ 2016-07-01T16:35:11+08:00 ] ::1 /RNA/index.php/Admin/Index/__GROUP__/Index/main
ERR: 非法操作:__GROUP__

[ 2016-07-01T16:35:18+08:00 ] ::1 /RNA/index.php/Admin/Heart/lst.html
ERR: 无法加载控制器:Heart

[ 2016-07-01T16:35:23+08:00 ] ::1 /RNA/index.php/Admin/Heart/lst.html
ERR: 无法加载控制器:Heart

[ 2016-07-01T16:35:32+08:00 ] ::1 /RNA/index.php/Admin/Heart/lst.html
ERR: 无法加载控制器:Heart

[ 2016-07-01T16:35:35+08:00 ] ::1 /RNA/index.php/Admin/MemberLevel/lst.html
ERR: SQLSTATE[42S02]: Base table or view not found: 1146 Table 'rna_editing.rna_member_level' doesn't exist

