[ 2016-06-27T12:54:37+08:00 ] 127.0.0.1 /RNA/index.php/Admin/Index/Js/utils.js
ERR: 非法操作:Js

[ 2016-06-27T12:54:37+08:00 ] 127.0.0.1 /RNA/index.php/Admin/Index/Js/global.js
ERR: 非法操作:Js

[ 2016-06-27T12:54:37+08:00 ] 127.0.0.1 /RNA/index.php/Admin/Index/Js/transport.js
ERR: 非法操作:Js

[ 2016-06-27T12:54:50+08:00 ] 127.0.0.1 /RNA/index.php/Admin/Heart/lst.html
ERR: 无法加载控制器:Heart

[ 2016-06-27T13:00:56+08:00 ] 127.0.0.1 /RNA/index.php/Admin/Index/Js/global.js
ERR: 非法操作:Js

[ 2016-06-27T13:00:56+08:00 ] 127.0.0.1 /RNA/index.php/Admin/Index/Js/transport.js
ERR: 非法操作:Js

[ 2016-06-27T13:00:56+08:00 ] 127.0.0.1 /RNA/index.php/Admin/Index/Js/utils.js
ERR: 非法操作:Js

[ 2016-06-27T15:50:59+08:00 ] ::1 /rna/index.php/Admin/menu.html
ERR: 无法加载控制器:Menu

[ 2016-06-27T15:50:59+08:00 ] ::1 /rna/index.php/Admin/main.html
ERR: 无法加载控制器:Main

[ 2016-06-27T15:50:59+08:00 ] ::1 /rna/index.php/Admin/top.html
ERR: 无法加载控制器:Top

[ 2016-06-27T15:50:59+08:00 ] ::1 /rna/index.php/Admin/menu.html
ERR: 无法加载控制器:Menu

[ 2016-06-27T15:50:59+08:00 ] ::1 /rna/index.php/Admin/main.html
ERR: 无法加载控制器:Main

[ 2016-06-27T15:50:59+08:00 ] ::1 /rna/index.php/Admin/top.html
ERR: 无法加载控制器:Top

