[ 2016-07-04T12:28:49+08:00 ] ::1 /rna/index.php/Admin/top.html
ERR: 无法加载控制器:Top

[ 2016-07-04T12:28:50+08:00 ] ::1 /rna/index.php/Admin/menu.html
ERR: 无法加载控制器:Menu

[ 2016-07-04T12:28:50+08:00 ] ::1 /rna/index.php/Admin/main.html
ERR: 无法加载控制器:Main

[ 2016-07-04T13:45:04+08:00 ] ::1 /rna/index.php/Admin/menu.html
ERR: 无法加载控制器:Menu

[ 2016-07-04T13:45:04+08:00 ] ::1 /rna/index.php/Admin/main.html
ERR: 无法加载控制器:Main

[ 2016-07-04T13:45:04+08:00 ] ::1 /rna/index.php/Admin/top.html
ERR: 无法加载控制器:Top

[ 2016-07-04T19:19:07+08:00 ] ::1 /rna/index.php/Admin/Index/Js/global.js
ERR: 非法操作:Js

[ 2016-07-04T19:19:07+08:00 ] ::1 /rna/index.php/Admin/Index/Js/utils.js
ERR: 非法操作:Js

[ 2016-07-04T19:19:07+08:00 ] ::1 /rna/index.php/Admin/Index/Js/transport.js
ERR: 非法操作:Js

[ 2016-07-04T19:19:30+08:00 ] ::1 /rna/index.php/Admin/Heart/lst.html
ERR: 无法加载控制器:Heart

