[ 2016-06-23T09:55:15+08:00 ] ::1 /rna/index.php/Admin/menu.html
ERR: 无法加载控制器:Menu

[ 2016-06-23T09:55:15+08:00 ] ::1 /rna/index.php/Admin/top.html
ERR: 无法加载控制器:Top

[ 2016-06-23T09:55:15+08:00 ] ::1 /rna/index.php/Admin/main.html
ERR: 无法加载控制器:Main

[ 2016-06-23T09:55:15+08:00 ] ::1 /rna/index.php/Admin/main.html
ERR: 无法加载控制器:Main

[ 2016-06-23T09:55:15+08:00 ] ::1 /rna/index.php/Admin/menu.html
ERR: 无法加载控制器:Menu

[ 2016-06-23T09:55:15+08:00 ] ::1 /rna/index.php/Admin/top.html
ERR: 无法加载控制器:Top

[ 2016-06-23T15:25:53+08:00 ] ::1 /rna/index.php/Admin/top.html
ERR: 无法加载控制器:Top

[ 2016-06-23T15:25:53+08:00 ] ::1 /rna/index.php/Admin/menu.html
ERR: 无法加载控制器:Menu

[ 2016-06-23T15:25:53+08:00 ] ::1 /rna/index.php/Admin/main.html
ERR: 无法加载控制器:Main

[ 2016-06-23T19:34:45+08:00 ] ::1 /RNA/index.php/Admin/Index/Js/global.js
ERR: 非法操作:Js

[ 2016-06-23T19:34:45+08:00 ] ::1 /RNA/index.php/Admin/Index/Js/transport.js
ERR: 非法操作:Js

[ 2016-06-23T19:34:45+08:00 ] ::1 /RNA/index.php/Admin/Index/Js/utils.js
ERR: 非法操作:Js

